<?xml version="1.0" encoding="UTF-8"?>
<testsuite xmlns:xsi="http://www.w3.org/2001/XMLSchema-instance" xsi:noNamespaceSchemaLocation="https://maven.apache.org/surefire/maven-surefire-plugin/xsd/surefire-test-report.xsd" version="3.0.2" name="studentplatform.student_platform.StudentPlatformApplicationTests" time="3.462" tests="2" errors="0" skipped="0" failures="0">
  <properties>
    <property name="java.specification.version" value="22"/>
    <property name="sun.jnu.encoding" value="UTF-8"/>
    <property name="java.class.path" value="/Users/heinhtetzaw/Documents/projects/git_project/student_platform/target/test-classes:/Users/heinhtetzaw/Documents/projects/git_project/student_platform/target/classes:/Users/heinhtetzaw/.m2/repository/org/springframework/boot/spring-boot-starter-web/3.5.4/spring-boot-starter-web-3.5.4.jar:/Users/heinhtetzaw/.m2/repository/org/springframework/boot/spring-boot-starter/3.5.4/spring-boot-starter-3.5.4.jar:/Users/heinhtetzaw/.m2/repository/org/springframework/boot/spring-boot/3.5.4/spring-boot-3.5.4.jar:/Users/heinhtetzaw/.m2/repository/org/springframework/boot/spring-boot-autoconfigure/3.5.4/spring-boot-autoconfigure-3.5.4.jar:/Users/heinhtetzaw/.m2/repository/org/springframework/boot/spring-boot-starter-logging/3.5.4/spring-boot-starter-logging-3.5.4.jar:/Users/heinhtetzaw/.m2/repository/ch/qos/logback/logback-classic/1.5.18/logback-classic-1.5.18.jar:/Users/heinhtetzaw/.m2/repository/ch/qos/logback/logback-core/1.5.18/logback-core-1.5.18.jar:/Users/heinhtetzaw/.m2/repository/org/apache/logging/log4j/log4j-to-slf4j/2.24.3/log4j-to-slf4j-2.24.3.jar:/Users/heinhtetzaw/.m2/repository/org/apache/logging/log4j/log4j-api/2.24.3/log4j-api-2.24.3.jar:/Users/heinhtetzaw/.m2/repository/org/slf4j/jul-to-slf4j/2.0.17/jul-to-slf4j-2.0.17.jar:/Users/heinhtetzaw/.m2/repository/org/yaml/snakeyaml/2.4/snakeyaml-2.4.jar:/Users/heinhtetzaw/.m2/repository/org/springframework/boot/spring-boot-starter-json/3.5.4/spring-boot-starter-json-3.5.4.jar:/Users/heinhtetzaw/.m2/repository/com/fasterxml/jackson/core/jackson-databind/2.19.2/jackson-databind-2.19.2.jar:/Users/heinhtetzaw/.m2/repository/com/fasterxml/jackson/core/jackson-annotations/2.19.2/jackson-annotations-2.19.2.jar:/Users/heinhtetzaw/.m2/repository/com/fasterxml/jackson/core/jackson-core/2.19.2/jackson-core-2.19.2.jar:/Users/heinhtetzaw/.m2/repository/com/fasterxml/jackson/datatype/jackson-datatype-jdk8/2.19.2/jackson-datatype-jdk8-2.19.2.jar:/Users/heinhtetzaw/.m2/repository/com/fasterxml/jackson/datatype/jackson-datatype-jsr310/2.19.2/jackson-datatype-jsr310-2.19.2.jar:/Users/heinhtetzaw/.m2/repository/com/fasterxml/jackson/module/jackson-module-parameter-names/2.19.2/jackson-module-parameter-names-2.19.2.jar:/Users/heinhtetzaw/.m2/repository/org/springframework/spring-web/6.2.9/spring-web-6.2.9.jar:/Users/heinhtetzaw/.m2/repository/org/springframework/spring-beans/6.2.9/spring-beans-6.2.9.jar:/Users/heinhtetzaw/.m2/repository/io/micrometer/micrometer-observation/1.15.2/micrometer-observation-1.15.2.jar:/Users/heinhtetzaw/.m2/repository/io/micrometer/micrometer-commons/1.15.2/micrometer-commons-1.15.2.jar:/Users/heinhtetzaw/.m2/repository/org/springframework/spring-webmvc/6.2.9/spring-webmvc-6.2.9.jar:/Users/heinhtetzaw/.m2/repository/org/springframework/spring-aop/6.2.9/spring-aop-6.2.9.jar:/Users/heinhtetzaw/.m2/repository/org/springframework/spring-context/6.2.9/spring-context-6.2.9.jar:/Users/heinhtetzaw/.m2/repository/org/springframework/spring-expression/6.2.9/spring-expression-6.2.9.jar:/Users/heinhtetzaw/.m2/repository/org/springframework/boot/spring-boot-starter-data-jpa/3.5.4/spring-boot-starter-data-jpa-3.5.4.jar:/Users/heinhtetzaw/.m2/repository/org/springframework/boot/spring-boot-starter-jdbc/3.5.4/spring-boot-starter-jdbc-3.5.4.jar:/Users/heinhtetzaw/.m2/repository/com/zaxxer/HikariCP/6.3.1/HikariCP-6.3.1.jar:/Users/heinhtetzaw/.m2/repository/org/springframework/spring-jdbc/6.2.9/spring-jdbc-6.2.9.jar:/Users/heinhtetzaw/.m2/repository/org/hibernate/orm/hibernate-core/6.6.22.Final/hibernate-core-6.6.22.Final.jar:/Users/heinhtetzaw/.m2/repository/jakarta/persistence/jakarta.persistence-api/3.1.0/jakarta.persistence-api-3.1.0.jar:/Users/heinhtetzaw/.m2/repository/jakarta/transaction/jakarta.transaction-api/2.0.1/jakarta.transaction-api-2.0.1.jar:/Users/heinhtetzaw/.m2/repository/org/jboss/logging/jboss-logging/3.6.1.Final/jboss-logging-3.6.1.Final.jar:/Users/heinhtetzaw/.m2/repository/org/hibernate/common/hibernate-commons-annotations/7.0.3.Final/hibernate-commons-annotations-7.0.3.Final.jar:/Users/heinhtetzaw/.m2/repository/io/smallrye/jandex/3.2.0/jandex-3.2.0.jar:/Users/heinhtetzaw/.m2/repository/com/fasterxml/classmate/1.7.0/classmate-1.7.0.jar:/Users/heinhtetzaw/.m2/repository/net/bytebuddy/byte-buddy/1.17.6/byte-buddy-1.17.6.jar:/Users/heinhtetzaw/.m2/repository/org/glassfish/jaxb/jaxb-runtime/4.0.5/jaxb-runtime-4.0.5.jar:/Users/heinhtetzaw/.m2/repository/org/glassfish/jaxb/jaxb-core/4.0.5/jaxb-core-4.0.5.jar:/Users/heinhtetzaw/.m2/repository/org/eclipse/angus/angus-activation/2.0.2/angus-activation-2.0.2.jar:/Users/heinhtetzaw/.m2/repository/org/glassfish/jaxb/txw2/4.0.5/txw2-4.0.5.jar:/Users/heinhtetzaw/.m2/repository/com/sun/istack/istack-commons-runtime/4.1.2/istack-commons-runtime-4.1.2.jar:/Users/heinhtetzaw/.m2/repository/jakarta/inject/jakarta.inject-api/2.0.1/jakarta.inject-api-2.0.1.jar:/Users/heinhtetzaw/.m2/repository/org/antlr/antlr4-runtime/4.13.0/antlr4-runtime-4.13.0.jar:/Users/heinhtetzaw/.m2/repository/org/springframework/data/spring-data-jpa/3.5.2/spring-data-jpa-3.5.2.jar:/Users/heinhtetzaw/.m2/repository/org/springframework/data/spring-data-commons/3.5.2/spring-data-commons-3.5.2.jar:/Users/heinhtetzaw/.m2/repository/org/springframework/spring-orm/6.2.9/spring-orm-6.2.9.jar:/Users/heinhtetzaw/.m2/repository/org/springframework/spring-tx/6.2.9/spring-tx-6.2.9.jar:/Users/heinhtetzaw/.m2/repository/org/slf4j/slf4j-api/2.0.17/slf4j-api-2.0.17.jar:/Users/heinhtetzaw/.m2/repository/org/springframework/spring-aspects/6.2.9/spring-aspects-6.2.9.jar:/Users/heinhtetzaw/.m2/repository/org/aspectj/aspectjweaver/1.9.24/aspectjweaver-1.9.24.jar:/Users/heinhtetzaw/.m2/repository/com/mysql/mysql-connector-j/9.3.0/mysql-connector-j-9.3.0.jar:/Users/heinhtetzaw/.m2/repository/org/springframework/boot/spring-boot-starter-validation/3.5.4/spring-boot-starter-validation-3.5.4.jar:/Users/heinhtetzaw/.m2/repository/org/apache/tomcat/embed/tomcat-embed-el/10.1.43/tomcat-embed-el-10.1.43.jar:/Users/heinhtetzaw/.m2/repository/org/hibernate/validator/hibernate-validator/8.0.2.Final/hibernate-validator-8.0.2.Final.jar:/Users/heinhtetzaw/.m2/repository/jakarta/validation/jakarta.validation-api/3.0.2/jakarta.validation-api-3.0.2.jar:/Users/heinhtetzaw/.m2/repository/org/projectlombok/lombok/1.18.38/lombok-1.18.38.jar:/Users/heinhtetzaw/.m2/repository/org/springframework/boot/spring-boot-starter-tomcat/3.5.4/spring-boot-starter-tomcat-3.5.4.jar:/Users/heinhtetzaw/.m2/repository/jakarta/annotation/jakarta.annotation-api/2.1.1/jakarta.annotation-api-2.1.1.jar:/Users/heinhtetzaw/.m2/repository/org/apache/tomcat/embed/tomcat-embed-core/10.1.43/tomcat-embed-core-10.1.43.jar:/Users/heinhtetzaw/.m2/repository/org/apache/tomcat/embed/tomcat-embed-websocket/10.1.43/tomcat-embed-websocket-10.1.43.jar:/Users/heinhtetzaw/.m2/repository/org/springframework/boot/spring-boot-starter-test/3.5.4/spring-boot-starter-test-3.5.4.jar:/Users/heinhtetzaw/.m2/repository/org/springframework/boot/spring-boot-test/3.5.4/spring-boot-test-3.5.4.jar:/Users/heinhtetzaw/.m2/repository/org/springframework/boot/spring-boot-test-autoconfigure/3.5.4/spring-boot-test-autoconfigure-3.5.4.jar:/Users/heinhtetzaw/.m2/repository/com/jayway/jsonpath/json-path/2.9.0/json-path-2.9.0.jar:/Users/heinhtetzaw/.m2/repository/jakarta/xml/bind/jakarta.xml.bind-api/4.0.2/jakarta.xml.bind-api-4.0.2.jar:/Users/heinhtetzaw/.m2/repository/jakarta/activation/jakarta.activation-api/2.1.3/jakarta.activation-api-2.1.3.jar:/Users/heinhtetzaw/.m2/repository/net/minidev/json-smart/2.5.2/json-smart-2.5.2.jar:/Users/heinhtetzaw/.m2/repository/net/minidev/accessors-smart/2.5.2/accessors-smart-2.5.2.jar:/Users/heinhtetzaw/.m2/repository/org/ow2/asm/asm/9.7.1/asm-9.7.1.jar:/Users/heinhtetzaw/.m2/repository/org/assertj/assertj-core/3.27.3/assertj-core-3.27.3.jar:/Users/heinhtetzaw/.m2/repository/org/awaitility/awaitility/4.2.2/awaitility-4.2.2.jar:/Users/heinhtetzaw/.m2/repository/org/hamcrest/hamcrest/3.0/hamcrest-3.0.jar:/Users/heinhtetzaw/.m2/repository/org/junit/jupiter/junit-jupiter/5.12.2/junit-jupiter-5.12.2.jar:/Users/heinhtetzaw/.m2/repository/org/junit/jupiter/junit-jupiter-api/5.12.2/junit-jupiter-api-5.12.2.jar:/Users/heinhtetzaw/.m2/repository/org/opentest4j/opentest4j/1.3.0/opentest4j-1.3.0.jar:/Users/heinhtetzaw/.m2/repository/org/junit/platform/junit-platform-commons/1.12.2/junit-platform-commons-1.12.2.jar:/Users/heinhtetzaw/.m2/repository/org/apiguardian/apiguardian-api/1.1.2/apiguardian-api-1.1.2.jar:/Users/heinhtetzaw/.m2/repository/org/junit/jupiter/junit-jupiter-params/5.12.2/junit-jupiter-params-5.12.2.jar:/Users/heinhtetzaw/.m2/repository/org/junit/jupiter/junit-jupiter-engine/5.12.2/junit-jupiter-engine-5.12.2.jar:/Users/heinhtetzaw/.m2/repository/org/junit/platform/junit-platform-engine/1.12.2/junit-platform-engine-1.12.2.jar:/Users/heinhtetzaw/.m2/repository/org/mockito/mockito-core/5.17.0/mockito-core-5.17.0.jar:/Users/heinhtetzaw/.m2/repository/net/bytebuddy/byte-buddy-agent/1.17.6/byte-buddy-agent-1.17.6.jar:/Users/heinhtetzaw/.m2/repository/org/objenesis/objenesis/3.3/objenesis-3.3.jar:/Users/heinhtetzaw/.m2/repository/org/mockito/mockito-junit-jupiter/5.17.0/mockito-junit-jupiter-5.17.0.jar:/Users/heinhtetzaw/.m2/repository/org/skyscreamer/jsonassert/1.5.3/jsonassert-1.5.3.jar:/Users/heinhtetzaw/.m2/repository/com/vaadin/external/google/android-json/0.0.20131108.vaadin1/android-json-0.0.20131108.vaadin1.jar:/Users/heinhtetzaw/.m2/repository/org/springframework/spring-core/6.2.9/spring-core-6.2.9.jar:/Users/heinhtetzaw/.m2/repository/org/springframework/spring-jcl/6.2.9/spring-jcl-6.2.9.jar:/Users/heinhtetzaw/.m2/repository/org/springframework/spring-test/6.2.9/spring-test-6.2.9.jar:/Users/heinhtetzaw/.m2/repository/org/xmlunit/xmlunit-core/2.10.3/xmlunit-core-2.10.3.jar:/Users/heinhtetzaw/.m2/repository/org/apache/tomcat/embed/tomcat-embed-jasper/10.1.43/tomcat-embed-jasper-10.1.43.jar:/Users/heinhtetzaw/.m2/repository/org/eclipse/jdt/ecj/3.33.0/ecj-3.33.0.jar:/Users/heinhtetzaw/.m2/repository/jakarta/servlet/jsp/jstl/jakarta.servlet.jsp.jstl-api/3.0.2/jakarta.servlet.jsp.jstl-api-3.0.2.jar:/Users/heinhtetzaw/.m2/repository/jakarta/servlet/jakarta.servlet-api/6.0.0/jakarta.servlet-api-6.0.0.jar:/Users/heinhtetzaw/.m2/repository/jakarta/el/jakarta.el-api/5.0.0/jakarta.el-api-5.0.0.jar:/Users/heinhtetzaw/.m2/repository/org/glassfish/web/jakarta.servlet.jsp.jstl/3.0.1/jakarta.servlet.jsp.jstl-3.0.1.jar:"/>
    <property name="java.vm.vendor" value="Oracle Corporation"/>
    <property name="sun.arch.data.model" value="64"/>
    <property name="java.vendor.url" value="https://java.oracle.com/"/>
    <property name="user.timezone" value="Asia/Yangon"/>
    <property name="org.jboss.logging.provider" value="slf4j"/>
    <property name="os.name" value="Mac OS X"/>
    <property name="java.vm.specification.version" value="22"/>
    <property name="APPLICATION_NAME" value="student-platform"/>
    <property name="sun.java.launcher" value="SUN_STANDARD"/>
    <property name="user.country" value="MM"/>
    <property name="sun.boot.library.path" value="/Library/Java/JavaVirtualMachines/jdk-22.jdk/Contents/Home/lib"/>
    <property name="sun.java.command" value="/Users/heinhtetzaw/Documents/projects/git_project/student_platform/target/surefire/surefirebooter-20250823210350501_3.jar /Users/heinhtetzaw/Documents/projects/git_project/student_platform/target/surefire 2025-08-23T21-03-50_455-jvmRun1 surefire-20250823210350501_1tmp surefire_0-20250823210350501_2tmp"/>
    <property name="http.nonProxyHosts" value="local|*.local|169.254/16|*.169.254/16"/>
    <property name="jdk.debug" value="release"/>
    <property name="surefire.test.class.path" value="/Users/heinhtetzaw/Documents/projects/git_project/student_platform/target/test-classes:/Users/heinhtetzaw/Documents/projects/git_project/student_platform/target/classes:/Users/heinhtetzaw/.m2/repository/org/springframework/boot/spring-boot-starter-web/3.5.4/spring-boot-starter-web-3.5.4.jar:/Users/heinhtetzaw/.m2/repository/org/springframework/boot/spring-boot-starter/3.5.4/spring-boot-starter-3.5.4.jar:/Users/heinhtetzaw/.m2/repository/org/springframework/boot/spring-boot/3.5.4/spring-boot-3.5.4.jar:/Users/heinhtetzaw/.m2/repository/org/springframework/boot/spring-boot-autoconfigure/3.5.4/spring-boot-autoconfigure-3.5.4.jar:/Users/heinhtetzaw/.m2/repository/org/springframework/boot/spring-boot-starter-logging/3.5.4/spring-boot-starter-logging-3.5.4.jar:/Users/heinhtetzaw/.m2/repository/ch/qos/logback/logback-classic/1.5.18/logback-classic-1.5.18.jar:/Users/heinhtetzaw/.m2/repository/ch/qos/logback/logback-core/1.5.18/logback-core-1.5.18.jar:/Users/heinhtetzaw/.m2/repository/org/apache/logging/log4j/log4j-to-slf4j/2.24.3/log4j-to-slf4j-2.24.3.jar:/Users/heinhtetzaw/.m2/repository/org/apache/logging/log4j/log4j-api/2.24.3/log4j-api-2.24.3.jar:/Users/heinhtetzaw/.m2/repository/org/slf4j/jul-to-slf4j/2.0.17/jul-to-slf4j-2.0.17.jar:/Users/heinhtetzaw/.m2/repository/org/yaml/snakeyaml/2.4/snakeyaml-2.4.jar:/Users/heinhtetzaw/.m2/repository/org/springframework/boot/spring-boot-starter-json/3.5.4/spring-boot-starter-json-3.5.4.jar:/Users/heinhtetzaw/.m2/repository/com/fasterxml/jackson/core/jackson-databind/2.19.2/jackson-databind-2.19.2.jar:/Users/heinhtetzaw/.m2/repository/com/fasterxml/jackson/core/jackson-annotations/2.19.2/jackson-annotations-2.19.2.jar:/Users/heinhtetzaw/.m2/repository/com/fasterxml/jackson/core/jackson-core/2.19.2/jackson-core-2.19.2.jar:/Users/heinhtetzaw/.m2/repository/com/fasterxml/jackson/datatype/jackson-datatype-jdk8/2.19.2/jackson-datatype-jdk8-2.19.2.jar:/Users/heinhtetzaw/.m2/repository/com/fasterxml/jackson/datatype/jackson-datatype-jsr310/2.19.2/jackson-datatype-jsr310-2.19.2.jar:/Users/heinhtetzaw/.m2/repository/com/fasterxml/jackson/module/jackson-module-parameter-names/2.19.2/jackson-module-parameter-names-2.19.2.jar:/Users/heinhtetzaw/.m2/repository/org/springframework/spring-web/6.2.9/spring-web-6.2.9.jar:/Users/heinhtetzaw/.m2/repository/org/springframework/spring-beans/6.2.9/spring-beans-6.2.9.jar:/Users/heinhtetzaw/.m2/repository/io/micrometer/micrometer-observation/1.15.2/micrometer-observation-1.15.2.jar:/Users/heinhtetzaw/.m2/repository/io/micrometer/micrometer-commons/1.15.2/micrometer-commons-1.15.2.jar:/Users/heinhtetzaw/.m2/repository/org/springframework/spring-webmvc/6.2.9/spring-webmvc-6.2.9.jar:/Users/heinhtetzaw/.m2/repository/org/springframework/spring-aop/6.2.9/spring-aop-6.2.9.jar:/Users/heinhtetzaw/.m2/repository/org/springframework/spring-context/6.2.9/spring-context-6.2.9.jar:/Users/heinhtetzaw/.m2/repository/org/springframework/spring-expression/6.2.9/spring-expression-6.2.9.jar:/Users/heinhtetzaw/.m2/repository/org/springframework/boot/spring-boot-starter-data-jpa/3.5.4/spring-boot-starter-data-jpa-3.5.4.jar:/Users/heinhtetzaw/.m2/repository/org/springframework/boot/spring-boot-starter-jdbc/3.5.4/spring-boot-starter-jdbc-3.5.4.jar:/Users/heinhtetzaw/.m2/repository/com/zaxxer/HikariCP/6.3.1/HikariCP-6.3.1.jar:/Users/heinhtetzaw/.m2/repository/org/springframework/spring-jdbc/6.2.9/spring-jdbc-6.2.9.jar:/Users/heinhtetzaw/.m2/repository/org/hibernate/orm/hibernate-core/6.6.22.Final/hibernate-core-6.6.22.Final.jar:/Users/heinhtetzaw/.m2/repository/jakarta/persistence/jakarta.persistence-api/3.1.0/jakarta.persistence-api-3.1.0.jar:/Users/heinhtetzaw/.m2/repository/jakarta/transaction/jakarta.transaction-api/2.0.1/jakarta.transaction-api-2.0.1.jar:/Users/heinhtetzaw/.m2/repository/org/jboss/logging/jboss-logging/3.6.1.Final/jboss-logging-3.6.1.Final.jar:/Users/heinhtetzaw/.m2/repository/org/hibernate/common/hibernate-commons-annotations/7.0.3.Final/hibernate-commons-annotations-7.0.3.Final.jar:/Users/heinhtetzaw/.m2/repository/io/smallrye/jandex/3.2.0/jandex-3.2.0.jar:/Users/heinhtetzaw/.m2/repository/com/fasterxml/classmate/1.7.0/classmate-1.7.0.jar:/Users/heinhtetzaw/.m2/repository/net/bytebuddy/byte-buddy/1.17.6/byte-buddy-1.17.6.jar:/Users/heinhtetzaw/.m2/repository/org/glassfish/jaxb/jaxb-runtime/4.0.5/jaxb-runtime-4.0.5.jar:/Users/heinhtetzaw/.m2/repository/org/glassfish/jaxb/jaxb-core/4.0.5/jaxb-core-4.0.5.jar:/Users/heinhtetzaw/.m2/repository/org/eclipse/angus/angus-activation/2.0.2/angus-activation-2.0.2.jar:/Users/heinhtetzaw/.m2/repository/org/glassfish/jaxb/txw2/4.0.5/txw2-4.0.5.jar:/Users/heinhtetzaw/.m2/repository/com/sun/istack/istack-commons-runtime/4.1.2/istack-commons-runtime-4.1.2.jar:/Users/heinhtetzaw/.m2/repository/jakarta/inject/jakarta.inject-api/2.0.1/jakarta.inject-api-2.0.1.jar:/Users/heinhtetzaw/.m2/repository/org/antlr/antlr4-runtime/4.13.0/antlr4-runtime-4.13.0.jar:/Users/heinhtetzaw/.m2/repository/org/springframework/data/spring-data-jpa/3.5.2/spring-data-jpa-3.5.2.jar:/Users/heinhtetzaw/.m2/repository/org/springframework/data/spring-data-commons/3.5.2/spring-data-commons-3.5.2.jar:/Users/heinhtetzaw/.m2/repository/org/springframework/spring-orm/6.2.9/spring-orm-6.2.9.jar:/Users/heinhtetzaw/.m2/repository/org/springframework/spring-tx/6.2.9/spring-tx-6.2.9.jar:/Users/heinhtetzaw/.m2/repository/org/slf4j/slf4j-api/2.0.17/slf4j-api-2.0.17.jar:/Users/heinhtetzaw/.m2/repository/org/springframework/spring-aspects/6.2.9/spring-aspects-6.2.9.jar:/Users/heinhtetzaw/.m2/repository/org/aspectj/aspectjweaver/1.9.24/aspectjweaver-1.9.24.jar:/Users/heinhtetzaw/.m2/repository/com/mysql/mysql-connector-j/9.3.0/mysql-connector-j-9.3.0.jar:/Users/heinhtetzaw/.m2/repository/org/springframework/boot/spring-boot-starter-validation/3.5.4/spring-boot-starter-validation-3.5.4.jar:/Users/heinhtetzaw/.m2/repository/org/apache/tomcat/embed/tomcat-embed-el/10.1.43/tomcat-embed-el-10.1.43.jar:/Users/heinhtetzaw/.m2/repository/org/hibernate/validator/hibernate-validator/8.0.2.Final/hibernate-validator-8.0.2.Final.jar:/Users/heinhtetzaw/.m2/repository/jakarta/validation/jakarta.validation-api/3.0.2/jakarta.validation-api-3.0.2.jar:/Users/heinhtetzaw/.m2/repository/org/projectlombok/lombok/1.18.38/lombok-1.18.38.jar:/Users/heinhtetzaw/.m2/repository/org/springframework/boot/spring-boot-starter-tomcat/3.5.4/spring-boot-starter-tomcat-3.5.4.jar:/Users/heinhtetzaw/.m2/repository/jakarta/annotation/jakarta.annotation-api/2.1.1/jakarta.annotation-api-2.1.1.jar:/Users/heinhtetzaw/.m2/repository/org/apache/tomcat/embed/tomcat-embed-core/10.1.43/tomcat-embed-core-10.1.43.jar:/Users/heinhtetzaw/.m2/repository/org/apache/tomcat/embed/tomcat-embed-websocket/10.1.43/tomcat-embed-websocket-10.1.43.jar:/Users/heinhtetzaw/.m2/repository/org/springframework/boot/spring-boot-starter-test/3.5.4/spring-boot-starter-test-3.5.4.jar:/Users/heinhtetzaw/.m2/repository/org/springframework/boot/spring-boot-test/3.5.4/spring-boot-test-3.5.4.jar:/Users/heinhtetzaw/.m2/repository/org/springframework/boot/spring-boot-test-autoconfigure/3.5.4/spring-boot-test-autoconfigure-3.5.4.jar:/Users/heinhtetzaw/.m2/repository/com/jayway/jsonpath/json-path/2.9.0/json-path-2.9.0.jar:/Users/heinhtetzaw/.m2/repository/jakarta/xml/bind/jakarta.xml.bind-api/4.0.2/jakarta.xml.bind-api-4.0.2.jar:/Users/heinhtetzaw/.m2/repository/jakarta/activation/jakarta.activation-api/2.1.3/jakarta.activation-api-2.1.3.jar:/Users/heinhtetzaw/.m2/repository/net/minidev/json-smart/2.5.2/json-smart-2.5.2.jar:/Users/heinhtetzaw/.m2/repository/net/minidev/accessors-smart/2.5.2/accessors-smart-2.5.2.jar:/Users/heinhtetzaw/.m2/repository/org/ow2/asm/asm/9.7.1/asm-9.7.1.jar:/Users/heinhtetzaw/.m2/repository/org/assertj/assertj-core/3.27.3/assertj-core-3.27.3.jar:/Users/heinhtetzaw/.m2/repository/org/awaitility/awaitility/4.2.2/awaitility-4.2.2.jar:/Users/heinhtetzaw/.m2/repository/org/hamcrest/hamcrest/3.0/hamcrest-3.0.jar:/Users/heinhtetzaw/.m2/repository/org/junit/jupiter/junit-jupiter/5.12.2/junit-jupiter-5.12.2.jar:/Users/heinhtetzaw/.m2/repository/org/junit/jupiter/junit-jupiter-api/5.12.2/junit-jupiter-api-5.12.2.jar:/Users/heinhtetzaw/.m2/repository/org/opentest4j/opentest4j/1.3.0/opentest4j-1.3.0.jar:/Users/heinhtetzaw/.m2/repository/org/junit/platform/junit-platform-commons/1.12.2/junit-platform-commons-1.12.2.jar:/Users/heinhtetzaw/.m2/repository/org/apiguardian/apiguardian-api/1.1.2/apiguardian-api-1.1.2.jar:/Users/heinhtetzaw/.m2/repository/org/junit/jupiter/junit-jupiter-params/5.12.2/junit-jupiter-params-5.12.2.jar:/Users/heinhtetzaw/.m2/repository/org/junit/jupiter/junit-jupiter-engine/5.12.2/junit-jupiter-engine-5.12.2.jar:/Users/heinhtetzaw/.m2/repository/org/junit/platform/junit-platform-engine/1.12.2/junit-platform-engine-1.12.2.jar:/Users/heinhtetzaw/.m2/repository/org/mockito/mockito-core/5.17.0/mockito-core-5.17.0.jar:/Users/heinhtetzaw/.m2/repository/net/bytebuddy/byte-buddy-agent/1.17.6/byte-buddy-agent-1.17.6.jar:/Users/heinhtetzaw/.m2/repository/org/objenesis/objenesis/3.3/objenesis-3.3.jar:/Users/heinhtetzaw/.m2/repository/org/mockito/mockito-junit-jupiter/5.17.0/mockito-junit-jupiter-5.17.0.jar:/Users/heinhtetzaw/.m2/repository/org/skyscreamer/jsonassert/1.5.3/jsonassert-1.5.3.jar:/Users/heinhtetzaw/.m2/repository/com/vaadin/external/google/android-json/0.0.20131108.vaadin1/android-json-0.0.20131108.vaadin1.jar:/Users/heinhtetzaw/.m2/repository/org/springframework/spring-core/6.2.9/spring-core-6.2.9.jar:/Users/heinhtetzaw/.m2/repository/org/springframework/spring-jcl/6.2.9/spring-jcl-6.2.9.jar:/Users/heinhtetzaw/.m2/repository/org/springframework/spring-test/6.2.9/spring-test-6.2.9.jar:/Users/heinhtetzaw/.m2/repository/org/xmlunit/xmlunit-core/2.10.3/xmlunit-core-2.10.3.jar:/Users/heinhtetzaw/.m2/repository/org/apache/tomcat/embed/tomcat-embed-jasper/10.1.43/tomcat-embed-jasper-10.1.43.jar:/Users/heinhtetzaw/.m2/repository/org/eclipse/jdt/ecj/3.33.0/ecj-3.33.0.jar:/Users/heinhtetzaw/.m2/repository/jakarta/servlet/jsp/jstl/jakarta.servlet.jsp.jstl-api/3.0.2/jakarta.servlet.jsp.jstl-api-3.0.2.jar:/Users/heinhtetzaw/.m2/repository/jakarta/servlet/jakarta.servlet-api/6.0.0/jakarta.servlet-api-6.0.0.jar:/Users/heinhtetzaw/.m2/repository/jakarta/el/jakarta.el-api/5.0.0/jakarta.el-api-5.0.0.jar:/Users/heinhtetzaw/.m2/repository/org/glassfish/web/jakarta.servlet.jsp.jstl/3.0.1/jakarta.servlet.jsp.jstl-3.0.1.jar:"/>
    <property name="sun.cpu.endian" value="little"/>
    <property name="user.home" value="/Users/heinhtetzaw"/>
    <property name="user.language" value="en"/>
    <property name="java.specification.vendor" value="Oracle Corporation"/>
    <property name="java.version.date" value="2024-04-16"/>
    <property name="java.home" value="/Library/Java/JavaVirtualMachines/jdk-22.jdk/Contents/Home"/>
    <property name="file.separator" value="/"/>
    <property name="basedir" value="/Users/heinhtetzaw/Documents/projects/git_project/student_platform"/>
    <property name="java.vm.compressedOopsMode" value="Zero based"/>
    <property name="line.separator" value="&#10;"/>
    <property name="java.vm.specification.vendor" value="Oracle Corporation"/>
    <property name="java.specification.name" value="Java Platform API Specification"/>
    <property name="FILE_LOG_CHARSET" value="UTF-8"/>
    <property name="java.awt.headless" value="true"/>
    <property name="apple.awt.application.name" value="ForkedBooter"/>
    <property name="surefire.real.class.path" value="/Users/heinhtetzaw/Documents/projects/git_project/student_platform/target/surefire/surefirebooter-20250823210350501_3.jar"/>
    <property name="sun.management.compiler" value="HotSpot 64-Bit Tiered Compilers"/>
    <property name="ftp.nonProxyHosts" value="local|*.local|169.254/16|*.169.254/16"/>
    <property name="java.runtime.version" value="22.0.1+8-16"/>
    <property name="user.name" value="heinhtetzaw"/>
    <property name="stdout.encoding" value="UTF-8"/>
    <property name="path.separator" value=":"/>
    <property name="os.version" value="15.6"/>
    <property name="java.runtime.name" value="Java(TM) SE Runtime Environment"/>
    <property name="file.encoding" value="UTF-8"/>
    <property name="java.vm.name" value="Java HotSpot(TM) 64-Bit Server VM"/>
    <property name="localRepository" value="/Users/heinhtetzaw/.m2/repository"/>
    <property name="java.vendor.url.bug" value="https://bugreport.java.com/bugreport/"/>
    <property name="java.io.tmpdir" value="/var/folders/6_/hjs7zhys4k33dn71rtz8sy6m0000gn/T/"/>
    <property name="com.zaxxer.hikari.pool_number" value="1"/>
    <property name="java.version" value="22.0.1"/>
    <property name="user.dir" value="/Users/heinhtetzaw/Documents/projects/git_project/student_platform"/>
    <property name="os.arch" value="aarch64"/>
    <property name="java.vm.specification.name" value="Java Virtual Machine Specification"/>
    <property name="PID" value="22317"/>
    <property name="CONSOLE_LOG_CHARSET" value="UTF-8"/>
    <property name="native.encoding" value="UTF-8"/>
    <property name="java.library.path" value="/Users/heinhtetzaw/Library/Java/Extensions:/Library/Java/Extensions:/Network/Library/Java/Extensions:/System/Library/Java/Extensions:/usr/lib/java:."/>
    <property name="java.vm.info" value="mixed mode, sharing"/>
    <property name="stderr.encoding" value="UTF-8"/>
    <property name="java.vendor" value="Oracle Corporation"/>
    <property name="java.vm.version" value="22.0.1+8-16"/>
    <property name="sun.io.unicode.encoding" value="UnicodeBig"/>
    <property name="socksNonProxyHosts" value="local|*.local|169.254/16|*.169.254/16"/>
    <property name="java.class.version" value="66.0"/>
    <property name="LOGGED_APPLICATION_NAME" value="[student-platform] "/>
  </properties>
  <testcase name="testDatabaseConnection" classname="studentplatform.student_platform.StudentPlatformApplicationTests" time="0.315">
    <system-out><![CDATA[21:03:50.923 [main] INFO org.springframework.test.context.support.AnnotationConfigContextLoaderUtils -- Could not detect default configuration classes for test class [studentplatform.student_platform.StudentPlatformApplicationTests]: StudentPlatformApplicationTests does not declare any static, non-private, non-final, nested classes annotated with @Configuration.
21:03:50.981 [main] INFO org.springframework.boot.test.context.SpringBootTestContextBootstrapper -- Found @SpringBootConfiguration studentplatform.student_platform.StudentPlatformApplication for test class studentplatform.student_platform.StudentPlatformApplicationTests

  .   ____          _            __ _ _
 /\\ / ___'_ __ _ _(_)_ __  __ _ \ \ \ \
( ( )\___ | '_ | '_| | '_ \/ _` | \ \ \ \
 \\/  ___)| |_)| | | | | || (_| |  ) ) ) )
  '  |____| .__|_| |_|_| |_\__, | / / / /
 =========|_|==============|___/=/_/_/_/

 :: Spring Boot ::                (v3.5.4)

2025-08-23T21:03:51.206+06:30  INFO 22317 --- [student-platform] [           main] s.s.StudentPlatformApplicationTests      : Starting StudentPlatformApplicationTests using Java 22.0.1 with PID 22317 (started by heinhtetzaw in /Users/heinhtetzaw/Documents/projects/git_project/student_platform)
2025-08-23T21:03:51.207+06:30  INFO 22317 --- [student-platform] [           main] s.s.StudentPlatformApplicationTests      : No active profile set, falling back to 1 default profile: "default"
2025-08-23T21:03:51.207+06:30 DEBUG 22317 --- [student-platform] [           main] o.s.boot.SpringApplication               : Loading source class studentplatform.student_platform.StudentPlatformApplication
2025-08-23T21:03:51.229+06:30 DEBUG 22317 --- [student-platform] [           main] o.s.w.c.s.GenericWebApplicationContext   : Refreshing org.springframework.web.context.support.GenericWebApplicationContext@60b85ba1
2025-08-23T21:03:51.248+06:30 DEBUG 22317 --- [student-platform] [           main] o.s.b.f.s.DefaultListableBeanFactory     : Creating shared instance of singleton bean 'org.springframework.context.annotation.internalConfigurationAnnotationProcessor'
2025-08-23T21:03:51.255+06:30 DEBUG 22317 --- [student-platform] [           main] o.s.b.f.s.DefaultListableBeanFactory     : Creating shared instance of singleton bean 'org.springframework.boot.autoconfigure.internalCachingMetadataReaderFactory'
2025-08-23T21:03:51.273+06:30 DEBUG 22317 --- [student-platform] [           main] o.s.c.a.ClassPathBeanDefinitionScanner   : Identified candidate component class: file [/Users/heinhtetzaw/Documents/projects/git_project/student_platform/target/classes/studentplatform/student_platform/config/AuthInterceptor.class]
2025-08-23T21:03:51.275+06:30 DEBUG 22317 --- [student-platform] [           main] o.s.c.a.ClassPathBeanDefinitionScanner   : Identified candidate component class: file [/Users/heinhtetzaw/Documents/projects/git_project/student_platform/target/classes/studentplatform/student_platform/config/DataInitializer.class]
2025-08-23T21:03:51.275+06:30 DEBUG 22317 --- [student-platform] [           main] o.s.c.a.ClassPathBeanDefinitionScanner   : Identified candidate component class: file [/Users/heinhtetzaw/Documents/projects/git_project/student_platform/target/classes/studentplatform/student_platform/config/LocalDateTimeConverter.class]
2025-08-23T21:03:51.275+06:30 DEBUG 22317 --- [student-platform] [           main] o.s.c.a.ClassPathBeanDefinitionScanner   : Identified candidate component class: file [/Users/heinhtetzaw/Documents/projects/git_project/student_platform/target/classes/studentplatform/student_platform/config/WebMvcConfig.class]
2025-08-23T21:03:51.282+06:30 DEBUG 22317 --- [student-platform] [           main] o.s.c.a.ClassPathBeanDefinitionScanner   : Identified candidate component class: file [/Users/heinhtetzaw/Documents/projects/git_project/student_platform/target/classes/studentplatform/student_platform/controller/PointController.class]
2025-08-23T21:03:51.282+06:30 DEBUG 22317 --- [student-platform] [           main] o.s.c.a.ClassPathBeanDefinitionScanner   : Identified candidate component class: file [/Users/heinhtetzaw/Documents/projects/git_project/student_platform/target/classes/studentplatform/student_platform/controller/RewardController.class]
2025-08-23T21:03:51.283+06:30 DEBUG 22317 --- [student-platform] [           main] o.s.c.a.ClassPathBeanDefinitionScanner   : Identified candidate component class: file [/Users/heinhtetzaw/Documents/projects/git_project/student_platform/target/classes/studentplatform/student_platform/controller/StaffController.class]
2025-08-23T21:03:51.283+06:30 DEBUG 22317 --- [student-platform] [           main] o.s.c.a.ClassPathBeanDefinitionScanner   : Identified candidate component class: file [/Users/heinhtetzaw/Documents/projects/git_project/student_platform/target/classes/studentplatform/student_platform/controller/StudentController.class]
2025-08-23T21:03:51.284+06:30 DEBUG 22317 --- [student-platform] [           main] o.s.c.a.ClassPathBeanDefinitionScanner   : Identified candidate component class: file [/Users/heinhtetzaw/Documents/projects/git_project/student_platform/target/classes/studentplatform/student_platform/controller/WebController.class]
2025-08-23T21:03:51.286+06:30 DEBUG 22317 --- [student-platform] [           main] o.s.c.a.ClassPathBeanDefinitionScanner   : Identified candidate component class: file [/Users/heinhtetzaw/Documents/projects/git_project/student_platform/target/classes/studentplatform/student_platform/exception/GlobalExceptionHandler.class]
2025-08-23T21:03:51.293+06:30 DEBUG 22317 --- [student-platform] [           main] o.s.c.a.ClassPathBeanDefinitionScanner   : Ignored because not a concrete top-level class: file [/Users/heinhtetzaw/Documents/projects/git_project/student_platform/target/classes/studentplatform/student_platform/repository/ClubParticipationRepository.class]
2025-08-23T21:03:51.293+06:30 DEBUG 22317 --- [student-platform] [           main] o.s.c.a.ClassPathBeanDefinitionScanner   : Ignored because not a concrete top-level class: file [/Users/heinhtetzaw/Documents/projects/git_project/student_platform/target/classes/studentplatform/student_platform/repository/ClubRepository.class]
2025-08-23T21:03:51.293+06:30 DEBUG 22317 --- [student-platform] [           main] o.s.c.a.ClassPathBeanDefinitionScanner   : Ignored because not a concrete top-level class: file [/Users/heinhtetzaw/Documents/projects/git_project/student_platform/target/classes/studentplatform/student_platform/repository/EventParticipationRepository.class]
2025-08-23T21:03:51.293+06:30 DEBUG 22317 --- [student-platform] [           main] o.s.c.a.ClassPathBeanDefinitionScanner   : Ignored because not a concrete top-level class: file [/Users/heinhtetzaw/Documents/projects/git_project/student_platform/target/classes/studentplatform/student_platform/repository/EventRepository.class]
2025-08-23T21:03:51.294+06:30 DEBUG 22317 --- [student-platform] [           main] o.s.c.a.ClassPathBeanDefinitionScanner   : Ignored because not a concrete top-level class: file [/Users/heinhtetzaw/Documents/projects/git_project/student_platform/target/classes/studentplatform/student_platform/repository/PointRepository.class]
2025-08-23T21:03:51.294+06:30 DEBUG 22317 --- [student-platform] [           main] o.s.c.a.ClassPathBeanDefinitionScanner   : Ignored because not a concrete top-level class: file [/Users/heinhtetzaw/Documents/projects/git_project/student_platform/target/classes/studentplatform/student_platform/repository/RewardRepository.class]
2025-08-23T21:03:51.294+06:30 DEBUG 22317 --- [student-platform] [           main] o.s.c.a.ClassPathBeanDefinitionScanner   : Ignored because not a concrete top-level class: file [/Users/heinhtetzaw/Documents/projects/git_project/student_platform/target/classes/studentplatform/student_platform/repository/StaffRepository.class]
2025-08-23T21:03:51.294+06:30 DEBUG 22317 --- [student-platform] [           main] o.s.c.a.ClassPathBeanDefinitionScanner   : Ignored because not a concrete top-level class: file [/Users/heinhtetzaw/Documents/projects/git_project/student_platform/target/classes/studentplatform/student_platform/repository/StudentRepository.class]
2025-08-23T21:03:51.295+06:30 DEBUG 22317 --- [student-platform] [           main] o.s.c.a.ClassPathBeanDefinitionScanner   : Identified candidate component class: file [/Users/heinhtetzaw/Documents/projects/git_project/student_platform/target/classes/studentplatform/student_platform/service/AdminService.class]
2025-08-23T21:03:51.295+06:30 DEBUG 22317 --- [student-platform] [           main] o.s.c.a.ClassPathBeanDefinitionScanner   : Identified candidate component class: file [/Users/heinhtetzaw/Documents/projects/git_project/student_platform/target/classes/studentplatform/student_platform/service/ClubService.class]
2025-08-23T21:03:51.295+06:30 DEBUG 22317 --- [student-platform] [           main] o.s.c.a.ClassPathBeanDefinitionScanner   : Identified candidate component class: file [/Users/heinhtetzaw/Documents/projects/git_project/student_platform/target/classes/studentplatform/student_platform/service/EventService.class]
2025-08-23T21:03:51.295+06:30 DEBUG 22317 --- [student-platform] [           main] o.s.c.a.ClassPathBeanDefinitionScanner   : Identified candidate component class: file [/Users/heinhtetzaw/Documents/projects/git_project/student_platform/target/classes/studentplatform/student_platform/service/PointService.class]
2025-08-23T21:03:51.296+06:30 DEBUG 22317 --- [student-platform] [           main] o.s.c.a.ClassPathBeanDefinitionScanner   : Identified candidate component class: file [/Users/heinhtetzaw/Documents/projects/git_project/student_platform/target/classes/studentplatform/student_platform/service/RewardService.class]
2025-08-23T21:03:51.296+06:30 DEBUG 22317 --- [student-platform] [           main] o.s.c.a.ClassPathBeanDefinitionScanner   : Identified candidate component class: file [/Users/heinhtetzaw/Documents/projects/git_project/student_platform/target/classes/studentplatform/student_platform/service/StaffService.class]
2025-08-23T21:03:51.296+06:30 DEBUG 22317 --- [student-platform] [           main] o.s.c.a.ClassPathBeanDefinitionScanner   : Identified candidate component class: file [/Users/heinhtetzaw/Documents/projects/git_project/student_platform/target/classes/studentplatform/student_platform/service/StudentService.class]
2025-08-23T21:03:51.566+06:30  INFO 22317 --- [student-platform] [           main] .s.d.r.c.RepositoryConfigurationDelegate : Bootstrapping Spring Data JPA repositories in DEFAULT mode.
2025-08-23T21:03:51.570+06:30 DEBUG 22317 --- [student-platform] [           main] o.s.b.f.s.DefaultListableBeanFactory     : Creating shared instance of singleton bean 'org.springframework.boot.autoconfigure.AutoConfigurationPackages'
2025-08-23T21:03:51.574+06:30 DEBUG 22317 --- [student-platform] [           main] o.s.b.a.AutoConfigurationPackages        : @EnableAutoConfiguration was declared on a class in the package 'studentplatform.student_platform'. Automatic @Repository and @Entity scanning is enabled.
2025-08-23T21:03:51.574+06:30 DEBUG 22317 --- [student-platform] [           main] .s.d.r.c.RepositoryConfigurationDelegate : Scanning for JPA repositories in packages studentplatform.student_platform.
2025-08-23T21:03:51.580+06:30 DEBUG 22317 --- [student-platform] [           main] o.s.d.r.c.RepositoryComponentProvider    : Identified candidate component class: file [/Users/heinhtetzaw/Documents/projects/git_project/student_platform/target/classes/studentplatform/student_platform/repository/AdminRepository.class]
2025-08-23T21:03:51.580+06:30 DEBUG 22317 --- [student-platform] [           main] o.s.d.r.c.RepositoryComponentProvider    : Identified candidate component class: file [/Users/heinhtetzaw/Documents/projects/git_project/student_platform/target/classes/studentplatform/student_platform/repository/ClubParticipationRepository.class]
2025-08-23T21:03:51.580+06:30 DEBUG 22317 --- [student-platform] [           main] o.s.d.r.c.RepositoryComponentProvider    : Identified candidate component class: file [/Users/heinhtetzaw/Documents/projects/git_project/student_platform/target/classes/studentplatform/student_platform/repository/ClubRepository.class]
2025-08-23T21:03:51.580+06:30 DEBUG 22317 --- [student-platform] [           main] o.s.d.r.c.RepositoryComponentProvider    : Identified candidate component class: file [/Users/heinhtetzaw/Documents/projects/git_project/student_platform/target/classes/studentplatform/student_platform/repository/EventParticipationRepository.class]
2025-08-23T21:03:51.580+06:30 DEBUG 22317 --- [student-platform] [           main] o.s.d.r.c.RepositoryComponentProvider    : Identified candidate component class: file [/Users/heinhtetzaw/Documents/projects/git_project/student_platform/target/classes/studentplatform/student_platform/repository/EventRepository.class]
2025-08-23T21:03:51.580+06:30 DEBUG 22317 --- [student-platform] [           main] o.s.d.r.c.RepositoryComponentProvider    : Identified candidate component class: file [/Users/heinhtetzaw/Documents/projects/git_project/student_platform/target/classes/studentplatform/student_platform/repository/PointRepository.class]
2025-08-23T21:03:51.580+06:30 DEBUG 22317 --- [student-platform] [           main] o.s.d.r.c.RepositoryComponentProvider    : Identified candidate component class: file [/Users/heinhtetzaw/Documents/projects/git_project/student_platform/target/classes/studentplatform/student_platform/repository/RewardRepository.class]
2025-08-23T21:03:51.581+06:30 DEBUG 22317 --- [student-platform] [           main] o.s.d.r.c.RepositoryComponentProvider    : Identified candidate component class: file [/Users/heinhtetzaw/Documents/projects/git_project/student_platform/target/classes/studentplatform/student_platform/repository/StaffRepository.class]
2025-08-23T21:03:51.581+06:30 DEBUG 22317 --- [student-platform] [           main] o.s.d.r.c.RepositoryComponentProvider    : Identified candidate component class: file [/Users/heinhtetzaw/Documents/projects/git_project/student_platform/target/classes/studentplatform/student_platform/repository/StudentRepository.class]
2025-08-23T21:03:51.602+06:30  INFO 22317 --- [student-platform] [           main] .s.d.r.c.RepositoryConfigurationDelegate : Finished Spring Data repository scanning in 27 ms. Found 9 JPA repository interfaces.
2025-08-23T21:03:51.685+06:30 DEBUG 22317 --- [student-platform] [           main] o.s.b.f.s.DefaultListableBeanFactory     : Creating shared instance of singleton bean 'propertySourcesPlaceholderConfigurer'
2025-08-23T21:03:51.688+06:30 DEBUG 22317 --- [student-platform] [           main] o.s.b.f.s.DefaultListableBeanFactory     : Creating shared instance of singleton bean 'org.springframework.boot.test.mock.mockito.MockitoPostProcessor'
2025-08-23T21:03:51.689+06:30 DEBUG 22317 --- [student-platform] [           main] o.s.b.f.s.DefaultListableBeanFactory     : Creating shared instance of singleton bean 'emBeanDefinitionRegistrarPostProcessor'
2025-08-23T21:03:51.689+06:30 DEBUG 22317 --- [student-platform] [           main] o.s.b.f.s.DefaultListableBeanFactory     : Creating shared instance of singleton bean 'org.springframework.boot.sql.init.dependency.DatabaseInitializationDependencyConfigurer$DependsOnDatabaseInitializationPostProcessor'
2025-08-23T21:03:51.708+06:30 DEBUG 22317 --- [student-platform] [           main] o.s.b.f.s.DefaultListableBeanFactory     : Creating shared instance of singleton bean 'org.springframework.context.event.internalEventListenerProcessor'
2025-08-23T21:03:51.709+06:30 DEBUG 22317 --- [student-platform] [           main] o.s.b.f.s.DefaultListableBeanFactory     : Creating shared instance of singleton bean 'bootstrapExecutorAliasPostProcessor'
2025-08-23T21:03:51.709+06:30 DEBUG 22317 --- [student-platform] [           main] o.s.b.f.s.DefaultListableBeanFactory     : Creating shared instance of singleton bean 'preserveErrorControllerTargetClassPostProcessor'
2025-08-23T21:03:51.709+06:30 DEBUG 22317 --- [student-platform] [           main] o.s.b.f.s.DefaultListableBeanFactory     : Creating shared instance of singleton bean 'org.springframework.context.event.internalEventListenerFactory'
2025-08-23T21:03:51.709+06:30 DEBUG 22317 --- [student-platform] [           main] o.s.b.f.s.DefaultListableBeanFactory     : Creating shared instance of singleton bean 'org.springframework.transaction.config.internalTransactionalEventListenerFactory'
2025-08-23T21:03:51.711+06:30 DEBUG 22317 --- [student-platform] [           main] o.s.b.f.s.DefaultListableBeanFactory     : Creating shared instance of singleton bean 'org.springframework.boot.test.mock.mockito.MockitoPostProcessor$SpyPostProcessor'
2025-08-23T21:03:51.711+06:30 DEBUG 22317 --- [student-platform] [           main] o.s.b.f.s.DefaultListableBeanFactory     : Creating shared instance of singleton bean 'org.springframework.context.annotation.internalAutowiredAnnotationProcessor'
2025-08-23T21:03:51.712+06:30 DEBUG 22317 --- [student-platform] [           main] o.s.b.f.s.DefaultListableBeanFactory     : Creating shared instance of singleton bean 'org.springframework.context.annotation.internalCommonAnnotationProcessor'
2025-08-23T21:03:51.713+06:30 DEBUG 22317 --- [student-platform] [           main] o.s.b.f.s.DefaultListableBeanFactory     : Creating shared instance of singleton bean 'org.springframework.context.annotation.internalPersistenceAnnotationProcessor'
2025-08-23T21:03:51.713+06:30 DEBUG 22317 --- [student-platform] [           main] o.s.b.f.s.DefaultListableBeanFactory     : Creating shared instance of singleton bean 'org.springframework.boot.context.properties.ConfigurationPropertiesBindingPostProcessor'
2025-08-23T21:03:51.713+06:30 DEBUG 22317 --- [student-platform] [           main] o.s.b.f.s.DefaultListableBeanFactory     : Creating shared instance of singleton bean 'org.springframework.boot.context.internalConfigurationPropertiesBinder'
2025-08-23T21:03:51.714+06:30 DEBUG 22317 --- [student-platform] [           main] o.s.b.f.s.DefaultListableBeanFactory     : Creating shared instance of singleton bean 'jdbcConnectionDetailsHikariBeanPostProcessor'
2025-08-23T21:03:51.716+06:30 DEBUG 22317 --- [student-platform] [           main] o.s.b.f.s.DefaultListableBeanFactory     : Creating shared instance of singleton bean 'methodValidationPostProcessor'
2025-08-23T21:03:51.717+06:30 DEBUG 22317 --- [student-platform] [           main] o.s.b.f.s.DefaultListableBeanFactory     : Autowiring by type from bean name 'methodValidationPostProcessor' via factory method to bean named 'environment'
2025-08-23T21:03:51.728+06:30 DEBUG 22317 --- [student-platform] [           main] o.s.b.f.s.DefaultListableBeanFactory     : Creating shared instance of singleton bean 'org.springframework.boot.context.properties.EnableConfigurationPropertiesRegistrar.methodValidationExcludeFilter'
2025-08-23T21:03:51.736+06:30 DEBUG 22317 --- [student-platform] [           main] o.s.b.f.s.DefaultListableBeanFactory     : Creating shared instance of singleton bean 'org.springframework.aop.config.internalAutoProxyCreator'
2025-08-23T21:03:51.745+06:30 DEBUG 22317 --- [student-platform] [           main] o.s.b.f.s.DefaultListableBeanFactory     : Creating shared instance of singleton bean 'persistenceExceptionTranslationPostProcessor'
2025-08-23T21:03:51.745+06:30 DEBUG 22317 --- [student-platform] [           main] o.s.b.f.s.DefaultListableBeanFactory     : Autowiring by type from bean name 'persistenceExceptionTranslationPostProcessor' via factory method to bean named 'environment'
2025-08-23T21:03:51.746+06:30 DEBUG 22317 --- [student-platform] [           main] o.s.b.f.s.DefaultListableBeanFactory     : Creating shared instance of singleton bean 'webServerFactoryCustomizerBeanPostProcessor'
2025-08-23T21:03:51.746+06:30 DEBUG 22317 --- [student-platform] [           main] o.s.b.f.s.DefaultListableBeanFactory     : Creating shared instance of singleton bean 'errorPageRegistrarBeanPostProcessor'
2025-08-23T21:03:51.747+06:30 DEBUG 22317 --- [student-platform] [           main] o.s.b.f.s.DefaultListableBeanFactory     : Creating shared instance of singleton bean 'projectingArgumentResolverBeanPostProcessor'
2025-08-23T21:03:51.747+06:30 DEBUG 22317 --- [student-platform] [           main] o.s.b.f.s.DefaultListableBeanFactory     : Creating shared instance of singleton bean 'org.springframework.transaction.config.internalTransactionAdvisor'
2025-08-23T21:03:51.748+06:30 DEBUG 22317 --- [student-platform] [           main] o.s.b.f.s.DefaultListableBeanFactory     : Creating shared instance of singleton bean 'org.springframework.transaction.annotation.ProxyTransactionManagementConfiguration'
2025-08-23T21:03:51.753+06:30 DEBUG 22317 --- [student-platform] [           main] o.s.b.f.s.DefaultListableBeanFactory     : Creating shared instance of singleton bean 'transactionAttributeSource'
2025-08-23T21:03:51.753+06:30 DEBUG 22317 --- [student-platform] [           main] o.s.b.f.s.DefaultListableBeanFactory     : Creating shared instance of singleton bean 'transactionInterceptor'
2025-08-23T21:03:51.754+06:30 DEBUG 22317 --- [student-platform] [           main] o.s.b.f.s.DefaultListableBeanFactory     : Autowiring by type from bean name 'transactionInterceptor' via factory method to bean named 'transactionAttributeSource'
2025-08-23T21:03:51.756+06:30 DEBUG 22317 --- [student-platform] [           main] o.s.b.f.s.DefaultListableBeanFactory     : Autowiring by type from bean name 'org.springframework.transaction.config.internalTransactionAdvisor' via factory method to bean named 'transactionAttributeSource'
2025-08-23T21:03:51.756+06:30 DEBUG 22317 --- [student-platform] [           main] o.s.b.f.s.DefaultListableBeanFactory     : Autowiring by type from bean name 'org.springframework.transaction.config.internalTransactionAdvisor' via factory method to bean named 'transactionInterceptor'
2025-08-23T21:03:51.771+06:30 DEBUG 22317 --- [student-platform] [           main] o.s.u.c.s.UiApplicationContextUtils      : Unable to locate ThemeSource with name 'themeSource': using default [org.springframework.ui.context.support.ResourceBundleThemeSource@2b916808]
2025-08-23T21:03:51.771+06:30 DEBUG 22317 --- [student-platform] [           main] o.s.b.f.s.DefaultListableBeanFactory     : Creating shared instance of singleton bean 'applicationTaskExecutor'
2025-08-23T21:03:51.772+06:30 DEBUG 22317 --- [student-platform] [           main] o.s.b.f.s.DefaultListableBeanFactory     : Creating shared instance of singleton bean 'org.springframework.boot.autoconfigure.task.TaskExecutorConfigurations$TaskExecutorConfiguration'
2025-08-23T21:03:51.772+06:30 DEBUG 22317 --- [student-platform] [           main] o.s.b.f.s.DefaultListableBeanFactory     : Creating shared instance of singleton bean 'threadPoolTaskExecutorBuilder'
2025-08-23T21:03:51.772+06:30 DEBUG 22317 --- [student-platform] [           main] o.s.b.f.s.DefaultListableBeanFactory     : Creating shared instance of singleton bean 'org.springframework.boot.autoconfigure.task.TaskExecutorConfigurations$ThreadPoolTaskExecutorBuilderConfiguration'
2025-08-23T21:03:51.773+06:30 DEBUG 22317 --- [student-platform] [           main] o.s.b.f.s.DefaultListableBeanFactory     : Creating shared instance of singleton bean 'spring.task.execution-org.springframework.boot.autoconfigure.task.TaskExecutionProperties'
2025-08-23T21:03:51.774+06:30 DEBUG 22317 --- [student-platform] [           main] o.s.b.f.s.DefaultListableBeanFactory     : Creating shared instance of singleton bean 'org.springframework.boot.context.properties.BoundConfigurationProperties'
2025-08-23T21:03:51.778+06:30 DEBUG 22317 --- [student-platform] [           main] o.s.b.f.s.DefaultListableBeanFactory     : Autowiring by type from bean name 'threadPoolTaskExecutorBuilder' via factory method to bean named 'spring.task.execution-org.springframework.boot.autoconfigure.task.TaskExecutionProperties'
2025-08-23T21:03:51.780+06:30 DEBUG 22317 --- [student-platform] [           main] o.s.b.f.s.DefaultListableBeanFactory     : Autowiring by type from bean name 'applicationTaskExecutor' via factory method to bean named 'threadPoolTaskExecutorBuilder'
2025-08-23T21:03:51.784+06:30 DEBUG 22317 --- [student-platform] [           main] o.s.s.concurrent.ThreadPoolTaskExecutor  : Initializing ExecutorService 'applicationTaskExecutor'
2025-08-23T21:03:51.787+06:30 DEBUG 22317 --- [student-platform] [           main] o.s.b.f.s.DefaultListableBeanFactory     : Creating shared instance of singleton bean 'org.springframework.test.context.support.internalDynamicPropertyRegistrarBeanInitializer'
2025-08-23T21:03:51.788+06:30 DEBUG 22317 --- [student-platform] [           main] o.s.b.f.s.DefaultListableBeanFactory     : Creating shared instance of singleton bean 'dataSourceScriptDatabaseInitializer'
2025-08-23T21:03:51.788+06:30 DEBUG 22317 --- [student-platform] [           main] o.s.b.f.s.DefaultListableBeanFactory     : Creating shared instance of singleton bean 'org.springframework.boot.autoconfigure.sql.init.DataSourceInitializationConfiguration'
2025-08-23T21:03:51.788+06:30 DEBUG 22317 --- [student-platform] [           main] o.s.b.f.s.DefaultListableBeanFactory     : Creating shared instance of singleton bean 'dataSource'
2025-08-23T21:03:51.788+06:30 DEBUG 22317 --- [student-platform] [           main] o.s.b.f.s.DefaultListableBeanFactory     : Creating shared instance of singleton bean 'org.springframework.boot.autoconfigure.jdbc.DataSourceConfiguration$Hikari'
2025-08-23T21:03:51.789+06:30 DEBUG 22317 --- [student-platform] [           main] o.s.b.f.s.DefaultListableBeanFactory     : Creating shared instance of singleton bean 'spring.datasource-org.springframework.boot.autoconfigure.jdbc.DataSourceProperties'
2025-08-23T21:03:51.793+06:30 DEBUG 22317 --- [student-platform] [           main] o.s.b.f.s.DefaultListableBeanFactory     : Creating shared instance of singleton bean 'jdbcConnectionDetails'
2025-08-23T21:03:51.793+06:30 DEBUG 22317 --- [student-platform] [           main] o.s.b.f.s.DefaultListableBeanFactory     : Creating shared instance of singleton bean 'org.springframework.boot.autoconfigure.jdbc.DataSourceAutoConfiguration$PooledDataSourceConfiguration'
2025-08-23T21:03:51.794+06:30 DEBUG 22317 --- [student-platform] [           main] o.s.b.f.s.DefaultListableBeanFactory     : Autowiring by type from bean name 'jdbcConnectionDetails' via factory method to bean named 'spring.datasource-org.springframework.boot.autoconfigure.jdbc.DataSourceProperties'
2025-08-23T21:03:51.794+06:30 DEBUG 22317 --- [student-platform] [           main] o.s.b.f.s.DefaultListableBeanFactory     : Autowiring by type from bean name 'dataSource' via factory method to bean named 'spring.datasource-org.springframework.boot.autoconfigure.jdbc.DataSourceProperties'
2025-08-23T21:03:51.794+06:30 DEBUG 22317 --- [student-platform] [           main] o.s.b.f.s.DefaultListableBeanFactory     : Autowiring by type from bean name 'dataSource' via factory method to bean named 'jdbcConnectionDetails'
2025-08-23T21:03:51.794+06:30 DEBUG 22317 --- [student-platform] [           main] o.s.b.f.s.DefaultListableBeanFactory     : Autowiring by type from bean name 'dataSource' via factory method to bean named 'environment'
2025-08-23T21:03:51.824+06:30 DEBUG 22317 --- [student-platform] [           main] o.s.b.f.s.DefaultListableBeanFactory     : Creating shared instance of singleton bean 'spring.sql.init-org.springframework.boot.autoconfigure.sql.init.SqlInitializationProperties'
2025-08-23T21:03:51.826+06:30 DEBUG 22317 --- [student-platform] [           main] o.s.b.f.s.DefaultListableBeanFactory     : Autowiring by type from bean name 'dataSourceScriptDatabaseInitializer' via factory method to bean named 'dataSource'
2025-08-23T21:03:51.826+06:30 DEBUG 22317 --- [student-platform] [           main] o.s.b.f.s.DefaultListableBeanFactory     : Autowiring by type from bean name 'dataSourceScriptDatabaseInitializer' via factory method to bean named 'spring.sql.init-org.springframework.boot.autoconfigure.sql.init.SqlInitializationProperties'
2025-08-23T21:03:51.828+06:30 DEBUG 22317 --- [student-platform] [           main] o.s.b.f.s.DefaultListableBeanFactory     : Creating shared instance of singleton bean 'entityManagerFactory'
2025-08-23T21:03:51.828+06:30 DEBUG 22317 --- [student-platform] [           main] o.s.b.f.s.DefaultListableBeanFactory     : Creating shared instance of singleton bean 'org.springframework.boot.autoconfigure.orm.jpa.HibernateJpaConfiguration'
2025-08-23T21:03:51.829+06:30 DEBUG 22317 --- [student-platform] [           main] o.s.b.f.s.DefaultListableBeanFactory     : Creating shared instance of singleton bean 'spring.jpa-org.springframework.boot.autoconfigure.orm.jpa.JpaProperties'
2025-08-23T21:03:51.831+06:30 DEBUG 22317 --- [student-platform] [           main] o.s.b.f.s.DefaultListableBeanFactory     : Creating shared instance of singleton bean 'spring.jpa.hibernate-org.springframework.boot.autoconfigure.orm.jpa.HibernateProperties'
2025-08-23T21:03:51.831+06:30 DEBUG 22317 --- [student-platform] [           main] o.s.b.f.s.DefaultListableBeanFactory     : Autowiring by type from bean name 'org.springframework.boot.autoconfigure.orm.jpa.HibernateJpaConfiguration' via constructor to bean named 'dataSource'
2025-08-23T21:03:51.831+06:30 DEBUG 22317 --- [student-platform] [           main] o.s.b.f.s.DefaultListableBeanFactory     : Autowiring by type from bean name 'org.springframework.boot.autoconfigure.orm.jpa.HibernateJpaConfiguration' via constructor to bean named 'spring.jpa-org.springframework.boot.autoconfigure.orm.jpa.JpaProperties'
2025-08-23T21:03:51.831+06:30 DEBUG 22317 --- [student-platform] [           main] o.s.b.f.s.DefaultListableBeanFactory     : Autowiring by type from bean name 'org.springframework.boot.autoconfigure.orm.jpa.HibernateJpaConfiguration' via constructor to bean named 'org.springframework.beans.factory.support.DefaultListableBeanFactory@7a94b64e'
2025-08-23T21:03:51.832+06:30 DEBUG 22317 --- [student-platform] [           main] o.s.b.f.s.DefaultListableBeanFactory     : Autowiring by type from bean name 'org.springframework.boot.autoconfigure.orm.jpa.HibernateJpaConfiguration' via constructor to bean named 'spring.jpa.hibernate-org.springframework.boot.autoconfigure.orm.jpa.HibernateProperties'
2025-08-23T21:03:51.833+06:30 DEBUG 22317 --- [student-platform] [           main] o.s.b.f.s.DefaultListableBeanFactory     : Creating shared instance of singleton bean 'hikariPoolDataSourceMetadataProvider'
2025-08-23T21:03:51.834+06:30 DEBUG 22317 --- [student-platform] [           main] o.s.b.f.s.DefaultListableBeanFactory     : Creating shared instance of singleton bean 'org.springframework.boot.autoconfigure.jdbc.metadata.DataSourcePoolMetadataProvidersConfiguration$HikariPoolDataSourceMetadataProviderConfiguration'
2025-08-23T21:03:51.843+06:30 DEBUG 22317 --- [student-platform] [           main] o.s.b.f.s.DefaultListableBeanFactory     : Creating shared instance of singleton bean 'entityManagerFactoryBuilder'
2025-08-23T21:03:51.845+06:30 DEBUG 22317 --- [student-platform] [           main] o.s.b.f.s.DefaultListableBeanFactory     : Creating shared instance of singleton bean 'jpaVendorAdapter'
2025-08-23T21:03:51.857+06:30 DEBUG 22317 --- [student-platform] [           main] o.s.b.f.s.DefaultListableBeanFactory     : Autowiring by type from bean name 'entityManagerFactoryBuilder' via factory method to bean named 'jpaVendorAdapter'
2025-08-23T21:03:51.859+06:30 DEBUG 22317 --- [student-platform] [           main] o.s.b.f.s.DefaultListableBeanFactory     : Creating shared instance of singleton bean 'persistenceManagedTypes'
2025-08-23T21:03:51.859+06:30 DEBUG 22317 --- [student-platform] [           main] o.s.b.f.s.DefaultListableBeanFactory     : Autowiring by type from bean name 'persistenceManagedTypes' via factory method to bean named 'org.springframework.beans.factory.support.DefaultListableBeanFactory@7a94b64e'
2025-08-23T21:03:51.859+06:30 DEBUG 22317 --- [student-platform] [           main] o.s.b.f.s.DefaultListableBeanFactory     : Autowiring by type from bean name 'persistenceManagedTypes' via factory method to bean named 'org.springframework.web.context.support.GenericWebApplicationContext@60b85ba1'
2025-08-23T21:03:51.864+06:30 DEBUG 22317 --- [student-platform] [           main] o.s.b.f.s.DefaultListableBeanFactory     : Autowiring by type from bean name 'entityManagerFactory' via factory method to bean named 'entityManagerFactoryBuilder'
2025-08-23T21:03:51.864+06:30 DEBUG 22317 --- [student-platform] [           main] o.s.b.f.s.DefaultListableBeanFactory     : Autowiring by type from bean name 'entityManagerFactory' via factory method to bean named 'persistenceManagedTypes'
2025-08-23T21:03:51.872+06:30 DEBUG 22317 --- [student-platform] [           main] j.LocalContainerEntityManagerFactoryBean : Building JPA container EntityManagerFactory for persistence unit 'default'
2025-08-23T21:03:51.882+06:30  INFO 22317 --- [student-platform] [           main] o.hibernate.jpa.internal.util.LogHelper  : HHH000204: Processing PersistenceUnitInfo [name: default]
2025-08-23T21:03:51.910+06:30  INFO 22317 --- [student-platform] [           main] org.hibernate.Version                    : HHH000412: Hibernate ORM core version 6.6.22.Final
2025-08-23T21:03:51.926+06:30  INFO 22317 --- [student-platform] [           main] o.h.c.internal.RegionFactoryInitiator    : HHH000026: Second-level cache disabled
2025-08-23T21:03:52.060+06:30  INFO 22317 --- [student-platform] [           main] o.s.o.j.p.SpringPersistenceUnitInfo      : No LoadTimeWeaver setup: ignoring JPA class transformer
2025-08-23T21:03:52.075+06:30  INFO 22317 --- [student-platform] [           main] com.zaxxer.hikari.HikariDataSource       : HikariPool-1 - Starting...
2025-08-23T21:03:52.178+06:30  INFO 22317 --- [student-platform] [           main] com.zaxxer.hikari.pool.HikariPool        : HikariPool-1 - Added connection com.mysql.cj.jdbc.ConnectionImpl@7c226095
2025-08-23T21:03:52.179+06:30  INFO 22317 --- [student-platform] [           main] com.zaxxer.hikari.HikariDataSource       : HikariPool-1 - Start completed.
2025-08-23T21:03:52.199+06:30  WARN 22317 --- [student-platform] [           main] org.hibernate.dialect.Dialect            : HHH000511: The 5.5.5 version for [org.hibernate.dialect.MySQLDialect] is no longer supported, hence certain features may not work properly. The minimum supported version is 8.0.0. Check the community dialects project for available legacy versions.
2025-08-23T21:03:52.202+06:30  WARN 22317 --- [student-platform] [           main] org.hibernate.orm.deprecation            : HHH90000025: MySQLDialect does not need to be specified explicitly using 'hibernate.dialect' (remove the property setting and it will be selected by default)
2025-08-23T21:03:52.209+06:30  INFO 22317 --- [student-platform] [           main] org.hibernate.orm.connections.pooling    : HHH10001005: Database info:
	Database JDBC URL [Connecting through datasource 'HikariDataSource (HikariPool-1)']
	Database driver: undefined/unknown
	Database version: 5.5.5
	Autocommit mode: undefined/unknown
	Isolation level: undefined/unknown
	Minimum pool size: undefined/unknown
	Maximum pool size: undefined/unknown
2025-08-23T21:03:52.733+06:30  INFO 22317 --- [student-platform] [           main] o.h.e.t.j.p.i.JtaPlatformInitiator       : HHH000489: No JTA platform available (set 'hibernate.transaction.jta.platform' to enable JTA platform integration)
2025-08-23T21:03:52.860+06:30  INFO 22317 --- [student-platform] [           main] j.LocalContainerEntityManagerFactoryBean : Initialized JPA EntityManagerFactory for persistence unit 'default'
2025-08-23T21:03:52.863+06:30 DEBUG 22317 --- [student-platform] [           main] o.s.b.f.s.DefaultListableBeanFactory     : Creating shared instance of singleton bean 'studentPlatformApplication'
2025-08-23T21:03:52.863+06:30 DEBUG 22317 --- [student-platform] [           main] o.s.b.f.s.DefaultListableBeanFactory     : Creating shared instance of singleton bean 'authInterceptor'
2025-08-23T21:03:52.864+06:30 DEBUG 22317 --- [student-platform] [           main] o.s.b.f.s.DefaultListableBeanFactory     : Creating shared instance of singleton bean 'dataInitializer'
2025-08-23T21:03:52.864+06:30 DEBUG 22317 --- [student-platform] [           main] o.s.b.f.s.DefaultListableBeanFactory     : Creating shared instance of singleton bean 'adminRepository'
2025-08-23T21:03:52.868+06:30 DEBUG 22317 --- [student-platform] [           main] o.s.b.f.s.DefaultListableBeanFactory     : Creating shared instance of singleton bean 'jpa.named-queries#0'
2025-08-23T21:03:52.869+06:30 DEBUG 22317 --- [student-platform] [           main] o.s.b.f.s.DefaultListableBeanFactory     : Creating shared instance of singleton bean 'jpa.AdminRepository.fragments#0'
2025-08-23T21:03:52.871+06:30 DEBUG 22317 --- [student-platform] [           main] o.s.b.f.s.DefaultListableBeanFactory     : Creating shared instance of singleton bean 'jpaSharedEM_entityManagerFactory'
2025-08-23T21:03:52.884+06:30 DEBUG 22317 --- [student-platform] [           main] o.s.b.f.s.DefaultListableBeanFactory     : Creating shared instance of singleton bean 'jpaMappingContext'
2025-08-23T21:03:52.884+06:30 DEBUG 22317 --- [student-platform] [           main] .c.JpaMetamodelMappingContextFactoryBean : Initializing JpaMetamodelMappingContext…
2025-08-23T21:03:52.891+06:30 DEBUG 22317 --- [student-platform] [           main] .c.JpaMetamodelMappingContextFactoryBean : Finished initializing JpaMetamodelMappingContext
2025-08-23T21:03:52.916+06:30 DEBUG 22317 --- [student-platform] [           main] o.s.d.r.c.s.RepositoryFactorySupport     : Initializing repository instance for studentplatform.student_platform.repository.AdminRepository…
2025-08-23T21:03:52.938+06:30 DEBUG 22317 --- [student-platform] [           main] o.s.d.jpa.repository.query.NamedQuery    : Looking up named query 'Admin.findByUsername'
2025-08-23T21:03:52.956+06:30 DEBUG 22317 --- [student-platform] [           main] o.s.d.jpa.repository.query.NamedQuery    : Did not find named query Admin.findByUsername
2025-08-23T21:03:52.978+06:30 DEBUG 22317 --- [student-platform] [           main] o.s.d.jpa.repository.query.NamedQuery    : Looking up named query 'Admin.findByAdminId'
2025-08-23T21:03:52.978+06:30 DEBUG 22317 --- [student-platform] [           main] o.s.d.jpa.repository.query.NamedQuery    : Did not find named query Admin.findByAdminId
2025-08-23T21:03:52.979+06:30 DEBUG 22317 --- [student-platform] [           main] o.s.d.jpa.repository.query.NamedQuery    : Looking up named query 'Admin.findByEmail'
2025-08-23T21:03:52.979+06:30 DEBUG 22317 --- [student-platform] [           main] o.s.d.jpa.repository.query.NamedQuery    : Did not find named query Admin.findByEmail
2025-08-23T21:03:52.981+06:30 DEBUG 22317 --- [student-platform] [           main] o.s.d.r.c.s.RepositoryFactorySupport     : Finished creation of repository instance for studentplatform.student_platform.repository.AdminRepository.
2025-08-23T21:03:52.983+06:30 DEBUG 22317 --- [student-platform] [           main] o.s.b.f.s.DefaultListableBeanFactory     : Creating shared instance of singleton bean 'studentService'
2025-08-23T21:03:52.983+06:30 DEBUG 22317 --- [student-platform] [           main] o.s.b.f.s.DefaultListableBeanFactory     : Creating shared instance of singleton bean 'studentRepository'
2025-08-23T21:03:52.984+06:30 DEBUG 22317 --- [student-platform] [           main] o.s.b.f.s.DefaultListableBeanFactory     : Creating shared instance of singleton bean 'jpa.named-queries#4'
2025-08-23T21:03:52.984+06:30 DEBUG 22317 --- [student-platform] [           main] o.s.b.f.s.DefaultListableBeanFactory     : Creating shared instance of singleton bean 'jpa.StudentRepository.fragments#0'
2025-08-23T21:03:52.993+06:30 DEBUG 22317 --- [student-platform] [           main] o.s.d.r.c.s.RepositoryFactorySupport     : Initializing repository instance for studentplatform.student_platform.repository.StudentRepository…
2025-08-23T21:03:52.995+06:30 DEBUG 22317 --- [student-platform] [           main] o.s.d.jpa.repository.query.NamedQuery    : Looking up named query 'Student.findByStudentId'
2025-08-23T21:03:52.995+06:30 DEBUG 22317 --- [student-platform] [           main] o.s.d.jpa.repository.query.NamedQuery    : Did not find named query Student.findByStudentId
2025-08-23T21:03:52.996+06:30 DEBUG 22317 --- [student-platform] [           main] o.s.d.jpa.repository.query.NamedQuery    : Looking up named query 'Student.findByDepartment'
2025-08-23T21:03:52.996+06:30 DEBUG 22317 --- [student-platform] [           main] o.s.d.jpa.repository.query.NamedQuery    : Did not find named query Student.findByDepartment
2025-08-23T21:03:52.996+06:30 DEBUG 22317 --- [student-platform] [           main] o.s.d.jpa.repository.query.NamedQuery    : Looking up named query 'Student.findByStatus'
2025-08-23T21:03:52.996+06:30 DEBUG 22317 --- [student-platform] [           main] o.s.d.jpa.repository.query.NamedQuery    : Did not find named query Student.findByStatus
2025-08-23T21:03:52.997+06:30 DEBUG 22317 --- [student-platform] [           main] o.s.d.jpa.repository.query.NamedQuery    : Looking up named query 'Student.findByUsername'
2025-08-23T21:03:52.997+06:30 DEBUG 22317 --- [student-platform] [           main] o.s.d.jpa.repository.query.NamedQuery    : Did not find named query Student.findByUsername
2025-08-23T21:03:52.999+06:30 DEBUG 22317 --- [student-platform] [           main] o.s.d.jpa.repository.query.NamedQuery    : Did not find named query Student.searchByName.count
2025-08-23T21:03:53.004+06:30  INFO 22317 --- [student-platform] [           main] o.s.d.j.r.query.QueryEnhancerFactory     : Hibernate is in classpath; If applicable, HQL parser will be used.
2025-08-23T21:03:53.317+06:30 DEBUG 22317 --- [student-platform] [           main] o.s.d.jpa.repository.query.NamedQuery    : Looking up named query 'Student.findByYear'
2025-08-23T21:03:53.317+06:30 DEBUG 22317 --- [student-platform] [           main] o.s.d.jpa.repository.query.NamedQuery    : Did not find named query Student.findByYear
2025-08-23T21:03:53.317+06:30 DEBUG 22317 --- [student-platform] [           main] o.s.d.jpa.repository.query.NamedQuery    : Looking up named query 'Student.findByEmail'
2025-08-23T21:03:53.317+06:30 DEBUG 22317 --- [student-platform] [           main] o.s.d.jpa.repository.query.NamedQuery    : Did not find named query Student.findByEmail
2025-08-23T21:03:53.319+06:30 DEBUG 22317 --- [student-platform] [           main] o.s.d.r.c.s.RepositoryFactorySupport     : Finished creation of repository instance for studentplatform.student_platform.repository.StudentRepository.
2025-08-23T21:03:53.320+06:30 DEBUG 22317 --- [student-platform] [           main] o.s.b.f.s.DefaultListableBeanFactory     : Autowiring by type from bean name 'studentService' via constructor to bean named 'studentRepository'
2025-08-23T21:03:53.320+06:30 DEBUG 22317 --- [student-platform] [           main] o.s.b.f.s.DefaultListableBeanFactory     : Autowiring by type from bean name 'dataInitializer' via constructor to bean named 'adminRepository'
2025-08-23T21:03:53.320+06:30 DEBUG 22317 --- [student-platform] [           main] o.s.b.f.s.DefaultListableBeanFactory     : Autowiring by type from bean name 'dataInitializer' via constructor to bean named 'studentService'
2025-08-23T21:03:53.321+06:30 DEBUG 22317 --- [student-platform] [           main] o.s.b.f.s.DefaultListableBeanFactory     : Creating shared instance of singleton bean 'localDateTimeConverter'
2025-08-23T21:03:53.321+06:30 DEBUG 22317 --- [student-platform] [           main] o.s.b.f.s.DefaultListableBeanFactory     : Creating shared instance of singleton bean 'webMvcConfig'
2025-08-23T21:03:53.322+06:30 DEBUG 22317 --- [student-platform] [           main] o.s.b.f.s.DefaultListableBeanFactory     : Creating shared instance of singleton bean 'pointController'
2025-08-23T21:03:53.323+06:30 DEBUG 22317 --- [student-platform] [           main] o.s.b.f.s.DefaultListableBeanFactory     : Creating shared instance of singleton bean 'pointService'
2025-08-23T21:03:53.324+06:30 DEBUG 22317 --- [student-platform] [           main] o.s.b.f.s.DefaultListableBeanFactory     : Creating shared instance of singleton bean 'pointRepository'
2025-08-23T21:03:53.324+06:30 DEBUG 22317 --- [student-platform] [           main] o.s.b.f.s.DefaultListableBeanFactory     : Creating shared instance of singleton bean 'jpa.named-queries#8'
2025-08-23T21:03:53.325+06:30 DEBUG 22317 --- [student-platform] [           main] o.s.b.f.s.DefaultListableBeanFactory     : Creating shared instance of singleton bean 'jpa.PointRepository.fragments#0'
2025-08-23T21:03:53.325+06:30 DEBUG 22317 --- [student-platform] [           main] o.s.d.r.c.s.RepositoryFactorySupport     : Initializing repository instance for studentplatform.student_platform.repository.PointRepository…
2025-08-23T21:03:53.327+06:30 DEBUG 22317 --- [student-platform] [           main] o.s.d.jpa.repository.query.NamedQuery    : Looking up named query 'Point.findByIssuedAtBetween'
2025-08-23T21:03:53.327+06:30 DEBUG 22317 --- [student-platform] [           main] o.s.d.jpa.repository.query.NamedQuery    : Did not find named query Point.findByIssuedAtBetween
2025-08-23T21:03:53.328+06:30 DEBUG 22317 --- [student-platform] [           main] o.s.d.jpa.repository.query.NamedQuery    : Did not find named query Point.searchPoints.count
2025-08-23T21:03:53.587+06:30 DEBUG 22317 --- [student-platform] [           main] o.s.d.jpa.repository.query.NamedQuery    : Looking up named query 'Point.findByStudent'
2025-08-23T21:03:53.588+06:30 DEBUG 22317 --- [student-platform] [           main] o.s.d.jpa.repository.query.NamedQuery    : Did not find named query Point.findByStudent
2025-08-23T21:03:53.588+06:30 DEBUG 22317 --- [student-platform] [           main] o.s.d.jpa.repository.query.NamedQuery    : Looking up named query 'Point.findByReward'
2025-08-23T21:03:53.588+06:30 DEBUG 22317 --- [student-platform] [           main] o.s.d.jpa.repository.query.NamedQuery    : Did not find named query Point.findByReward
2025-08-23T21:03:53.589+06:30 DEBUG 22317 --- [student-platform] [           main] o.s.d.jpa.repository.query.NamedQuery    : Looking up named query 'Point.findByIssuedBy'
2025-08-23T21:03:53.589+06:30 DEBUG 22317 --- [student-platform] [           main] o.s.d.jpa.repository.query.NamedQuery    : Did not find named query Point.findByIssuedBy
2025-08-23T21:03:53.589+06:30 DEBUG 22317 --- [student-platform] [           main] o.s.d.jpa.repository.query.NamedQuery    : Did not find named query Point.getTotalPointsByStudentId.count
2025-08-23T21:03:53.602+06:30 DEBUG 22317 --- [student-platform] [           main] o.s.d.jpa.repository.query.NamedQuery    : Did not find named query Point.findRecentPointsByStudentId.count
2025-08-23T21:03:53.607+06:30 DEBUG 22317 --- [student-platform] [           main] o.s.d.r.c.s.RepositoryFactorySupport     : Finished creation of repository instance for studentplatform.student_platform.repository.PointRepository.
2025-08-23T21:03:53.607+06:30 DEBUG 22317 --- [student-platform] [           main] o.s.b.f.s.DefaultListableBeanFactory     : Autowiring by type from bean name 'pointService' via constructor to bean named 'pointRepository'
2025-08-23T21:03:53.608+06:30 DEBUG 22317 --- [student-platform] [           main] o.s.b.f.s.DefaultListableBeanFactory     : Creating shared instance of singleton bean 'rewardService'
2025-08-23T21:03:53.608+06:30 DEBUG 22317 --- [student-platform] [           main] o.s.b.f.s.DefaultListableBeanFactory     : Creating shared instance of singleton bean 'rewardRepository'
2025-08-23T21:03:53.609+06:30 DEBUG 22317 --- [student-platform] [           main] o.s.b.f.s.DefaultListableBeanFactory     : Creating shared instance of singleton bean 'jpa.named-queries#3'
2025-08-23T21:03:53.609+06:30 DEBUG 22317 --- [student-platform] [           main] o.s.b.f.s.DefaultListableBeanFactory     : Creating shared instance of singleton bean 'jpa.RewardRepository.fragments#0'
2025-08-23T21:03:53.610+06:30 DEBUG 22317 --- [student-platform] [           main] o.s.d.r.c.s.RepositoryFactorySupport     : Initializing repository instance for studentplatform.student_platform.repository.RewardRepository…
2025-08-23T21:03:53.611+06:30 DEBUG 22317 --- [student-platform] [           main] o.s.d.jpa.repository.query.NamedQuery    : Did not find named query Reward.searchByKeyword.count
2025-08-23T21:03:53.612+06:30 DEBUG 22317 --- [student-platform] [           main] o.s.d.jpa.repository.query.NamedQuery    : Looking up named query 'Reward.findByIssuedBy'
2025-08-23T21:03:53.612+06:30 DEBUG 22317 --- [student-platform] [           main] o.s.d.jpa.repository.query.NamedQuery    : Did not find named query Reward.findByIssuedBy
2025-08-23T21:03:53.613+06:30 DEBUG 22317 --- [student-platform] [           main] o.s.d.jpa.repository.query.NamedQuery    : Looking up named query 'Reward.findByPointValueLessThanEqual'
2025-08-23T21:03:53.613+06:30 DEBUG 22317 --- [student-platform] [           main] o.s.d.jpa.repository.query.NamedQuery    : Did not find named query Reward.findByPointValueLessThanEqual
2025-08-23T21:03:53.613+06:30 DEBUG 22317 --- [student-platform] [           main] o.s.d.jpa.repository.query.NamedQuery    : Looking up named query 'Reward.findByPointValueGreaterThanEqual'
2025-08-23T21:03:53.613+06:30 DEBUG 22317 --- [student-platform] [           main] o.s.d.jpa.repository.query.NamedQuery    : Did not find named query Reward.findByPointValueGreaterThanEqual
2025-08-23T21:03:53.614+06:30 DEBUG 22317 --- [student-platform] [           main] o.s.d.jpa.repository.query.NamedQuery    : Looking up named query 'Reward.findByName'
2025-08-23T21:03:53.614+06:30 DEBUG 22317 --- [student-platform] [           main] o.s.d.jpa.repository.query.NamedQuery    : Did not find named query Reward.findByName
2025-08-23T21:03:53.616+06:30 DEBUG 22317 --- [student-platform] [           main] o.s.d.r.c.s.RepositoryFactorySupport     : Finished creation of repository instance for studentplatform.student_platform.repository.RewardRepository.
2025-08-23T21:03:53.616+06:30 DEBUG 22317 --- [student-platform] [           main] o.s.b.f.s.DefaultListableBeanFactory     : Autowiring by type from bean name 'rewardService' via constructor to bean named 'rewardRepository'
2025-08-23T21:03:53.616+06:30 DEBUG 22317 --- [student-platform] [           main] o.s.b.f.s.DefaultListableBeanFactory     : Creating shared instance of singleton bean 'staffService'
2025-08-23T21:03:53.617+06:30 DEBUG 22317 --- [student-platform] [           main] o.s.b.f.s.DefaultListableBeanFactory     : Creating shared instance of singleton bean 'staffRepository'
2025-08-23T21:03:53.617+06:30 DEBUG 22317 --- [student-platform] [           main] o.s.b.f.s.DefaultListableBeanFactory     : Creating shared instance of singleton bean 'jpa.named-queries#2'
2025-08-23T21:03:53.618+06:30 DEBUG 22317 --- [student-platform] [           main] o.s.b.f.s.DefaultListableBeanFactory     : Creating shared instance of singleton bean 'jpa.StaffRepository.fragments#0'
2025-08-23T21:03:53.618+06:30 DEBUG 22317 --- [student-platform] [           main] o.s.d.r.c.s.RepositoryFactorySupport     : Initializing repository instance for studentplatform.student_platform.repository.StaffRepository…
2025-08-23T21:03:53.619+06:30 DEBUG 22317 --- [student-platform] [           main] o.s.d.jpa.repository.query.NamedQuery    : Looking up named query 'Staff.findByDepartment'
2025-08-23T21:03:53.620+06:30 DEBUG 22317 --- [student-platform] [           main] o.s.d.jpa.repository.query.NamedQuery    : Did not find named query Staff.findByDepartment
2025-08-23T21:03:53.620+06:30 DEBUG 22317 --- [student-platform] [           main] o.s.d.jpa.repository.query.NamedQuery    : Looking up named query 'Staff.findByStatus'
2025-08-23T21:03:53.620+06:30 DEBUG 22317 --- [student-platform] [           main] o.s.d.jpa.repository.query.NamedQuery    : Did not find named query Staff.findByStatus
2025-08-23T21:03:53.621+06:30 DEBUG 22317 --- [student-platform] [           main] o.s.d.jpa.repository.query.NamedQuery    : Looking up named query 'Staff.findByUsername'
2025-08-23T21:03:53.621+06:30 DEBUG 22317 --- [student-platform] [           main] o.s.d.jpa.repository.query.NamedQuery    : Did not find named query Staff.findByUsername
2025-08-23T21:03:53.621+06:30 DEBUG 22317 --- [student-platform] [           main] o.s.d.jpa.repository.query.NamedQuery    : Looking up named query 'Staff.findByStaffId'
2025-08-23T21:03:53.621+06:30 DEBUG 22317 --- [student-platform] [           main] o.s.d.jpa.repository.query.NamedQuery    : Did not find named query Staff.findByStaffId
2025-08-23T21:03:53.622+06:30 DEBUG 22317 --- [student-platform] [           main] o.s.d.jpa.repository.query.NamedQuery    : Looking up named query 'Staff.findByPosition'
2025-08-23T21:03:53.622+06:30 DEBUG 22317 --- [student-platform] [           main] o.s.d.jpa.repository.query.NamedQuery    : Did not find named query Staff.findByPosition
2025-08-23T21:03:53.622+06:30 DEBUG 22317 --- [student-platform] [           main] o.s.d.jpa.repository.query.NamedQuery    : Did not find named query Staff.searchByName.count
2025-08-23T21:03:53.624+06:30 DEBUG 22317 --- [student-platform] [           main] o.s.d.jpa.repository.query.NamedQuery    : Looking up named query 'Staff.findByEmail'
2025-08-23T21:03:53.624+06:30 DEBUG 22317 --- [student-platform] [           main] o.s.d.jpa.repository.query.NamedQuery    : Did not find named query Staff.findByEmail
2025-08-23T21:03:53.625+06:30 DEBUG 22317 --- [student-platform] [           main] o.s.d.r.c.s.RepositoryFactorySupport     : Finished creation of repository instance for studentplatform.student_platform.repository.StaffRepository.
2025-08-23T21:03:53.626+06:30 DEBUG 22317 --- [student-platform] [           main] o.s.b.f.s.DefaultListableBeanFactory     : Autowiring by type from bean name 'staffService' via constructor to bean named 'staffRepository'
2025-08-23T21:03:53.626+06:30 DEBUG 22317 --- [student-platform] [           main] o.s.b.f.s.DefaultListableBeanFactory     : Autowiring by type from bean name 'staffService' via constructor to bean named 'studentService'
2025-08-23T21:03:53.627+06:30 DEBUG 22317 --- [student-platform] [           main] o.s.b.f.s.DefaultListableBeanFactory     : Autowiring by type from bean name 'pointController' via constructor to bean named 'pointService'
2025-08-23T21:03:53.627+06:30 DEBUG 22317 --- [student-platform] [           main] o.s.b.f.s.DefaultListableBeanFactory     : Autowiring by type from bean name 'pointController' via constructor to bean named 'studentService'
2025-08-23T21:03:53.627+06:30 DEBUG 22317 --- [student-platform] [           main] o.s.b.f.s.DefaultListableBeanFactory     : Autowiring by type from bean name 'pointController' via constructor to bean named 'rewardService'
2025-08-23T21:03:53.627+06:30 DEBUG 22317 --- [student-platform] [           main] o.s.b.f.s.DefaultListableBeanFactory     : Autowiring by type from bean name 'pointController' via constructor to bean named 'staffService'
2025-08-23T21:03:53.628+06:30 DEBUG 22317 --- [student-platform] [           main] o.s.b.f.s.DefaultListableBeanFactory     : Creating shared instance of singleton bean 'rewardController'
2025-08-23T21:03:53.628+06:30 DEBUG 22317 --- [student-platform] [           main] o.s.b.f.s.DefaultListableBeanFactory     : Autowiring by type from bean name 'rewardController' via constructor to bean named 'rewardService'
2025-08-23T21:03:53.628+06:30 DEBUG 22317 --- [student-platform] [           main] o.s.b.f.s.DefaultListableBeanFactory     : Autowiring by type from bean name 'rewardController' via constructor to bean named 'staffService'
2025-08-23T21:03:53.628+06:30 DEBUG 22317 --- [student-platform] [           main] o.s.b.f.s.DefaultListableBeanFactory     : Creating shared instance of singleton bean 'staffController'
2025-08-23T21:03:53.629+06:30 DEBUG 22317 --- [student-platform] [           main] o.s.b.f.s.DefaultListableBeanFactory     : Autowiring by type from bean name 'staffController' via constructor to bean named 'staffService'
2025-08-23T21:03:53.629+06:30 DEBUG 22317 --- [student-platform] [           main] o.s.b.f.s.DefaultListableBeanFactory     : Creating shared instance of singleton bean 'studentController'
2025-08-23T21:03:53.629+06:30 DEBUG 22317 --- [student-platform] [           main] o.s.b.f.s.DefaultListableBeanFactory     : Autowiring by type from bean name 'studentController' via constructor to bean named 'studentService'
2025-08-23T21:03:53.629+06:30 DEBUG 22317 --- [student-platform] [           main] o.s.b.f.s.DefaultListableBeanFactory     : Creating shared instance of singleton bean 'webController'
2025-08-23T21:03:53.630+06:30 DEBUG 22317 --- [student-platform] [           main] o.s.b.f.s.DefaultListableBeanFactory     : Creating shared instance of singleton bean 'adminService'
2025-08-23T21:03:53.630+06:30 DEBUG 22317 --- [student-platform] [           main] o.s.b.f.s.DefaultListableBeanFactory     : Creating shared instance of singleton bean 'clubService'
2025-08-23T21:03:53.631+06:30 DEBUG 22317 --- [student-platform] [           main] o.s.b.f.s.DefaultListableBeanFactory     : Creating shared instance of singleton bean 'clubRepository'
2025-08-23T21:03:53.631+06:30 DEBUG 22317 --- [student-platform] [           main] o.s.b.f.s.DefaultListableBeanFactory     : Creating shared instance of singleton bean 'jpa.named-queries#1'
2025-08-23T21:03:53.631+06:30 DEBUG 22317 --- [student-platform] [           main] o.s.b.f.s.DefaultListableBeanFactory     : Creating shared instance of singleton bean 'jpa.ClubRepository.fragments#0'
2025-08-23T21:03:53.637+06:30 DEBUG 22317 --- [student-platform] [           main] o.s.d.r.c.s.RepositoryFactorySupport     : Initializing repository instance for studentplatform.student_platform.repository.ClubRepository…
2025-08-23T21:03:53.638+06:30 DEBUG 22317 --- [student-platform] [           main] o.s.d.jpa.repository.query.NamedQuery    : Looking up named query 'Club.findByCreatedBy'
2025-08-23T21:03:53.638+06:30 DEBUG 22317 --- [student-platform] [           main] o.s.d.jpa.repository.query.NamedQuery    : Did not find named query Club.findByCreatedBy
2025-08-23T21:03:53.639+06:30 DEBUG 22317 --- [student-platform] [           main] o.s.d.jpa.repository.query.NamedQuery    : Did not find named query Club.searchByKeyword.count
2025-08-23T21:03:53.640+06:30 DEBUG 22317 --- [student-platform] [           main] o.s.d.jpa.repository.query.NamedQuery    : Looking up named query 'Club.findByName'
2025-08-23T21:03:53.640+06:30 DEBUG 22317 --- [student-platform] [           main] o.s.d.jpa.repository.query.NamedQuery    : Did not find named query Club.findByName
2025-08-23T21:03:53.643+06:30 DEBUG 22317 --- [student-platform] [           main] o.s.d.r.c.s.RepositoryFactorySupport     : Finished creation of repository instance for studentplatform.student_platform.repository.ClubRepository.
2025-08-23T21:03:53.644+06:30 DEBUG 22317 --- [student-platform] [           main] o.s.b.f.s.DefaultListableBeanFactory     : Creating shared instance of singleton bean 'clubParticipationRepository'
2025-08-23T21:03:53.645+06:30 DEBUG 22317 --- [student-platform] [           main] o.s.b.f.s.DefaultListableBeanFactory     : Creating shared instance of singleton bean 'jpa.named-queries#6'
2025-08-23T21:03:53.645+06:30 DEBUG 22317 --- [student-platform] [           main] o.s.b.f.s.DefaultListableBeanFactory     : Creating shared instance of singleton bean 'jpa.ClubParticipationRepository.fragments#0'
2025-08-23T21:03:53.646+06:30 DEBUG 22317 --- [student-platform] [           main] o.s.d.r.c.s.RepositoryFactorySupport     : Initializing repository instance for studentplatform.student_platform.repository.ClubParticipationRepository…
2025-08-23T21:03:53.647+06:30 DEBUG 22317 --- [student-platform] [           main] o.s.d.jpa.repository.query.NamedQuery    : Looking up named query 'ClubParticipation.findByStudentAndClub'
2025-08-23T21:03:53.647+06:30 DEBUG 22317 --- [student-platform] [           main] o.s.d.jpa.repository.query.NamedQuery    : Did not find named query ClubParticipation.findByStudentAndClub
2025-08-23T21:03:53.648+06:30 DEBUG 22317 --- [student-platform] [           main] o.s.d.jpa.repository.query.NamedQuery    : Looking up named query 'ClubParticipation.findByClubAndStatus'
2025-08-23T21:03:53.648+06:30 DEBUG 22317 --- [student-platform] [           main] o.s.d.jpa.repository.query.NamedQuery    : Did not find named query ClubParticipation.findByClubAndStatus
2025-08-23T21:03:53.648+06:30 DEBUG 22317 --- [student-platform] [           main] o.s.d.jpa.repository.query.NamedQuery    : Looking up named query 'ClubParticipation.findByStudentAndStatus'
2025-08-23T21:03:53.649+06:30 DEBUG 22317 --- [student-platform] [           main] o.s.d.jpa.repository.query.NamedQuery    : Did not find named query ClubParticipation.findByStudentAndStatus
2025-08-23T21:03:53.649+06:30 DEBUG 22317 --- [student-platform] [           main] o.s.d.jpa.repository.query.NamedQuery    : Looking up named query 'ClubParticipation.findByClub'
2025-08-23T21:03:53.649+06:30 DEBUG 22317 --- [student-platform] [           main] o.s.d.jpa.repository.query.NamedQuery    : Did not find named query ClubParticipation.findByClub
2025-08-23T21:03:53.650+06:30 DEBUG 22317 --- [student-platform] [           main] o.s.d.jpa.repository.query.NamedQuery    : Looking up named query 'ClubParticipation.findByStatus'
2025-08-23T21:03:53.650+06:30 DEBUG 22317 --- [student-platform] [           main] o.s.d.jpa.repository.query.NamedQuery    : Did not find named query ClubParticipation.findByStatus
2025-08-23T21:03:53.650+06:30 DEBUG 22317 --- [student-platform] [           main] o.s.d.jpa.repository.query.NamedQuery    : Looking up named query 'ClubParticipation.findByStudent'
2025-08-23T21:03:53.650+06:30 DEBUG 22317 --- [student-platform] [           main] o.s.d.jpa.repository.query.NamedQuery    : Did not find named query ClubParticipation.findByStudent
2025-08-23T21:03:53.651+06:30 DEBUG 22317 --- [student-platform] [           main] o.s.d.jpa.repository.query.NamedQuery    : Did not find named query ClubParticipation.findApprovedParticipationsWithoutPoints.count
2025-08-23T21:03:53.660+06:30 DEBUG 22317 --- [student-platform] [           main] o.s.d.r.c.s.RepositoryFactorySupport     : Finished creation of repository instance for studentplatform.student_platform.repository.ClubParticipationRepository.
2025-08-23T21:03:53.660+06:30 DEBUG 22317 --- [student-platform] [           main] o.s.b.f.s.DefaultListableBeanFactory     : Autowiring by type from bean name 'clubService' via constructor to bean named 'clubRepository'
2025-08-23T21:03:53.660+06:30 DEBUG 22317 --- [student-platform] [           main] o.s.b.f.s.DefaultListableBeanFactory     : Autowiring by type from bean name 'clubService' via constructor to bean named 'clubParticipationRepository'
2025-08-23T21:03:53.661+06:30 DEBUG 22317 --- [student-platform] [           main] o.s.b.f.s.DefaultListableBeanFactory     : Autowiring by type from bean name 'clubService' via constructor to bean named 'pointService'
2025-08-23T21:03:53.661+06:30 DEBUG 22317 --- [student-platform] [           main] o.s.b.f.s.DefaultListableBeanFactory     : Creating shared instance of singleton bean 'eventService'
2025-08-23T21:03:53.661+06:30 DEBUG 22317 --- [student-platform] [           main] o.s.b.f.s.DefaultListableBeanFactory     : Creating shared instance of singleton bean 'eventRepository'
2025-08-23T21:03:53.662+06:30 DEBUG 22317 --- [student-platform] [           main] o.s.b.f.s.DefaultListableBeanFactory     : Creating shared instance of singleton bean 'jpa.named-queries#7'
2025-08-23T21:03:53.662+06:30 DEBUG 22317 --- [student-platform] [           main] o.s.b.f.s.DefaultListableBeanFactory     : Creating shared instance of singleton bean 'jpa.EventRepository.fragments#0'
2025-08-23T21:03:53.666+06:30 DEBUG 22317 --- [student-platform] [           main] o.s.d.r.c.s.RepositoryFactorySupport     : Initializing repository instance for studentplatform.student_platform.repository.EventRepository…
2025-08-23T21:03:53.667+06:30 DEBUG 22317 --- [student-platform] [           main] o.s.d.jpa.repository.query.NamedQuery    : Looking up named query 'Event.findByStartTimeAfter'
2025-08-23T21:03:53.667+06:30 DEBUG 22317 --- [student-platform] [           main] o.s.d.jpa.repository.query.NamedQuery    : Did not find named query Event.findByStartTimeAfter
2025-08-23T21:03:53.668+06:30 DEBUG 22317 --- [student-platform] [           main] o.s.d.jpa.repository.query.NamedQuery    : Looking up named query 'Event.findByEndTimeBefore'
2025-08-23T21:03:53.668+06:30 DEBUG 22317 --- [student-platform] [           main] o.s.d.jpa.repository.query.NamedQuery    : Did not find named query Event.findByEndTimeBefore
2025-08-23T21:03:53.668+06:30 DEBUG 22317 --- [student-platform] [           main] o.s.d.jpa.repository.query.NamedQuery    : Looking up named query 'Event.findByStartTimeBetween'
2025-08-23T21:03:53.669+06:30 DEBUG 22317 --- [student-platform] [           main] o.s.d.jpa.repository.query.NamedQuery    : Did not find named query Event.findByStartTimeBetween
2025-08-23T21:03:53.669+06:30 DEBUG 22317 --- [student-platform] [           main] o.s.d.jpa.repository.query.NamedQuery    : Looking up named query 'Event.findByCreatedBy'
2025-08-23T21:03:53.669+06:30 DEBUG 22317 --- [student-platform] [           main] o.s.d.jpa.repository.query.NamedQuery    : Did not find named query Event.findByCreatedBy
2025-08-23T21:03:53.670+06:30 DEBUG 22317 --- [student-platform] [           main] o.s.d.jpa.repository.query.NamedQuery    : Did not find named query Event.searchByKeyword.count
2025-08-23T21:03:53.672+06:30 DEBUG 22317 --- [student-platform] [           main] o.s.d.jpa.repository.query.NamedQuery    : Looking up named query 'Event.findByName'
2025-08-23T21:03:53.672+06:30 DEBUG 22317 --- [student-platform] [           main] o.s.d.jpa.repository.query.NamedQuery    : Did not find named query Event.findByName
2025-08-23T21:03:53.674+06:30 DEBUG 22317 --- [student-platform] [           main] o.s.d.r.c.s.RepositoryFactorySupport     : Finished creation of repository instance for studentplatform.student_platform.repository.EventRepository.
2025-08-23T21:03:53.674+06:30 DEBUG 22317 --- [student-platform] [           main] o.s.b.f.s.DefaultListableBeanFactory     : Creating shared instance of singleton bean 'eventParticipationRepository'
2025-08-23T21:03:53.675+06:30 DEBUG 22317 --- [student-platform] [           main] o.s.b.f.s.DefaultListableBeanFactory     : Creating shared instance of singleton bean 'jpa.named-queries#5'
2025-08-23T21:03:53.675+06:30 DEBUG 22317 --- [student-platform] [           main] o.s.b.f.s.DefaultListableBeanFactory     : Creating shared instance of singleton bean 'jpa.EventParticipationRepository.fragments#0'
2025-08-23T21:03:53.676+06:30 DEBUG 22317 --- [student-platform] [           main] o.s.d.r.c.s.RepositoryFactorySupport     : Initializing repository instance for studentplatform.student_platform.repository.EventParticipationRepository…
2025-08-23T21:03:53.677+06:30 DEBUG 22317 --- [student-platform] [           main] o.s.d.jpa.repository.query.NamedQuery    : Looking up named query 'EventParticipation.findByStudentAndStatus'
2025-08-23T21:03:53.678+06:30 DEBUG 22317 --- [student-platform] [           main] o.s.d.jpa.repository.query.NamedQuery    : Did not find named query EventParticipation.findByStudentAndStatus
2025-08-23T21:03:53.678+06:30 DEBUG 22317 --- [student-platform] [           main] o.s.d.jpa.repository.query.NamedQuery    : Looking up named query 'EventParticipation.findByStudentAndEvent'
2025-08-23T21:03:53.678+06:30 DEBUG 22317 --- [student-platform] [           main] o.s.d.jpa.repository.query.NamedQuery    : Did not find named query EventParticipation.findByStudentAndEvent
2025-08-23T21:03:53.679+06:30 DEBUG 22317 --- [student-platform] [           main] o.s.d.jpa.repository.query.NamedQuery    : Looking up named query 'EventParticipation.findByEventAndStatus'
2025-08-23T21:03:53.679+06:30 DEBUG 22317 --- [student-platform] [           main] o.s.d.jpa.repository.query.NamedQuery    : Did not find named query EventParticipation.findByEventAndStatus
2025-08-23T21:03:53.679+06:30 DEBUG 22317 --- [student-platform] [           main] o.s.d.jpa.repository.query.NamedQuery    : Looking up named query 'EventParticipation.findByEvent'
2025-08-23T21:03:53.679+06:30 DEBUG 22317 --- [student-platform] [           main] o.s.d.jpa.repository.query.NamedQuery    : Did not find named query EventParticipation.findByEvent
2025-08-23T21:03:53.680+06:30 DEBUG 22317 --- [student-platform] [           main] o.s.d.jpa.repository.query.NamedQuery    : Looking up named query 'EventParticipation.findByStatus'
2025-08-23T21:03:53.680+06:30 DEBUG 22317 --- [student-platform] [           main] o.s.d.jpa.repository.query.NamedQuery    : Did not find named query EventParticipation.findByStatus
2025-08-23T21:03:53.681+06:30 DEBUG 22317 --- [student-platform] [           main] o.s.d.jpa.repository.query.NamedQuery    : Looking up named query 'EventParticipation.findByStudent'
2025-08-23T21:03:53.681+06:30 DEBUG 22317 --- [student-platform] [           main] o.s.d.jpa.repository.query.NamedQuery    : Did not find named query EventParticipation.findByStudent
2025-08-23T21:03:53.681+06:30 DEBUG 22317 --- [student-platform] [           main] o.s.d.jpa.repository.query.NamedQuery    : Did not find named query EventParticipation.findApprovedParticipationsWithoutPoints.count
2025-08-23T21:03:53.683+06:30 DEBUG 22317 --- [student-platform] [           main] o.s.d.r.c.s.RepositoryFactorySupport     : Finished creation of repository instance for studentplatform.student_platform.repository.EventParticipationRepository.
2025-08-23T21:03:53.684+06:30 DEBUG 22317 --- [student-platform] [           main] o.s.b.f.s.DefaultListableBeanFactory     : Autowiring by type from bean name 'eventService' via constructor to bean named 'eventRepository'
2025-08-23T21:03:53.684+06:30 DEBUG 22317 --- [student-platform] [           main] o.s.b.f.s.DefaultListableBeanFactory     : Autowiring by type from bean name 'eventService' via constructor to bean named 'eventParticipationRepository'
2025-08-23T21:03:53.684+06:30 DEBUG 22317 --- [student-platform] [           main] o.s.b.f.s.DefaultListableBeanFactory     : Autowiring by type from bean name 'eventService' via constructor to bean named 'pointService'
2025-08-23T21:03:53.685+06:30 DEBUG 22317 --- [student-platform] [           main] o.s.b.f.s.DefaultListableBeanFactory     : Autowiring by type from bean name 'webController' via constructor to bean named 'studentService'
2025-08-23T21:03:53.685+06:30 DEBUG 22317 --- [student-platform] [           main] o.s.b.f.s.DefaultListableBeanFactory     : Autowiring by type from bean name 'webController' via constructor to bean named 'staffService'
2025-08-23T21:03:53.685+06:30 DEBUG 22317 --- [student-platform] [           main] o.s.b.f.s.DefaultListableBeanFactory     : Autowiring by type from bean name 'webController' via constructor to bean named 'rewardService'
2025-08-23T21:03:53.685+06:30 DEBUG 22317 --- [student-platform] [           main] o.s.b.f.s.DefaultListableBeanFactory     : Autowiring by type from bean name 'webController' via constructor to bean named 'pointService'
2025-08-23T21:03:53.685+06:30 DEBUG 22317 --- [student-platform] [           main] o.s.b.f.s.DefaultListableBeanFactory     : Autowiring by type from bean name 'webController' via constructor to bean named 'adminService'
2025-08-23T21:03:53.685+06:30 DEBUG 22317 --- [student-platform] [           main] o.s.b.f.s.DefaultListableBeanFactory     : Autowiring by type from bean name 'webController' via constructor to bean named 'clubService'
2025-08-23T21:03:53.685+06:30 DEBUG 22317 --- [student-platform] [           main] o.s.b.f.s.DefaultListableBeanFactory     : Autowiring by type from bean name 'webController' via constructor to bean named 'eventService'
2025-08-23T21:03:53.687+06:30 DEBUG 22317 --- [student-platform] [           main] o.s.b.f.s.DefaultListableBeanFactory     : Creating shared instance of singleton bean 'globalExceptionHandler'
2025-08-23T21:03:53.688+06:30 DEBUG 22317 --- [student-platform] [           main] o.s.b.f.s.DefaultListableBeanFactory     : Creating shared instance of singleton bean 'initData'
2025-08-23T21:03:53.689+06:30 DEBUG 22317 --- [student-platform] [           main] o.s.b.f.s.DefaultListableBeanFactory     : Autowiring by type from bean name 'initData' via factory method to bean named 'studentRepository'
2025-08-23T21:03:53.689+06:30 DEBUG 22317 --- [student-platform] [           main] o.s.b.f.s.DefaultListableBeanFactory     : Autowiring by type from bean name 'initData' via factory method to bean named 'staffRepository'
2025-08-23T21:03:53.689+06:30 DEBUG 22317 --- [student-platform] [           main] o.s.b.f.s.DefaultListableBeanFactory     : Autowiring by type from bean name 'initData' via factory method to bean named 'rewardRepository'
2025-08-23T21:03:53.689+06:30 DEBUG 22317 --- [student-platform] [           main] o.s.b.f.s.DefaultListableBeanFactory     : Autowiring by type from bean name 'initData' via factory method to bean named 'pointRepository'
2025-08-23T21:03:53.690+06:30 DEBUG 22317 --- [student-platform] [           main] o.s.b.f.s.DefaultListableBeanFactory     : Creating shared instance of singleton bean 'org.springframework.boot.autoconfigure.context.PropertyPlaceholderAutoConfiguration'
2025-08-23T21:03:53.690+06:30 DEBUG 22317 --- [student-platform] [           main] o.s.b.f.s.DefaultListableBeanFactory     : Creating shared instance of singleton bean 'org.springframework.boot.autoconfigure.ssl.SslAutoConfiguration'
2025-08-23T21:03:53.690+06:30 DEBUG 22317 --- [student-platform] [           main] o.s.b.f.s.DefaultListableBeanFactory     : Creating shared instance of singleton bean 'spring.ssl-org.springframework.boot.autoconfigure.ssl.SslProperties'
2025-08-23T21:03:53.691+06:30 DEBUG 22317 --- [student-platform] [           main] o.s.b.f.s.DefaultListableBeanFactory     : Autowiring by type from bean name 'org.springframework.boot.autoconfigure.ssl.SslAutoConfiguration' via constructor to bean named 'org.springframework.web.context.support.GenericWebApplicationContext@60b85ba1'
2025-08-23T21:03:53.691+06:30 DEBUG 22317 --- [student-platform] [           main] o.s.b.f.s.DefaultListableBeanFactory     : Autowiring by type from bean name 'org.springframework.boot.autoconfigure.ssl.SslAutoConfiguration' via constructor to bean named 'spring.ssl-org.springframework.boot.autoconfigure.ssl.SslProperties'
2025-08-23T21:03:53.692+06:30 DEBUG 22317 --- [student-platform] [           main] o.s.b.f.s.DefaultListableBeanFactory     : Creating shared instance of singleton bean 'fileWatcher'
2025-08-23T21:03:53.693+06:30 DEBUG 22317 --- [student-platform] [           main] o.s.b.f.s.DefaultListableBeanFactory     : Creating shared instance of singleton bean 'sslPropertiesSslBundleRegistrar'
2025-08-23T21:03:53.693+06:30 DEBUG 22317 --- [student-platform] [           main] o.s.b.f.s.DefaultListableBeanFactory     : Autowiring by type from bean name 'sslPropertiesSslBundleRegistrar' via factory method to bean named 'fileWatcher'
2025-08-23T21:03:53.694+06:30 DEBUG 22317 --- [student-platform] [           main] o.s.b.f.s.DefaultListableBeanFactory     : Creating shared instance of singleton bean 'sslBundleRegistry'
2025-08-23T21:03:53.696+06:30 DEBUG 22317 --- [student-platform] [           main] o.s.b.f.s.DefaultListableBeanFactory     : Creating shared instance of singleton bean 'org.springframework.boot.autoconfigure.websocket.servlet.WebSocketServletAutoConfiguration$TomcatWebSocketConfiguration'
2025-08-23T21:03:53.696+06:30 DEBUG 22317 --- [student-platform] [           main] o.s.b.f.s.DefaultListableBeanFactory     : Creating shared instance of singleton bean 'websocketServletWebServerCustomizer'
2025-08-23T21:03:53.697+06:30 DEBUG 22317 --- [student-platform] [           main] o.s.b.f.s.DefaultListableBeanFactory     : Creating shared instance of singleton bean 'org.springframework.boot.autoconfigure.websocket.servlet.WebSocketServletAutoConfiguration'
2025-08-23T21:03:53.697+06:30 DEBUG 22317 --- [student-platform] [           main] o.s.b.f.s.DefaultListableBeanFactory     : Creating shared instance of singleton bean 'org.springframework.boot.autoconfigure.web.servlet.ServletWebServerFactoryConfiguration$EmbeddedTomcat'
2025-08-23T21:03:53.697+06:30 DEBUG 22317 --- [student-platform] [           main] o.s.b.f.s.DefaultListableBeanFactory     : Creating shared instance of singleton bean 'tomcatServletWebServerFactory'
2025-08-23T21:03:53.708+06:30 DEBUG 22317 --- [student-platform] [           main] o.s.b.f.s.DefaultListableBeanFactory     : Creating shared instance of singleton bean 'servletWebServerFactoryCustomizer'
2025-08-23T21:03:53.708+06:30 DEBUG 22317 --- [student-platform] [           main] o.s.b.f.s.DefaultListableBeanFactory     : Creating shared instance of singleton bean 'org.springframework.boot.autoconfigure.web.servlet.ServletWebServerFactoryAutoConfiguration'
2025-08-23T21:03:53.709+06:30 DEBUG 22317 --- [student-platform] [           main] o.s.b.f.s.DefaultListableBeanFactory     : Creating shared instance of singleton bean 'server-org.springframework.boot.autoconfigure.web.ServerProperties'
2025-08-23T21:03:53.714+06:30 DEBUG 22317 --- [student-platform] [           main] o.s.b.f.s.DefaultListableBeanFactory     : Autowiring by type from bean name 'servletWebServerFactoryCustomizer' via factory method to bean named 'server-org.springframework.boot.autoconfigure.web.ServerProperties'
2025-08-23T21:03:53.715+06:30 DEBUG 22317 --- [student-platform] [           main] o.s.b.f.s.DefaultListableBeanFactory     : Creating shared instance of singleton bean 'tomcatServletWebServerFactoryCustomizer'
2025-08-23T21:03:53.715+06:30 DEBUG 22317 --- [student-platform] [           main] o.s.b.f.s.DefaultListableBeanFactory     : Autowiring by type from bean name 'tomcatServletWebServerFactoryCustomizer' via factory method to bean named 'server-org.springframework.boot.autoconfigure.web.ServerProperties'
2025-08-23T21:03:53.715+06:30 DEBUG 22317 --- [student-platform] [           main] o.s.b.f.s.DefaultListableBeanFactory     : Creating shared instance of singleton bean 'localeCharsetMappingsCustomizer'
2025-08-23T21:03:53.715+06:30 DEBUG 22317 --- [student-platform] [           main] o.s.b.f.s.DefaultListableBeanFactory     : Creating shared instance of singleton bean 'org.springframework.boot.autoconfigure.web.servlet.HttpEncodingAutoConfiguration'
2025-08-23T21:03:53.715+06:30 DEBUG 22317 --- [student-platform] [           main] o.s.b.f.s.DefaultListableBeanFactory     : Autowiring by type from bean name 'org.springframework.boot.autoconfigure.web.servlet.HttpEncodingAutoConfiguration' via constructor to bean named 'server-org.springframework.boot.autoconfigure.web.ServerProperties'
2025-08-23T21:03:53.719+06:30 DEBUG 22317 --- [student-platform] [           main] o.s.b.f.s.DefaultListableBeanFactory     : Creating shared instance of singleton bean 'errorPageCustomizer'
2025-08-23T21:03:53.719+06:30 DEBUG 22317 --- [student-platform] [           main] o.s.b.f.s.DefaultListableBeanFactory     : Creating shared instance of singleton bean 'org.springframework.boot.autoconfigure.web.servlet.error.ErrorMvcAutoConfiguration'
2025-08-23T21:03:53.719+06:30 DEBUG 22317 --- [student-platform] [           main] o.s.b.f.s.DefaultListableBeanFactory     : Autowiring by type from bean name 'org.springframework.boot.autoconfigure.web.servlet.error.ErrorMvcAutoConfiguration' via constructor to bean named 'server-org.springframework.boot.autoconfigure.web.ServerProperties'
2025-08-23T21:03:53.720+06:30 DEBUG 22317 --- [student-platform] [           main] o.s.b.f.s.DefaultListableBeanFactory     : Creating shared instance of singleton bean 'dispatcherServletRegistration'
2025-08-23T21:03:53.720+06:30 DEBUG 22317 --- [student-platform] [           main] o.s.b.f.s.DefaultListableBeanFactory     : Creating shared instance of singleton bean 'org.springframework.boot.autoconfigure.web.servlet.DispatcherServletAutoConfiguration$DispatcherServletRegistrationConfiguration'
2025-08-23T21:03:53.720+06:30 DEBUG 22317 --- [student-platform] [           main] o.s.b.f.s.DefaultListableBeanFactory     : Creating shared instance of singleton bean 'dispatcherServlet'
2025-08-23T21:03:53.720+06:30 DEBUG 22317 --- [student-platform] [           main] o.s.b.f.s.DefaultListableBeanFactory     : Creating shared instance of singleton bean 'org.springframework.boot.autoconfigure.web.servlet.DispatcherServletAutoConfiguration$DispatcherServletConfiguration'
2025-08-23T21:03:53.720+06:30 DEBUG 22317 --- [student-platform] [           main] o.s.b.f.s.DefaultListableBeanFactory     : Creating shared instance of singleton bean 'spring.mvc-org.springframework.boot.autoconfigure.web.servlet.WebMvcProperties'
2025-08-23T21:03:53.722+06:30 DEBUG 22317 --- [student-platform] [           main] o.s.b.f.s.DefaultListableBeanFactory     : Autowiring by type from bean name 'dispatcherServlet' via factory method to bean named 'spring.mvc-org.springframework.boot.autoconfigure.web.servlet.WebMvcProperties'
2025-08-23T21:03:53.726+06:30 DEBUG 22317 --- [student-platform] [           main] o.s.b.f.s.DefaultListableBeanFactory     : Autowiring by type from bean name 'dispatcherServletRegistration' via factory method to bean named 'dispatcherServlet'
2025-08-23T21:03:53.726+06:30 DEBUG 22317 --- [student-platform] [           main] o.s.b.f.s.DefaultListableBeanFactory     : Autowiring by type from bean name 'dispatcherServletRegistration' via factory method to bean named 'spring.mvc-org.springframework.boot.autoconfigure.web.servlet.WebMvcProperties'
2025-08-23T21:03:53.727+06:30 DEBUG 22317 --- [student-platform] [           main] o.s.b.f.s.DefaultListableBeanFactory     : Creating shared instance of singleton bean 'multipartConfigElement'
2025-08-23T21:03:53.727+06:30 DEBUG 22317 --- [student-platform] [           main] o.s.b.f.s.DefaultListableBeanFactory     : Creating shared instance of singleton bean 'org.springframework.boot.autoconfigure.web.servlet.MultipartAutoConfiguration'
2025-08-23T21:03:53.727+06:30 DEBUG 22317 --- [student-platform] [           main] o.s.b.f.s.DefaultListableBeanFactory     : Creating shared instance of singleton bean 'spring.servlet.multipart-org.springframework.boot.autoconfigure.web.servlet.MultipartProperties'
2025-08-23T21:03:53.729+06:30 DEBUG 22317 --- [student-platform] [           main] o.s.b.f.s.DefaultListableBeanFactory     : Autowiring by type from bean name 'org.springframework.boot.autoconfigure.web.servlet.MultipartAutoConfiguration' via constructor to bean named 'spring.servlet.multipart-org.springframework.boot.autoconfigure.web.servlet.MultipartProperties'
2025-08-23T21:03:53.730+06:30 DEBUG 22317 --- [student-platform] [           main] o.s.b.f.s.DefaultListableBeanFactory     : Autowiring by type from bean name 'errorPageCustomizer' via factory method to bean named 'dispatcherServletRegistration'
2025-08-23T21:03:53.731+06:30 DEBUG 22317 --- [student-platform] [           main] o.s.b.f.s.DefaultListableBeanFactory     : Creating shared instance of singleton bean 'org.springframework.boot.autoconfigure.web.servlet.DispatcherServletAutoConfiguration'
2025-08-23T21:03:53.731+06:30 DEBUG 22317 --- [student-platform] [           main] o.s.b.f.s.DefaultListableBeanFactory     : Creating shared instance of singleton bean 'org.springframework.boot.autoconfigure.task.TaskExecutorConfigurations$SimpleAsyncTaskExecutorBuilderConfiguration'
2025-08-23T21:03:53.732+06:30 DEBUG 22317 --- [student-platform] [           main] o.s.b.f.s.DefaultListableBeanFactory     : Autowiring by type from bean name 'org.springframework.boot.autoconfigure.task.TaskExecutorConfigurations$SimpleAsyncTaskExecutorBuilderConfiguration' via constructor to bean named 'spring.task.execution-org.springframework.boot.autoconfigure.task.TaskExecutionProperties'
2025-08-23T21:03:53.732+06:30 DEBUG 22317 --- [student-platform] [           main] o.s.b.f.s.DefaultListableBeanFactory     : Creating shared instance of singleton bean 'simpleAsyncTaskExecutorBuilder'
2025-08-23T21:03:53.733+06:30 DEBUG 22317 --- [student-platform] [           main] o.s.b.f.s.DefaultListableBeanFactory     : Creating shared instance of singleton bean 'org.springframework.boot.autoconfigure.task.TaskExecutorConfigurations$AsyncConfigurerConfiguration'
2025-08-23T21:03:53.733+06:30 DEBUG 22317 --- [student-platform] [           main] o.s.b.f.s.DefaultListableBeanFactory     : Creating shared instance of singleton bean 'applicationTaskExecutorAsyncConfigurer'
2025-08-23T21:03:53.733+06:30 DEBUG 22317 --- [student-platform] [           main] o.s.b.f.s.DefaultListableBeanFactory     : Autowiring by type from bean name 'applicationTaskExecutorAsyncConfigurer' via factory method to bean named 'org.springframework.beans.factory.support.DefaultListableBeanFactory@7a94b64e'
2025-08-23T21:03:53.733+06:30 DEBUG 22317 --- [student-platform] [           main] o.s.b.f.s.DefaultListableBeanFactory     : Creating shared instance of singleton bean 'org.springframework.boot.autoconfigure.task.TaskExecutorConfigurations$BootstrapExecutorConfiguration'
2025-08-23T21:03:53.733+06:30 DEBUG 22317 --- [student-platform] [           main] o.s.b.f.s.DefaultListableBeanFactory     : Creating shared instance of singleton bean 'org.springframework.boot.autoconfigure.task.TaskExecutionAutoConfiguration'
2025-08-23T21:03:53.734+06:30 DEBUG 22317 --- [student-platform] [           main] o.s.b.f.s.DefaultListableBeanFactory     : Creating shared instance of singleton bean 'org.springframework.boot.autoconfigure.validation.ValidationAutoConfiguration'
2025-08-23T21:03:53.734+06:30 DEBUG 22317 --- [student-platform] [           main] o.s.b.f.s.DefaultListableBeanFactory     : Creating shared instance of singleton bean 'defaultValidator'
2025-08-23T21:03:53.734+06:30 DEBUG 22317 --- [student-platform] [           main] o.s.b.f.s.DefaultListableBeanFactory     : Autowiring by type from bean name 'defaultValidator' via factory method to bean named 'org.springframework.web.context.support.GenericWebApplicationContext@60b85ba1'
2025-08-23T21:03:53.737+06:30 DEBUG 22317 --- [student-platform] [           main] o.s.b.f.s.DefaultListableBeanFactory     : Creating shared instance of singleton bean 'org.springframework.boot.autoconfigure.web.servlet.error.ErrorMvcAutoConfiguration$WhitelabelErrorViewConfiguration'
2025-08-23T21:03:53.738+06:30 DEBUG 22317 --- [student-platform] [           main] o.s.b.f.s.DefaultListableBeanFactory     : Creating shared instance of singleton bean 'error'
2025-08-23T21:03:53.738+06:30 DEBUG 22317 --- [student-platform] [           main] o.s.b.f.s.DefaultListableBeanFactory     : Creating shared instance of singleton bean 'beanNameViewResolver'
2025-08-23T21:03:53.739+06:30 DEBUG 22317 --- [student-platform] [           main] o.s.b.f.s.DefaultListableBeanFactory     : Creating shared instance of singleton bean 'org.springframework.boot.autoconfigure.web.servlet.error.ErrorMvcAutoConfiguration$DefaultErrorViewResolverConfiguration'
2025-08-23T21:03:53.739+06:30 DEBUG 22317 --- [student-platform] [           main] o.s.b.f.s.DefaultListableBeanFactory     : Creating shared instance of singleton bean 'spring.web-org.springframework.boot.autoconfigure.web.WebProperties'
2025-08-23T21:03:53.740+06:30 DEBUG 22317 --- [student-platform] [           main] o.s.b.f.s.DefaultListableBeanFactory     : Autowiring by type from bean name 'org.springframework.boot.autoconfigure.web.servlet.error.ErrorMvcAutoConfiguration$DefaultErrorViewResolverConfiguration' via constructor to bean named 'org.springframework.web.context.support.GenericWebApplicationContext@60b85ba1'
2025-08-23T21:03:53.740+06:30 DEBUG 22317 --- [student-platform] [           main] o.s.b.f.s.DefaultListableBeanFactory     : Autowiring by type from bean name 'org.springframework.boot.autoconfigure.web.servlet.error.ErrorMvcAutoConfiguration$DefaultErrorViewResolverConfiguration' via constructor to bean named 'spring.web-org.springframework.boot.autoconfigure.web.WebProperties'
2025-08-23T21:03:53.740+06:30 DEBUG 22317 --- [student-platform] [           main] o.s.b.f.s.DefaultListableBeanFactory     : Creating shared instance of singleton bean 'conventionErrorViewResolver'
2025-08-23T21:03:53.740+06:30 DEBUG 22317 --- [student-platform] [           main] o.s.b.f.s.DefaultListableBeanFactory     : Creating shared instance of singleton bean 'errorAttributes'
2025-08-23T21:03:53.741+06:30 DEBUG 22317 --- [student-platform] [           main] o.s.b.f.s.DefaultListableBeanFactory     : Creating shared instance of singleton bean 'basicErrorController'
2025-08-23T21:03:53.741+06:30 DEBUG 22317 --- [student-platform] [           main] o.s.b.f.s.DefaultListableBeanFactory     : Autowiring by type from bean name 'basicErrorController' via factory method to bean named 'errorAttributes'
2025-08-23T21:03:53.742+06:30 DEBUG 22317 --- [student-platform] [           main] o.s.b.f.s.DefaultListableBeanFactory     : Creating shared instance of singleton bean 'org.springframework.boot.autoconfigure.web.servlet.WebMvcAutoConfiguration$EnableWebMvcConfiguration'
2025-08-23T21:03:53.742+06:30 DEBUG 22317 --- [student-platform] [           main] o.s.b.f.s.DefaultListableBeanFactory     : Autowiring by type from bean name 'org.springframework.boot.autoconfigure.web.servlet.WebMvcAutoConfiguration$EnableWebMvcConfiguration' via constructor to bean named 'spring.mvc-org.springframework.boot.autoconfigure.web.servlet.WebMvcProperties'
2025-08-23T21:03:53.742+06:30 DEBUG 22317 --- [student-platform] [           main] o.s.b.f.s.DefaultListableBeanFactory     : Autowiring by type from bean name 'org.springframework.boot.autoconfigure.web.servlet.WebMvcAutoConfiguration$EnableWebMvcConfiguration' via constructor to bean named 'spring.web-org.springframework.boot.autoconfigure.web.WebProperties'
2025-08-23T21:03:53.742+06:30 DEBUG 22317 --- [student-platform] [           main] o.s.b.f.s.DefaultListableBeanFactory     : Autowiring by type from bean name 'org.springframework.boot.autoconfigure.web.servlet.WebMvcAutoConfiguration$EnableWebMvcConfiguration' via constructor to bean named 'org.springframework.beans.factory.support.DefaultListableBeanFactory@7a94b64e'
2025-08-23T21:03:53.744+06:30 DEBUG 22317 --- [student-platform] [           main] o.s.b.f.s.DefaultListableBeanFactory     : Creating shared instance of singleton bean 'org.springframework.boot.autoconfigure.web.servlet.WebMvcAutoConfiguration$WebMvcAutoConfigurationAdapter'
2025-08-23T21:03:53.744+06:30 DEBUG 22317 --- [student-platform] [           main] o.s.b.f.s.DefaultListableBeanFactory     : Autowiring by type from bean name 'org.springframework.boot.autoconfigure.web.servlet.WebMvcAutoConfiguration$WebMvcAutoConfigurationAdapter' via constructor to bean named 'spring.web-org.springframework.boot.autoconfigure.web.WebProperties'
2025-08-23T21:03:53.744+06:30 DEBUG 22317 --- [student-platform] [           main] o.s.b.f.s.DefaultListableBeanFactory     : Autowiring by type from bean name 'org.springframework.boot.autoconfigure.web.servlet.WebMvcAutoConfiguration$WebMvcAutoConfigurationAdapter' via constructor to bean named 'spring.mvc-org.springframework.boot.autoconfigure.web.servlet.WebMvcProperties'
2025-08-23T21:03:53.744+06:30 DEBUG 22317 --- [student-platform] [           main] o.s.b.f.s.DefaultListableBeanFactory     : Autowiring by type from bean name 'org.springframework.boot.autoconfigure.web.servlet.WebMvcAutoConfiguration$WebMvcAutoConfigurationAdapter' via constructor to bean named 'org.springframework.beans.factory.support.DefaultListableBeanFactory@7a94b64e'
2025-08-23T21:03:53.745+06:30 DEBUG 22317 --- [student-platform] [           main] o.s.b.f.s.DefaultListableBeanFactory     : Creating shared instance of singleton bean 'openEntityManagerInViewInterceptorConfigurer'
2025-08-23T21:03:53.745+06:30 DEBUG 22317 --- [student-platform] [           main] o.s.b.f.s.DefaultListableBeanFactory     : Creating shared instance of singleton bean 'org.springframework.boot.autoconfigure.orm.jpa.JpaBaseConfiguration$JpaWebConfiguration'
2025-08-23T21:03:53.745+06:30 DEBUG 22317 --- [student-platform] [           main] o.s.b.f.s.DefaultListableBeanFactory     : Autowiring by type from bean name 'org.springframework.boot.autoconfigure.orm.jpa.JpaBaseConfiguration$JpaWebConfiguration' via constructor to bean named 'spring.jpa-org.springframework.boot.autoconfigure.orm.jpa.JpaProperties'
2025-08-23T21:03:53.746+06:30 DEBUG 22317 --- [student-platform] [           main] o.s.b.f.s.DefaultListableBeanFactory     : Creating shared instance of singleton bean 'openEntityManagerInViewInterceptor'
2025-08-23T21:03:53.746+06:30  WARN 22317 --- [student-platform] [           main] JpaBaseConfiguration$JpaWebConfiguration : spring.jpa.open-in-view is enabled by default. Therefore, database queries may be performed during view rendering. Explicitly configure spring.jpa.open-in-view to disable this warning
2025-08-23T21:03:53.747+06:30 DEBUG 22317 --- [student-platform] [           main] o.s.b.f.s.DefaultListableBeanFactory     : Autowiring by type from bean name 'openEntityManagerInViewInterceptorConfigurer' via factory method to bean named 'openEntityManagerInViewInterceptor'
2025-08-23T21:03:53.747+06:30 DEBUG 22317 --- [student-platform] [           main] o.s.b.f.s.DefaultListableBeanFactory     : Creating shared instance of singleton bean 'org.springframework.data.web.config.SpringDataWebConfiguration'
2025-08-23T21:03:53.747+06:30 DEBUG 22317 --- [student-platform] [           main] o.s.b.f.s.DefaultListableBeanFactory     : Autowiring by type from bean name 'org.springframework.data.web.config.SpringDataWebConfiguration' via constructor to bean named 'org.springframework.web.context.support.GenericWebApplicationContext@60b85ba1'
2025-08-23T21:03:53.752+06:30 DEBUG 22317 --- [student-platform] [           main] o.s.b.f.s.DefaultListableBeanFactory     : Creating shared instance of singleton bean 'welcomePageHandlerMapping'
2025-08-23T21:03:53.753+06:30 DEBUG 22317 --- [student-platform] [           main] o.s.b.f.s.DefaultListableBeanFactory     : Creating shared instance of singleton bean 'mvcConversionService'
2025-08-23T21:03:53.757+06:30 DEBUG 22317 --- [student-platform] [           main] o.s.b.f.s.DefaultListableBeanFactory     : Creating shared instance of singleton bean 'mvcResourceUrlProvider'
2025-08-23T21:03:53.758+06:30 DEBUG 22317 --- [student-platform] [           main] o.s.b.f.s.DefaultListableBeanFactory     : Autowiring by type from bean name 'welcomePageHandlerMapping' via factory method to bean named 'org.springframework.web.context.support.GenericWebApplicationContext@60b85ba1'
2025-08-23T21:03:53.758+06:30 DEBUG 22317 --- [student-platform] [           main] o.s.b.f.s.DefaultListableBeanFactory     : Autowiring by type from bean name 'welcomePageHandlerMapping' via factory method to bean named 'mvcConversionService'
2025-08-23T21:03:53.758+06:30 DEBUG 22317 --- [student-platform] [           main] o.s.b.f.s.DefaultListableBeanFactory     : Autowiring by type from bean name 'welcomePageHandlerMapping' via factory method to bean named 'mvcResourceUrlProvider'
2025-08-23T21:03:53.767+06:30 DEBUG 22317 --- [student-platform] [           main] o.s.b.f.s.DefaultListableBeanFactory     : Creating shared instance of singleton bean 'welcomePageNotAcceptableHandlerMapping'
2025-08-23T21:03:53.767+06:30 DEBUG 22317 --- [student-platform] [           main] o.s.b.f.s.DefaultListableBeanFactory     : Autowiring by type from bean name 'welcomePageNotAcceptableHandlerMapping' via factory method to bean named 'org.springframework.web.context.support.GenericWebApplicationContext@60b85ba1'
2025-08-23T21:03:53.767+06:30 DEBUG 22317 --- [student-platform] [           main] o.s.b.f.s.DefaultListableBeanFactory     : Autowiring by type from bean name 'welcomePageNotAcceptableHandlerMapping' via factory method to bean named 'mvcConversionService'
2025-08-23T21:03:53.767+06:30 DEBUG 22317 --- [student-platform] [           main] o.s.b.f.s.DefaultListableBeanFactory     : Autowiring by type from bean name 'welcomePageNotAcceptableHandlerMapping' via factory method to bean named 'mvcResourceUrlProvider'
2025-08-23T21:03:53.769+06:30 DEBUG 22317 --- [student-platform] [           main] o.s.b.f.s.DefaultListableBeanFactory     : Creating shared instance of singleton bean 'localeResolver'
2025-08-23T21:03:53.769+06:30 DEBUG 22317 --- [student-platform] [           main] o.s.b.f.s.DefaultListableBeanFactory     : Creating shared instance of singleton bean 'themeResolver'
2025-08-23T21:03:53.770+06:30 DEBUG 22317 --- [student-platform] [           main] o.s.b.f.s.DefaultListableBeanFactory     : Creating shared instance of singleton bean 'flashMapManager'
2025-08-23T21:03:53.771+06:30 DEBUG 22317 --- [student-platform] [           main] o.s.b.f.s.DefaultListableBeanFactory     : Creating shared instance of singleton bean 'viewNameTranslator'
2025-08-23T21:03:53.771+06:30 DEBUG 22317 --- [student-platform] [           main] o.s.b.f.s.DefaultListableBeanFactory     : Creating shared instance of singleton bean 'mvcValidator'
2025-08-23T21:03:53.771+06:30 DEBUG 22317 --- [student-platform] [           main] o.s.b.f.s.DefaultListableBeanFactory     : Creating shared instance of singleton bean 'mvcContentNegotiationManager'
2025-08-23T21:03:53.773+06:30 DEBUG 22317 --- [student-platform] [           main] o.s.b.f.s.DefaultListableBeanFactory     : Creating shared instance of singleton bean 'requestMappingHandlerMapping'
2025-08-23T21:03:53.773+06:30 DEBUG 22317 --- [student-platform] [           main] o.s.b.f.s.DefaultListableBeanFactory     : Autowiring by type from bean name 'requestMappingHandlerMapping' via factory method to bean named 'mvcContentNegotiationManager'
2025-08-23T21:03:53.773+06:30 DEBUG 22317 --- [student-platform] [           main] o.s.b.f.s.DefaultListableBeanFactory     : Autowiring by type from bean name 'requestMappingHandlerMapping' via factory method to bean named 'mvcConversionService'
2025-08-23T21:03:53.773+06:30 DEBUG 22317 --- [student-platform] [           main] o.s.b.f.s.DefaultListableBeanFactory     : Autowiring by type from bean name 'requestMappingHandlerMapping' via factory method to bean named 'mvcResourceUrlProvider'
2025-08-23T21:03:53.810+06:30 DEBUG 22317 --- [student-platform] [           main] s.w.s.m.m.a.RequestMappingHandlerMapping : 106 mappings in 'requestMappingHandlerMapping'
2025-08-23T21:03:53.811+06:30 DEBUG 22317 --- [student-platform] [           main] o.s.b.f.s.DefaultListableBeanFactory     : Creating shared instance of singleton bean 'mvcPatternParser'
2025-08-23T21:03:53.811+06:30 DEBUG 22317 --- [student-platform] [           main] o.s.b.f.s.DefaultListableBeanFactory     : Creating shared instance of singleton bean 'mvcUrlPathHelper'
2025-08-23T21:03:53.811+06:30 DEBUG 22317 --- [student-platform] [           main] o.s.b.f.s.DefaultListableBeanFactory     : Creating shared instance of singleton bean 'mvcPathMatcher'
2025-08-23T21:03:53.812+06:30 DEBUG 22317 --- [student-platform] [           main] o.s.b.f.s.DefaultListableBeanFactory     : Creating shared instance of singleton bean 'viewControllerHandlerMapping'
2025-08-23T21:03:53.812+06:30 DEBUG 22317 --- [student-platform] [           main] o.s.b.f.s.DefaultListableBeanFactory     : Autowiring by type from bean name 'viewControllerHandlerMapping' via factory method to bean named 'mvcConversionService'
2025-08-23T21:03:53.812+06:30 DEBUG 22317 --- [student-platform] [           main] o.s.b.f.s.DefaultListableBeanFactory     : Autowiring by type from bean name 'viewControllerHandlerMapping' via factory method to bean named 'mvcResourceUrlProvider'
2025-08-23T21:03:53.812+06:30 DEBUG 22317 --- [student-platform] [           main] o.s.b.f.s.DefaultListableBeanFactory     : Creating shared instance of singleton bean 'beanNameHandlerMapping'
2025-08-23T21:03:53.812+06:30 DEBUG 22317 --- [student-platform] [           main] o.s.b.f.s.DefaultListableBeanFactory     : Autowiring by type from bean name 'beanNameHandlerMapping' via factory method to bean named 'mvcConversionService'
2025-08-23T21:03:53.812+06:30 DEBUG 22317 --- [student-platform] [           main] o.s.b.f.s.DefaultListableBeanFactory     : Autowiring by type from bean name 'beanNameHandlerMapping' via factory method to bean named 'mvcResourceUrlProvider'
2025-08-23T21:03:53.814+06:30 DEBUG 22317 --- [student-platform] [           main] o.s.b.f.s.DefaultListableBeanFactory     : Creating shared instance of singleton bean 'routerFunctionMapping'
2025-08-23T21:03:53.814+06:30 DEBUG 22317 --- [student-platform] [           main] o.s.b.f.s.DefaultListableBeanFactory     : Autowiring by type from bean name 'routerFunctionMapping' via factory method to bean named 'mvcConversionService'
2025-08-23T21:03:53.814+06:30 DEBUG 22317 --- [student-platform] [           main] o.s.b.f.s.DefaultListableBeanFactory     : Autowiring by type from bean name 'routerFunctionMapping' via factory method to bean named 'mvcResourceUrlProvider'
2025-08-23T21:03:53.814+06:30 DEBUG 22317 --- [student-platform] [           main] o.s.b.f.s.DefaultListableBeanFactory     : Creating shared instance of singleton bean 'messageConverters'
2025-08-23T21:03:53.814+06:30 DEBUG 22317 --- [student-platform] [           main] o.s.b.f.s.DefaultListableBeanFactory     : Creating shared instance of singleton bean 'org.springframework.boot.autoconfigure.http.HttpMessageConvertersAutoConfiguration'
2025-08-23T21:03:53.816+06:30 DEBUG 22317 --- [student-platform] [           main] o.s.b.f.s.DefaultListableBeanFactory     : Creating shared instance of singleton bean 'stringHttpMessageConverter'
2025-08-23T21:03:53.816+06:30 DEBUG 22317 --- [student-platform] [           main] o.s.b.f.s.DefaultListableBeanFactory     : Creating shared instance of singleton bean 'org.springframework.boot.autoconfigure.http.HttpMessageConvertersAutoConfiguration$StringHttpMessageConverterConfiguration'
2025-08-23T21:03:53.816+06:30 DEBUG 22317 --- [student-platform] [           main] o.s.b.f.s.DefaultListableBeanFactory     : Autowiring by type from bean name 'stringHttpMessageConverter' via factory method to bean named 'environment'
2025-08-23T21:03:53.818+06:30 DEBUG 22317 --- [student-platform] [           main] o.s.b.f.s.DefaultListableBeanFactory     : Creating shared instance of singleton bean 'mappingJackson2HttpMessageConverter'
2025-08-23T21:03:53.818+06:30 DEBUG 22317 --- [student-platform] [           main] o.s.b.f.s.DefaultListableBeanFactory     : Creating shared instance of singleton bean 'org.springframework.boot.autoconfigure.http.JacksonHttpMessageConvertersConfiguration$MappingJackson2HttpMessageConverterConfiguration'
2025-08-23T21:03:53.818+06:30 DEBUG 22317 --- [student-platform] [           main] o.s.b.f.s.DefaultListableBeanFactory     : Creating shared instance of singleton bean 'jacksonObjectMapper'
2025-08-23T21:03:53.818+06:30 DEBUG 22317 --- [student-platform] [           main] o.s.b.f.s.DefaultListableBeanFactory     : Creating shared instance of singleton bean 'org.springframework.boot.autoconfigure.jackson.JacksonAutoConfiguration$JacksonObjectMapperConfiguration'
2025-08-23T21:03:53.818+06:30 DEBUG 22317 --- [student-platform] [           main] o.s.b.f.s.DefaultListableBeanFactory     : Creating shared instance of singleton bean 'org.springframework.boot.autoconfigure.jackson.JacksonAutoConfiguration$JacksonObjectMapperBuilderConfiguration'
2025-08-23T21:03:53.819+06:30 DEBUG 22317 --- [student-platform] [           main] o.s.b.f.s.DefaultListableBeanFactory     : Creating shared instance of singleton bean 'standardJacksonObjectMapperBuilderCustomizer'
2025-08-23T21:03:53.819+06:30 DEBUG 22317 --- [student-platform] [           main] o.s.b.f.s.DefaultListableBeanFactory     : Creating shared instance of singleton bean 'org.springframework.boot.autoconfigure.jackson.JacksonAutoConfiguration$Jackson2ObjectMapperBuilderCustomizerConfiguration'
2025-08-23T21:03:53.819+06:30 DEBUG 22317 --- [student-platform] [           main] o.s.b.f.s.DefaultListableBeanFactory     : Creating shared instance of singleton bean 'spring.jackson-org.springframework.boot.autoconfigure.jackson.JacksonProperties'
2025-08-23T21:03:53.820+06:30 DEBUG 22317 --- [student-platform] [           main] o.s.b.f.s.DefaultListableBeanFactory     : Autowiring by type from bean name 'standardJacksonObjectMapperBuilderCustomizer' via factory method to bean named 'spring.jackson-org.springframework.boot.autoconfigure.jackson.JacksonProperties'
2025-08-23T21:03:53.821+06:30 DEBUG 22317 --- [student-platform] [           main] o.s.b.f.s.DefaultListableBeanFactory     : Creating shared instance of singleton bean 'parameterNamesModule'
2025-08-23T21:03:53.821+06:30 DEBUG 22317 --- [student-platform] [           main] o.s.b.f.s.DefaultListableBeanFactory     : Creating shared instance of singleton bean 'org.springframework.boot.autoconfigure.jackson.JacksonAutoConfiguration$ParameterNamesModuleConfiguration'
2025-08-23T21:03:53.823+06:30 DEBUG 22317 --- [student-platform] [           main] o.s.b.f.s.DefaultListableBeanFactory     : Creating shared instance of singleton bean 'jsonMixinModule'
2025-08-23T21:03:53.823+06:30 DEBUG 22317 --- [student-platform] [           main] o.s.b.f.s.DefaultListableBeanFactory     : Creating shared instance of singleton bean 'org.springframework.boot.autoconfigure.jackson.JacksonAutoConfiguration$JacksonMixinConfiguration'
2025-08-23T21:03:53.823+06:30 DEBUG 22317 --- [student-platform] [           main] o.s.b.f.s.DefaultListableBeanFactory     : Creating shared instance of singleton bean 'jsonMixinModuleEntries'
2025-08-23T21:03:53.823+06:30 DEBUG 22317 --- [student-platform] [           main] o.s.b.f.s.DefaultListableBeanFactory     : Autowiring by type from bean name 'jsonMixinModuleEntries' via factory method to bean named 'org.springframework.web.context.support.GenericWebApplicationContext@60b85ba1'
2025-08-23T21:03:53.825+06:30 DEBUG 22317 --- [student-platform] [           main] o.s.b.f.s.DefaultListableBeanFactory     : Autowiring by type from bean name 'jsonMixinModule' via factory method to bean named 'org.springframework.web.context.support.GenericWebApplicationContext@60b85ba1'
2025-08-23T21:03:53.825+06:30 DEBUG 22317 --- [student-platform] [           main] o.s.b.f.s.DefaultListableBeanFactory     : Autowiring by type from bean name 'jsonMixinModule' via factory method to bean named 'jsonMixinModuleEntries'
2025-08-23T21:03:53.826+06:30 DEBUG 22317 --- [student-platform] [           main] o.s.b.f.s.DefaultListableBeanFactory     : Creating shared instance of singleton bean 'jsonComponentModule'
2025-08-23T21:03:53.826+06:30 DEBUG 22317 --- [student-platform] [           main] o.s.b.f.s.DefaultListableBeanFactory     : Creating shared instance of singleton bean 'org.springframework.boot.autoconfigure.jackson.JacksonAutoConfiguration'
2025-08-23T21:03:53.828+06:30 DEBUG 22317 --- [student-platform] [           main] o.s.b.f.s.DefaultListableBeanFactory     : Creating shared instance of singleton bean 'jacksonGeoModule'
2025-08-23T21:03:53.828+06:30 DEBUG 22317 --- [student-platform] [           main] o.s.b.f.s.DefaultListableBeanFactory     : Creating shared instance of singleton bean 'org.springframework.data.web.config.SpringDataJacksonConfiguration'
2025-08-23T21:03:53.828+06:30 DEBUG 22317 --- [student-platform] [           main] o.s.b.f.s.DefaultListableBeanFactory     : Creating shared instance of singleton bean 'springDataWebSettings'
2025-08-23T21:03:53.828+06:30 DEBUG 22317 --- [student-platform] [           main] o.s.b.f.s.DefaultListableBeanFactory     : Creating shared instance of singleton bean 'org.springframework.boot.autoconfigure.data.web.SpringDataWebAutoConfiguration'
2025-08-23T21:03:53.828+06:30 DEBUG 22317 --- [student-platform] [           main] o.s.b.f.s.DefaultListableBeanFactory     : Creating shared instance of singleton bean 'spring.data.web-org.springframework.boot.autoconfigure.data.web.SpringDataWebProperties'
2025-08-23T21:03:53.828+06:30 DEBUG 22317 --- [student-platform] [           main] o.s.b.f.s.DefaultListableBeanFactory     : Autowiring by type from bean name 'org.springframework.boot.autoconfigure.data.web.SpringDataWebAutoConfiguration' via constructor to bean named 'spring.data.web-org.springframework.boot.autoconfigure.data.web.SpringDataWebProperties'
2025-08-23T21:03:53.830+06:30 DEBUG 22317 --- [student-platform] [           main] o.s.b.f.s.DefaultListableBeanFactory     : Creating shared instance of singleton bean 'pageModule'
2025-08-23T21:03:53.831+06:30 DEBUG 22317 --- [student-platform] [           main] o.s.b.f.s.DefaultListableBeanFactory     : Autowiring by type from bean name 'jacksonObjectMapperBuilder' via factory method to bean named 'org.springframework.web.context.support.GenericWebApplicationContext@60b85ba1'
2025-08-23T21:03:53.831+06:30 DEBUG 22317 --- [student-platform] [           main] o.s.b.f.s.DefaultListableBeanFactory     : Autowiring by type from bean name 'jacksonObjectMapperBuilder' via factory method to bean named 'standardJacksonObjectMapperBuilderCustomizer'
2025-08-23T21:03:53.832+06:30 DEBUG 22317 --- [student-platform] [           main] o.s.b.f.s.DefaultListableBeanFactory     : Autowiring by type from bean name 'jacksonObjectMapper' via factory method to bean named 'jacksonObjectMapperBuilder'
2025-08-23T21:03:53.838+06:30 DEBUG 22317 --- [student-platform] [           main] o.s.b.f.s.DefaultListableBeanFactory     : Autowiring by type from bean name 'mappingJackson2HttpMessageConverter' via factory method to bean named 'jacksonObjectMapper'
2025-08-23T21:03:53.854+06:30 DEBUG 22317 --- [student-platform] [           main] o.s.b.f.s.DefaultListableBeanFactory     : Creating shared instance of singleton bean 'resourceHandlerMapping'
2025-08-23T21:03:53.855+06:30 DEBUG 22317 --- [student-platform] [           main] o.s.b.f.s.DefaultListableBeanFactory     : Autowiring by type from bean name 'resourceHandlerMapping' via factory method to bean named 'mvcContentNegotiationManager'
2025-08-23T21:03:53.855+06:30 DEBUG 22317 --- [student-platform] [           main] o.s.b.f.s.DefaultListableBeanFactory     : Autowiring by type from bean name 'resourceHandlerMapping' via factory method to bean named 'mvcConversionService'
2025-08-23T21:03:53.855+06:30 DEBUG 22317 --- [student-platform] [           main] o.s.b.f.s.DefaultListableBeanFactory     : Autowiring by type from bean name 'resourceHandlerMapping' via factory method to bean named 'mvcResourceUrlProvider'
2025-08-23T21:03:53.860+06:30 DEBUG 22317 --- [student-platform] [           main] o.s.w.s.handler.SimpleUrlHandlerMapping  : Patterns [/webjars/**, /**, /resources/**, /static/**, /swagger-ui/**] in 'resourceHandlerMapping'
2025-08-23T21:03:53.861+06:30 DEBUG 22317 --- [student-platform] [           main] o.s.b.f.s.DefaultListableBeanFactory     : Creating shared instance of singleton bean 'defaultServletHandlerMapping'
2025-08-23T21:03:53.861+06:30 DEBUG 22317 --- [student-platform] [           main] o.s.b.f.s.DefaultListableBeanFactory     : Creating shared instance of singleton bean 'requestMappingHandlerAdapter'
2025-08-23T21:03:53.861+06:30 DEBUG 22317 --- [student-platform] [           main] o.s.b.f.s.DefaultListableBeanFactory     : Autowiring by type from bean name 'requestMappingHandlerAdapter' via factory method to bean named 'mvcContentNegotiationManager'
2025-08-23T21:03:53.861+06:30 DEBUG 22317 --- [student-platform] [           main] o.s.b.f.s.DefaultListableBeanFactory     : Autowiring by type from bean name 'requestMappingHandlerAdapter' via factory method to bean named 'mvcConversionService'
2025-08-23T21:03:53.861+06:30 DEBUG 22317 --- [student-platform] [           main] o.s.b.f.s.DefaultListableBeanFactory     : Autowiring by type from bean name 'requestMappingHandlerAdapter' via factory method to bean named 'mvcValidator'
2025-08-23T21:03:53.864+06:30 DEBUG 22317 --- [student-platform] [           main] o.s.b.f.s.DefaultListableBeanFactory     : Creating shared instance of singleton bean 'sortResolver'
2025-08-23T21:03:53.864+06:30 DEBUG 22317 --- [student-platform] [           main] o.s.b.f.s.DefaultListableBeanFactory     : Creating shared instance of singleton bean 'sortCustomizer'
2025-08-23T21:03:53.865+06:30 DEBUG 22317 --- [student-platform] [           main] o.s.b.f.s.DefaultListableBeanFactory     : Creating shared instance of singleton bean 'pageableResolver'
2025-08-23T21:03:53.865+06:30 DEBUG 22317 --- [student-platform] [           main] o.s.b.f.s.DefaultListableBeanFactory     : Creating shared instance of singleton bean 'pageableCustomizer'
2025-08-23T21:03:53.871+06:30 DEBUG 22317 --- [student-platform] [           main] s.w.s.m.m.a.RequestMappingHandlerAdapter : ControllerAdvice beans: 0 @ModelAttribute, 0 @InitBinder, 1 RequestBodyAdvice, 1 ResponseBodyAdvice
2025-08-23T21:03:53.879+06:30 DEBUG 22317 --- [student-platform] [           main] o.s.b.f.s.DefaultListableBeanFactory     : Creating shared instance of singleton bean 'mvcViewResolver'
2025-08-23T21:03:53.879+06:30 DEBUG 22317 --- [student-platform] [           main] o.s.b.f.s.DefaultListableBeanFactory     : Autowiring by type from bean name 'mvcViewResolver' via factory method to bean named 'mvcContentNegotiationManager'
2025-08-23T21:03:53.881+06:30 DEBUG 22317 --- [student-platform] [           main] o.s.b.f.s.DefaultListableBeanFactory     : Creating shared instance of singleton bean 'defaultViewResolver'
2025-08-23T21:03:53.884+06:30 DEBUG 22317 --- [student-platform] [           main] o.s.b.f.s.DefaultListableBeanFactory     : Creating shared instance of singleton bean 'viewResolver'
2025-08-23T21:03:53.884+06:30 DEBUG 22317 --- [student-platform] [           main] o.s.b.f.s.DefaultListableBeanFactory     : Autowiring by type from bean name 'viewResolver' via factory method to bean named 'org.springframework.beans.factory.support.DefaultListableBeanFactory@7a94b64e'
2025-08-23T21:03:53.885+06:30 DEBUG 22317 --- [student-platform] [           main] o.s.b.f.s.DefaultListableBeanFactory     : Creating shared instance of singleton bean 'viewResolver'
2025-08-23T21:03:53.889+06:30 DEBUG 22317 --- [student-platform] [           main] o.s.b.f.s.DefaultListableBeanFactory     : Creating shared instance of singleton bean 'handlerFunctionAdapter'
2025-08-23T21:03:53.889+06:30 DEBUG 22317 --- [student-platform] [           main] o.s.b.f.s.DefaultListableBeanFactory     : Creating shared instance of singleton bean 'mvcUriComponentsContributor'
2025-08-23T21:03:53.890+06:30 DEBUG 22317 --- [student-platform] [           main] o.s.b.f.s.DefaultListableBeanFactory     : Autowiring by type from bean name 'mvcUriComponentsContributor' via factory method to bean named 'mvcConversionService'
2025-08-23T21:03:53.890+06:30 DEBUG 22317 --- [student-platform] [           main] o.s.b.f.s.DefaultListableBeanFactory     : Autowiring by type from bean name 'mvcUriComponentsContributor' via factory method to bean named 'requestMappingHandlerAdapter'
2025-08-23T21:03:53.891+06:30 DEBUG 22317 --- [student-platform] [           main] o.s.b.f.s.DefaultListableBeanFactory     : Creating shared instance of singleton bean 'httpRequestHandlerAdapter'
2025-08-23T21:03:53.891+06:30 DEBUG 22317 --- [student-platform] [           main] o.s.b.f.s.DefaultListableBeanFactory     : Creating shared instance of singleton bean 'simpleControllerHandlerAdapter'
2025-08-23T21:03:53.891+06:30 DEBUG 22317 --- [student-platform] [           main] o.s.b.f.s.DefaultListableBeanFactory     : Creating shared instance of singleton bean 'handlerExceptionResolver'
2025-08-23T21:03:53.891+06:30 DEBUG 22317 --- [student-platform] [           main] o.s.b.f.s.DefaultListableBeanFactory     : Autowiring by type from bean name 'handlerExceptionResolver' via factory method to bean named 'mvcContentNegotiationManager'
2025-08-23T21:03:53.894+06:30 DEBUG 22317 --- [student-platform] [           main] .m.m.a.ExceptionHandlerExceptionResolver : ControllerAdvice beans: 1 @ExceptionHandler, 1 ResponseBodyAdvice
2025-08-23T21:03:53.895+06:30 DEBUG 22317 --- [student-platform] [           main] o.s.b.f.s.DefaultListableBeanFactory     : Creating shared instance of singleton bean 'requestContextFilter'
2025-08-23T21:03:53.895+06:30 DEBUG 22317 --- [student-platform] [           main] o.s.b.f.s.DefaultListableBeanFactory     : Creating shared instance of singleton bean 'org.springframework.boot.autoconfigure.web.servlet.WebMvcAutoConfiguration'
2025-08-23T21:03:53.896+06:30 DEBUG 22317 --- [student-platform] [           main] o.s.b.f.s.DefaultListableBeanFactory     : Creating shared instance of singleton bean 'formContentFilter'
2025-08-23T21:03:53.896+06:30 DEBUG 22317 --- [student-platform] [           main] o.s.b.f.s.DefaultListableBeanFactory     : Creating shared instance of singleton bean 'org.springframework.boot.autoconfigure.aop.AopAutoConfiguration$AspectJAutoProxyingConfiguration$CglibAutoProxyConfiguration'
2025-08-23T21:03:53.897+06:30 DEBUG 22317 --- [student-platform] [           main] o.s.b.f.s.DefaultListableBeanFactory     : Creating shared instance of singleton bean 'org.springframework.boot.autoconfigure.aop.AopAutoConfiguration$AspectJAutoProxyingConfiguration'
2025-08-23T21:03:53.897+06:30 DEBUG 22317 --- [student-platform] [           main] o.s.b.f.s.DefaultListableBeanFactory     : Creating shared instance of singleton bean 'org.springframework.boot.autoconfigure.aop.AopAutoConfiguration'
2025-08-23T21:03:53.897+06:30 DEBUG 22317 --- [student-platform] [           main] o.s.b.f.s.DefaultListableBeanFactory     : Creating shared instance of singleton bean 'org.springframework.boot.autoconfigure.availability.ApplicationAvailabilityAutoConfiguration'
2025-08-23T21:03:53.897+06:30 DEBUG 22317 --- [student-platform] [           main] o.s.b.f.s.DefaultListableBeanFactory     : Creating shared instance of singleton bean 'applicationAvailability'
2025-08-23T21:03:53.897+06:30 DEBUG 22317 --- [student-platform] [           main] o.s.b.f.s.DefaultListableBeanFactory     : Creating shared instance of singleton bean 'org.springframework.boot.autoconfigure.transaction.jta.JtaAutoConfiguration'
2025-08-23T21:03:53.898+06:30 DEBUG 22317 --- [student-platform] [           main] o.s.b.f.s.DefaultListableBeanFactory     : Creating shared instance of singleton bean 'org.springframework.boot.autoconfigure.jdbc.metadata.DataSourcePoolMetadataProvidersConfiguration'
2025-08-23T21:03:53.898+06:30 DEBUG 22317 --- [student-platform] [           main] o.s.b.f.s.DefaultListableBeanFactory     : Creating shared instance of singleton bean 'org.springframework.boot.autoconfigure.jdbc.DataSourceAutoConfiguration'
2025-08-23T21:03:53.898+06:30 DEBUG 22317 --- [student-platform] [           main] o.s.b.f.s.DefaultListableBeanFactory     : Creating shared instance of singleton bean 'org.springframework.boot.autoconfigure.transaction.TransactionManagerCustomizationAutoConfiguration'
2025-08-23T21:03:53.898+06:30 DEBUG 22317 --- [student-platform] [           main] o.s.b.f.s.DefaultListableBeanFactory     : Creating shared instance of singleton bean 'platformTransactionManagerCustomizers'
2025-08-23T21:03:53.898+06:30 DEBUG 22317 --- [student-platform] [           main] o.s.b.f.s.DefaultListableBeanFactory     : Creating shared instance of singleton bean 'transactionExecutionListeners'
2025-08-23T21:03:53.899+06:30 DEBUG 22317 --- [student-platform] [           main] o.s.b.f.s.DefaultListableBeanFactory     : Creating shared instance of singleton bean 'spring.transaction-org.springframework.boot.autoconfigure.transaction.TransactionProperties'
2025-08-23T21:03:53.900+06:30 DEBUG 22317 --- [student-platform] [           main] o.s.b.f.s.DefaultListableBeanFactory     : Creating shared instance of singleton bean 'org.springframework.boot.autoconfigure.orm.jpa.JpaBaseConfiguration$PersistenceManagedTypesConfiguration'
2025-08-23T21:03:53.900+06:30 DEBUG 22317 --- [student-platform] [           main] o.s.b.f.s.DefaultListableBeanFactory     : Creating shared instance of singleton bean 'transactionManager'
2025-08-23T21:03:53.902+06:30 DEBUG 22317 --- [student-platform] [           main] o.s.b.f.s.DefaultListableBeanFactory     : Creating shared instance of singleton bean 'org.springframework.boot.autoconfigure.orm.jpa.HibernateJpaAutoConfiguration'
2025-08-23T21:03:53.902+06:30 DEBUG 22317 --- [student-platform] [           main] o.s.b.f.s.DefaultListableBeanFactory     : Creating shared instance of singleton bean 'org.springframework.boot.autoconfigure.context.ConfigurationPropertiesAutoConfiguration'
2025-08-23T21:03:53.902+06:30 DEBUG 22317 --- [student-platform] [           main] o.s.b.f.s.DefaultListableBeanFactory     : Creating shared instance of singleton bean 'org.springframework.boot.autoconfigure.context.LifecycleAutoConfiguration'
2025-08-23T21:03:53.902+06:30 DEBUG 22317 --- [student-platform] [           main] o.s.b.f.s.DefaultListableBeanFactory     : Creating shared instance of singleton bean 'lifecycleProcessor'
2025-08-23T21:03:53.902+06:30 DEBUG 22317 --- [student-platform] [           main] o.s.b.f.s.DefaultListableBeanFactory     : Creating shared instance of singleton bean 'spring.lifecycle-org.springframework.boot.autoconfigure.context.LifecycleProperties'
2025-08-23T21:03:53.903+06:30 DEBUG 22317 --- [student-platform] [           main] o.s.b.f.s.DefaultListableBeanFactory     : Autowiring by type from bean name 'lifecycleProcessor' via factory method to bean named 'spring.lifecycle-org.springframework.boot.autoconfigure.context.LifecycleProperties'
2025-08-23T21:03:53.903+06:30 DEBUG 22317 --- [student-platform] [           main] o.s.b.f.s.DefaultListableBeanFactory     : Creating shared instance of singleton bean 'org.springframework.boot.autoconfigure.dao.PersistenceExceptionTranslationAutoConfiguration'
2025-08-23T21:03:53.903+06:30 DEBUG 22317 --- [student-platform] [           main] o.s.b.f.s.DefaultListableBeanFactory     : Creating shared instance of singleton bean 'org.springframework.boot.autoconfigure.data.jpa.JpaRepositoriesAutoConfiguration'
2025-08-23T21:03:53.904+06:30 DEBUG 22317 --- [student-platform] [           main] o.s.b.f.s.DefaultListableBeanFactory     : Creating shared instance of singleton bean 'org.springframework.data.jpa.util.JpaMetamodelCacheCleanup'
2025-08-23T21:03:53.904+06:30 DEBUG 22317 --- [student-platform] [           main] o.s.b.f.s.DefaultListableBeanFactory     : Creating shared instance of singleton bean 'org.springframework.data.jpa.repository.support.JpaEvaluationContextExtension'
2025-08-23T21:03:53.904+06:30 DEBUG 22317 --- [student-platform] [           main] o.s.b.f.s.DefaultListableBeanFactory     : Creating shared instance of singleton bean 'data-jpa.repository-aot-processor#0'
2025-08-23T21:03:53.907+06:30 DEBUG 22317 --- [student-platform] [           main] o.s.b.f.s.DefaultListableBeanFactory     : Creating shared instance of singleton bean 'org.springframework.boot.autoconfigure.http.JacksonHttpMessageConvertersConfiguration'
2025-08-23T21:03:53.907+06:30 DEBUG 22317 --- [student-platform] [           main] o.s.b.f.s.DefaultListableBeanFactory     : Creating shared instance of singleton bean 'org.springframework.data.web.config.ProjectingArgumentResolverRegistrar'
2025-08-23T21:03:53.907+06:30 DEBUG 22317 --- [student-platform] [           main] o.s.b.f.s.DefaultListableBeanFactory     : Creating shared instance of singleton bean 'offsetResolver'
2025-08-23T21:03:53.907+06:30 DEBUG 22317 --- [student-platform] [           main] o.s.b.f.s.DefaultListableBeanFactory     : Creating shared instance of singleton bean 'org.springframework.boot.autoconfigure.http.client.HttpClientAutoConfiguration'
2025-08-23T21:03:53.908+06:30 DEBUG 22317 --- [student-platform] [           main] o.s.b.f.s.DefaultListableBeanFactory     : Creating shared instance of singleton bean 'spring.http.client-org.springframework.boot.autoconfigure.http.client.HttpClientProperties'
2025-08-23T21:03:53.908+06:30 DEBUG 22317 --- [student-platform] [           main] o.s.b.f.s.DefaultListableBeanFactory     : Autowiring by type from bean name 'org.springframework.boot.autoconfigure.http.client.HttpClientAutoConfiguration' via constructor to bean named 'spring.http.client-org.springframework.boot.autoconfigure.http.client.HttpClientProperties'
2025-08-23T21:03:53.909+06:30 DEBUG 22317 --- [student-platform] [           main] o.s.b.f.s.DefaultListableBeanFactory     : Creating shared instance of singleton bean 'clientHttpRequestFactoryBuilder'
2025-08-23T21:03:53.912+06:30 DEBUG 22317 --- [student-platform] [           main] o.s.b.f.s.DefaultListableBeanFactory     : Creating shared instance of singleton bean 'clientHttpRequestFactorySettings'
2025-08-23T21:03:53.914+06:30 DEBUG 22317 --- [student-platform] [           main] o.s.b.f.s.DefaultListableBeanFactory     : Creating shared instance of singleton bean 'org.springframework.boot.autoconfigure.info.ProjectInfoAutoConfiguration'
2025-08-23T21:03:53.914+06:30 DEBUG 22317 --- [student-platform] [           main] o.s.b.f.s.DefaultListableBeanFactory     : Creating shared instance of singleton bean 'spring.info-org.springframework.boot.autoconfigure.info.ProjectInfoProperties'
2025-08-23T21:03:53.915+06:30 DEBUG 22317 --- [student-platform] [           main] o.s.b.f.s.DefaultListableBeanFactory     : Autowiring by type from bean name 'org.springframework.boot.autoconfigure.info.ProjectInfoAutoConfiguration' via constructor to bean named 'spring.info-org.springframework.boot.autoconfigure.info.ProjectInfoProperties'
2025-08-23T21:03:53.915+06:30 DEBUG 22317 --- [student-platform] [           main] o.s.b.f.s.DefaultListableBeanFactory     : Creating shared instance of singleton bean 'org.springframework.boot.autoconfigure.jdbc.JdbcTemplateConfiguration'
2025-08-23T21:03:53.915+06:30 DEBUG 22317 --- [student-platform] [           main] o.s.b.f.s.DefaultListableBeanFactory     : Creating shared instance of singleton bean 'jdbcTemplate'
2025-08-23T21:03:53.915+06:30 DEBUG 22317 --- [student-platform] [           main] o.s.b.f.s.DefaultListableBeanFactory     : Creating shared instance of singleton bean 'spring.jdbc-org.springframework.boot.autoconfigure.jdbc.JdbcProperties'
2025-08-23T21:03:53.915+06:30 DEBUG 22317 --- [student-platform] [           main] o.s.b.f.s.DefaultListableBeanFactory     : Autowiring by type from bean name 'jdbcTemplate' via factory method to bean named 'dataSource'
2025-08-23T21:03:53.915+06:30 DEBUG 22317 --- [student-platform] [           main] o.s.b.f.s.DefaultListableBeanFactory     : Autowiring by type from bean name 'jdbcTemplate' via factory method to bean named 'spring.jdbc-org.springframework.boot.autoconfigure.jdbc.JdbcProperties'
2025-08-23T21:03:53.919+06:30 DEBUG 22317 --- [student-platform] [           main] o.s.b.f.s.DefaultListableBeanFactory     : Creating shared instance of singleton bean 'org.springframework.boot.autoconfigure.jdbc.NamedParameterJdbcTemplateConfiguration'
2025-08-23T21:03:53.919+06:30 DEBUG 22317 --- [student-platform] [           main] o.s.b.f.s.DefaultListableBeanFactory     : Creating shared instance of singleton bean 'namedParameterJdbcTemplate'
2025-08-23T21:03:53.919+06:30 DEBUG 22317 --- [student-platform] [           main] o.s.b.f.s.DefaultListableBeanFactory     : Autowiring by type from bean name 'namedParameterJdbcTemplate' via factory method to bean named 'jdbcTemplate'
2025-08-23T21:03:53.920+06:30 DEBUG 22317 --- [student-platform] [           main] o.s.b.f.s.DefaultListableBeanFactory     : Creating shared instance of singleton bean 'org.springframework.boot.autoconfigure.jdbc.JdbcTemplateAutoConfiguration'
2025-08-23T21:03:53.920+06:30 DEBUG 22317 --- [student-platform] [           main] o.s.b.f.s.DefaultListableBeanFactory     : Creating shared instance of singleton bean 'org.springframework.boot.autoconfigure.jdbc.JdbcClientAutoConfiguration'
2025-08-23T21:03:53.920+06:30 DEBUG 22317 --- [student-platform] [           main] o.s.b.f.s.DefaultListableBeanFactory     : Creating shared instance of singleton bean 'jdbcClient'
2025-08-23T21:03:53.921+06:30 DEBUG 22317 --- [student-platform] [           main] o.s.b.f.s.DefaultListableBeanFactory     : Autowiring by type from bean name 'jdbcClient' via factory method to bean named 'namedParameterJdbcTemplate'
2025-08-23T21:03:53.921+06:30 DEBUG 22317 --- [student-platform] [           main] o.s.b.f.s.DefaultListableBeanFactory     : Creating shared instance of singleton bean 'org.springframework.boot.autoconfigure.sql.init.SqlInitializationAutoConfiguration'
2025-08-23T21:03:53.921+06:30 DEBUG 22317 --- [student-platform] [           main] o.s.b.f.s.DefaultListableBeanFactory     : Creating shared instance of singleton bean 'org.springframework.boot.autoconfigure.task.TaskSchedulingConfigurations$ThreadPoolTaskSchedulerBuilderConfiguration'
2025-08-23T21:03:53.921+06:30 DEBUG 22317 --- [student-platform] [           main] o.s.b.f.s.DefaultListableBeanFactory     : Creating shared instance of singleton bean 'threadPoolTaskSchedulerBuilder'
2025-08-23T21:03:53.922+06:30 DEBUG 22317 --- [student-platform] [           main] o.s.b.f.s.DefaultListableBeanFactory     : Creating shared instance of singleton bean 'spring.task.scheduling-org.springframework.boot.autoconfigure.task.TaskSchedulingProperties'
2025-08-23T21:03:53.922+06:30 DEBUG 22317 --- [student-platform] [           main] o.s.b.f.s.DefaultListableBeanFactory     : Autowiring by type from bean name 'threadPoolTaskSchedulerBuilder' via factory method to bean named 'spring.task.scheduling-org.springframework.boot.autoconfigure.task.TaskSchedulingProperties'
2025-08-23T21:03:53.923+06:30 DEBUG 22317 --- [student-platform] [           main] o.s.b.f.s.DefaultListableBeanFactory     : Creating shared instance of singleton bean 'org.springframework.boot.autoconfigure.task.TaskSchedulingConfigurations$SimpleAsyncTaskSchedulerBuilderConfiguration'
2025-08-23T21:03:53.923+06:30 DEBUG 22317 --- [student-platform] [           main] o.s.b.f.s.DefaultListableBeanFactory     : Autowiring by type from bean name 'org.springframework.boot.autoconfigure.task.TaskSchedulingConfigurations$SimpleAsyncTaskSchedulerBuilderConfiguration' via constructor to bean named 'spring.task.scheduling-org.springframework.boot.autoconfigure.task.TaskSchedulingProperties'
2025-08-23T21:03:53.924+06:30 DEBUG 22317 --- [student-platform] [           main] o.s.b.f.s.DefaultListableBeanFactory     : Creating shared instance of singleton bean 'simpleAsyncTaskSchedulerBuilder'
2025-08-23T21:03:53.924+06:30 DEBUG 22317 --- [student-platform] [           main] o.s.b.f.s.DefaultListableBeanFactory     : Creating shared instance of singleton bean 'org.springframework.boot.autoconfigure.task.TaskSchedulingAutoConfiguration'
2025-08-23T21:03:53.925+06:30 DEBUG 22317 --- [student-platform] [           main] o.s.b.f.s.DefaultListableBeanFactory     : Creating shared instance of singleton bean 'org.springframework.boot.autoconfigure.jdbc.DataSourceTransactionManagerAutoConfiguration$JdbcTransactionManagerConfiguration'
2025-08-23T21:03:53.925+06:30 DEBUG 22317 --- [student-platform] [           main] o.s.b.f.s.DefaultListableBeanFactory     : Creating shared instance of singleton bean 'org.springframework.boot.autoconfigure.jdbc.DataSourceTransactionManagerAutoConfiguration'
2025-08-23T21:03:53.925+06:30 DEBUG 22317 --- [student-platform] [           main] o.s.b.f.s.DefaultListableBeanFactory     : Creating shared instance of singleton bean 'org.springframework.boot.autoconfigure.transaction.TransactionAutoConfiguration$EnableTransactionManagementConfiguration$CglibAutoProxyConfiguration'
2025-08-23T21:03:53.925+06:30 DEBUG 22317 --- [student-platform] [           main] o.s.b.f.s.DefaultListableBeanFactory     : Creating shared instance of singleton bean 'org.springframework.boot.autoconfigure.transaction.TransactionAutoConfiguration$EnableTransactionManagementConfiguration'
2025-08-23T21:03:53.925+06:30 DEBUG 22317 --- [student-platform] [           main] o.s.b.f.s.DefaultListableBeanFactory     : Creating shared instance of singleton bean 'org.springframework.boot.autoconfigure.transaction.TransactionAutoConfiguration$TransactionTemplateConfiguration'
2025-08-23T21:03:53.925+06:30 DEBUG 22317 --- [student-platform] [           main] o.s.b.f.s.DefaultListableBeanFactory     : Creating shared instance of singleton bean 'transactionTemplate'
2025-08-23T21:03:53.925+06:30 DEBUG 22317 --- [student-platform] [           main] o.s.b.f.s.DefaultListableBeanFactory     : Autowiring by type from bean name 'transactionTemplate' via factory method to bean named 'transactionManager'
2025-08-23T21:03:53.926+06:30 DEBUG 22317 --- [student-platform] [           main] o.s.b.f.s.DefaultListableBeanFactory     : Creating shared instance of singleton bean 'org.springframework.boot.autoconfigure.transaction.TransactionAutoConfiguration'
2025-08-23T21:03:53.926+06:30 DEBUG 22317 --- [student-platform] [           main] o.s.b.f.s.DefaultListableBeanFactory     : Creating shared instance of singleton bean 'org.springframework.boot.autoconfigure.web.client.RestClientAutoConfiguration'
2025-08-23T21:03:53.927+06:30 DEBUG 22317 --- [student-platform] [           main] o.s.b.f.s.DefaultListableBeanFactory     : Creating shared instance of singleton bean 'httpMessageConvertersRestClientCustomizer'
2025-08-23T21:03:53.927+06:30 DEBUG 22317 --- [student-platform] [           main] o.s.b.f.s.DefaultListableBeanFactory     : Creating shared instance of singleton bean 'restClientSsl'
2025-08-23T21:03:53.927+06:30 DEBUG 22317 --- [student-platform] [           main] o.s.b.f.s.DefaultListableBeanFactory     : Autowiring by type from bean name 'restClientSsl' via factory method to bean named 'sslBundleRegistry'
2025-08-23T21:03:53.928+06:30 DEBUG 22317 --- [student-platform] [           main] o.s.b.f.s.DefaultListableBeanFactory     : Creating shared instance of singleton bean 'restClientBuilderConfigurer'
2025-08-23T21:03:53.928+06:30 DEBUG 22317 --- [student-platform] [           main] o.s.b.f.s.DefaultListableBeanFactory     : Creating shared instance of singleton bean 'org.springframework.boot.autoconfigure.web.client.RestTemplateAutoConfiguration'
2025-08-23T21:03:53.928+06:30 DEBUG 22317 --- [student-platform] [           main] o.s.b.f.s.DefaultListableBeanFactory     : Creating shared instance of singleton bean 'characterEncodingFilter'
2025-08-23T21:03:53.929+06:30 DEBUG 22317 --- [student-platform] [           main] o.s.b.f.s.DefaultListableBeanFactory     : Creating shared instance of singleton bean 'multipartResolver'
2025-08-23T21:03:53.934+06:30 DEBUG 22317 --- [student-platform] [           main] o.s.c.support.DefaultLifecycleProcessor  : Starting beans in phase -2147483647
2025-08-23T21:03:53.934+06:30 DEBUG 22317 --- [student-platform] [           main] o.s.c.support.DefaultLifecycleProcessor  : Successfully started bean 'springBootLoggingLifecycle'
2025-08-23T21:03:53.934+06:30 DEBUG 22317 --- [student-platform] [           main] o.s.c.support.DefaultLifecycleProcessor  : Starting beans in phase 1073741823
2025-08-23T21:03:53.939+06:30 DEBUG 22317 --- [student-platform] [           main] .s.b.a.l.ConditionEvaluationReportLogger : 


============================
CONDITIONS EVALUATION REPORT
============================


Positive matches:
-----------------

   AopAutoConfiguration matched:
      - @ConditionalOnBooleanProperty (spring.aop.auto=true) matched (OnPropertyCondition)

   AopAutoConfiguration.AspectJAutoProxyingConfiguration matched:
      - @ConditionalOnClass found required class 'org.aspectj.weaver.Advice' (OnClassCondition)

   AopAutoConfiguration.AspectJAutoProxyingConfiguration.CglibAutoProxyConfiguration matched:
      - @ConditionalOnBooleanProperty (spring.aop.proxy-target-class=true) matched (OnPropertyCondition)

   ApplicationAvailabilityAutoConfiguration#applicationAvailability matched:
      - @ConditionalOnMissingBean (types: org.springframework.boot.availability.ApplicationAvailability; SearchStrategy: all) did not find any beans (OnBeanCondition)

   DataSourceAutoConfiguration matched:
      - @ConditionalOnClass found required classes 'javax.sql.DataSource', 'org.springframework.jdbc.datasource.embedded.EmbeddedDatabaseType' (OnClassCondition)
      - @ConditionalOnMissingBean (types: ?; SearchStrategy: all) did not find any beans (OnBeanCondition)

   DataSourceAutoConfiguration.PooledDataSourceConfiguration matched:
      - AnyNestedCondition 1 matched 1 did not; NestedCondition on DataSourceAutoConfiguration.PooledDataSourceCondition.PooledDataSourceAvailable PooledDataSource found supported DataSource; NestedCondition on DataSourceAutoConfiguration.PooledDataSourceCondition.ExplicitType @ConditionalOnProperty (spring.datasource.type) did not find property 'spring.datasource.type' (DataSourceAutoConfiguration.PooledDataSourceCondition)
      - @ConditionalOnMissingBean (types: javax.sql.DataSource,javax.sql.XADataSource; SearchStrategy: all) did not find any beans (OnBeanCondition)

   DataSourceAutoConfiguration.PooledDataSourceConfiguration#jdbcConnectionDetails matched:
      - @ConditionalOnMissingBean (types: org.springframework.boot.autoconfigure.jdbc.JdbcConnectionDetails; SearchStrategy: all) did not find any beans (OnBeanCondition)

   DataSourceConfiguration.Hikari matched:
      - @ConditionalOnClass found required class 'com.zaxxer.hikari.HikariDataSource' (OnClassCondition)
      - @ConditionalOnProperty (spring.datasource.type=com.zaxxer.hikari.HikariDataSource) matched (OnPropertyCondition)
      - @ConditionalOnMissingBean (types: javax.sql.DataSource; SearchStrategy: all) did not find any beans (OnBeanCondition)

   DataSourceInitializationConfiguration matched:
      - @ConditionalOnClass found required class 'org.springframework.jdbc.datasource.init.DatabasePopulator' (OnClassCondition)
      - @ConditionalOnSingleCandidate (types: javax.sql.DataSource; SearchStrategy: all) found a single bean 'dataSource'; @ConditionalOnMissingBean (types: org.springframework.boot.autoconfigure.sql.init.SqlDataSourceScriptDatabaseInitializer,org.springframework.boot.autoconfigure.sql.init.SqlR2dbcScriptDatabaseInitializer; SearchStrategy: all) did not find any beans (OnBeanCondition)

   DataSourcePoolMetadataProvidersConfiguration.HikariPoolDataSourceMetadataProviderConfiguration matched:
      - @ConditionalOnClass found required class 'com.zaxxer.hikari.HikariDataSource' (OnClassCondition)

   DataSourceTransactionManagerAutoConfiguration matched:
      - @ConditionalOnClass found required classes 'javax.sql.DataSource', 'org.springframework.jdbc.core.JdbcTemplate', 'org.springframework.transaction.TransactionManager' (OnClassCondition)

   DataSourceTransactionManagerAutoConfiguration.JdbcTransactionManagerConfiguration matched:
      - @ConditionalOnSingleCandidate (types: javax.sql.DataSource; SearchStrategy: all) found a single bean 'dataSource' (OnBeanCondition)

   DispatcherServletAutoConfiguration matched:
      - @ConditionalOnClass found required class 'org.springframework.web.servlet.DispatcherServlet' (OnClassCondition)
      - found 'session' scope (OnWebApplicationCondition)

   DispatcherServletAutoConfiguration.DispatcherServletConfiguration matched:
      - @ConditionalOnClass found required class 'jakarta.servlet.ServletRegistration' (OnClassCondition)
      - Default DispatcherServlet did not find dispatcher servlet beans (DispatcherServletAutoConfiguration.DefaultDispatcherServletCondition)

   DispatcherServletAutoConfiguration.DispatcherServletRegistrationConfiguration matched:
      - @ConditionalOnClass found required class 'jakarta.servlet.ServletRegistration' (OnClassCondition)
      - DispatcherServlet Registration did not find servlet registration bean (DispatcherServletAutoConfiguration.DispatcherServletRegistrationCondition)

   DispatcherServletAutoConfiguration.DispatcherServletRegistrationConfiguration#dispatcherServletRegistration matched:
      - @ConditionalOnBean (names: dispatcherServlet types: org.springframework.web.servlet.DispatcherServlet; SearchStrategy: all) found bean 'dispatcherServlet' (OnBeanCondition)

   ErrorMvcAutoConfiguration matched:
      - @ConditionalOnClass found required classes 'jakarta.servlet.Servlet', 'org.springframework.web.servlet.DispatcherServlet' (OnClassCondition)
      - found 'session' scope (OnWebApplicationCondition)

   ErrorMvcAutoConfiguration#basicErrorController matched:
      - @ConditionalOnMissingBean (types: org.springframework.boot.web.servlet.error.ErrorController; SearchStrategy: current) did not find any beans (OnBeanCondition)

   ErrorMvcAutoConfiguration#errorAttributes matched:
      - @ConditionalOnMissingBean (types: org.springframework.boot.web.servlet.error.ErrorAttributes; SearchStrategy: current) did not find any beans (OnBeanCondition)

   ErrorMvcAutoConfiguration.DefaultErrorViewResolverConfiguration#conventionErrorViewResolver matched:
      - @ConditionalOnBean (types: org.springframework.web.servlet.DispatcherServlet; SearchStrategy: all) found bean 'dispatcherServlet'; @ConditionalOnMissingBean (types: org.springframework.boot.autoconfigure.web.servlet.error.ErrorViewResolver; SearchStrategy: all) did not find any beans (OnBeanCondition)

   ErrorMvcAutoConfiguration.WhitelabelErrorViewConfiguration matched:
      - @ConditionalOnBooleanProperty (server.error.whitelabel.enabled=true) matched (OnPropertyCondition)
      - ErrorTemplate Missing did not find error template view (ErrorMvcAutoConfiguration.ErrorTemplateMissingCondition)

   ErrorMvcAutoConfiguration.WhitelabelErrorViewConfiguration#beanNameViewResolver matched:
      - @ConditionalOnMissingBean (types: org.springframework.web.servlet.view.BeanNameViewResolver; SearchStrategy: all) did not find any beans (OnBeanCondition)

   ErrorMvcAutoConfiguration.WhitelabelErrorViewConfiguration#defaultErrorView matched:
      - @ConditionalOnMissingBean (names: error; SearchStrategy: all) did not find any beans (OnBeanCondition)

   GenericCacheConfiguration matched:
      - Cache org.springframework.boot.autoconfigure.cache.GenericCacheConfiguration automatic cache type (CacheCondition)

   HibernateJpaAutoConfiguration matched:
      - @ConditionalOnClass found required classes 'org.springframework.orm.jpa.LocalContainerEntityManagerFactoryBean', 'jakarta.persistence.EntityManager', 'org.hibernate.engine.spi.SessionImplementor' (OnClassCondition)

   HibernateJpaConfiguration matched:
      - @ConditionalOnSingleCandidate (types: javax.sql.DataSource; SearchStrategy: all) found a single bean 'dataSource' (OnBeanCondition)

   HttpClientAutoConfiguration matched:
      - @ConditionalOnClass found required class 'org.springframework.http.client.ClientHttpRequestFactory' (OnClassCondition)
      - NoneNestedConditions 0 matched 1 did not; NestedCondition on NotReactiveWebApplicationCondition.ReactiveWebApplication did not find reactive web application classes (NotReactiveWebApplicationCondition)

   HttpClientAutoConfiguration#clientHttpRequestFactoryBuilder matched:
      - @ConditionalOnMissingBean (types: org.springframework.boot.http.client.ClientHttpRequestFactoryBuilder<?>; SearchStrategy: all) did not find any beans (OnBeanCondition)

   HttpClientAutoConfiguration#clientHttpRequestFactorySettings matched:
      - @ConditionalOnMissingBean (types: org.springframework.boot.http.client.ClientHttpRequestFactorySettings; SearchStrategy: all) did not find any beans (OnBeanCondition)

   HttpEncodingAutoConfiguration matched:
      - @ConditionalOnClass found required class 'org.springframework.web.filter.CharacterEncodingFilter' (OnClassCondition)
      - found 'session' scope (OnWebApplicationCondition)
      - @ConditionalOnBooleanProperty (server.servlet.encoding.enabled=true) matched (OnPropertyCondition)

   HttpEncodingAutoConfiguration#characterEncodingFilter matched:
      - @ConditionalOnMissingBean (types: org.springframework.web.filter.CharacterEncodingFilter; SearchStrategy: all) did not find any beans (OnBeanCondition)

   HttpMessageConvertersAutoConfiguration matched:
      - @ConditionalOnClass found required class 'org.springframework.http.converter.HttpMessageConverter' (OnClassCondition)
      - NoneNestedConditions 0 matched 1 did not; NestedCondition on HttpMessageConvertersAutoConfiguration.NotReactiveWebApplicationCondition.ReactiveWebApplication did not find reactive web application classes (HttpMessageConvertersAutoConfiguration.NotReactiveWebApplicationCondition)

   HttpMessageConvertersAutoConfiguration#messageConverters matched:
      - @ConditionalOnMissingBean (types: org.springframework.boot.autoconfigure.http.HttpMessageConverters; SearchStrategy: all) did not find any beans (OnBeanCondition)

   HttpMessageConvertersAutoConfiguration.StringHttpMessageConverterConfiguration matched:
      - @ConditionalOnClass found required class 'org.springframework.http.converter.StringHttpMessageConverter' (OnClassCondition)

   HttpMessageConvertersAutoConfiguration.StringHttpMessageConverterConfiguration#stringHttpMessageConverter matched:
      - @ConditionalOnMissingBean (types: org.springframework.http.converter.StringHttpMessageConverter; SearchStrategy: all) did not find any beans (OnBeanCondition)

   JacksonAutoConfiguration matched:
      - @ConditionalOnClass found required class 'com.fasterxml.jackson.databind.ObjectMapper' (OnClassCondition)

   JacksonAutoConfiguration.Jackson2ObjectMapperBuilderCustomizerConfiguration matched:
      - @ConditionalOnClass found required class 'org.springframework.http.converter.json.Jackson2ObjectMapperBuilder' (OnClassCondition)

   JacksonAutoConfiguration.JacksonObjectMapperBuilderConfiguration matched:
      - @ConditionalOnClass found required class 'org.springframework.http.converter.json.Jackson2ObjectMapperBuilder' (OnClassCondition)

   JacksonAutoConfiguration.JacksonObjectMapperBuilderConfiguration#jacksonObjectMapperBuilder matched:
      - @ConditionalOnMissingBean (types: org.springframework.http.converter.json.Jackson2ObjectMapperBuilder; SearchStrategy: all) did not find any beans (OnBeanCondition)

   JacksonAutoConfiguration.JacksonObjectMapperConfiguration matched:
      - @ConditionalOnClass found required class 'org.springframework.http.converter.json.Jackson2ObjectMapperBuilder' (OnClassCondition)

   JacksonAutoConfiguration.JacksonObjectMapperConfiguration#jacksonObjectMapper matched:
      - @ConditionalOnMissingBean (types: com.fasterxml.jackson.databind.ObjectMapper; SearchStrategy: all) did not find any beans (OnBeanCondition)

   JacksonAutoConfiguration.ParameterNamesModuleConfiguration matched:
      - @ConditionalOnClass found required class 'com.fasterxml.jackson.module.paramnames.ParameterNamesModule' (OnClassCondition)

   JacksonAutoConfiguration.ParameterNamesModuleConfiguration#parameterNamesModule matched:
      - @ConditionalOnMissingBean (types: com.fasterxml.jackson.module.paramnames.ParameterNamesModule; SearchStrategy: all) did not find any beans (OnBeanCondition)

   JacksonHttpMessageConvertersConfiguration.MappingJackson2HttpMessageConverterConfiguration matched:
      - @ConditionalOnClass found required class 'com.fasterxml.jackson.databind.ObjectMapper' (OnClassCondition)
      - @ConditionalOnPreferredJsonMapper JACKSON no property was configured and Jackson is the default (OnPreferredJsonMapperCondition)
      - @ConditionalOnBean (types: com.fasterxml.jackson.databind.ObjectMapper; SearchStrategy: all) found bean 'jacksonObjectMapper' (OnBeanCondition)

   JacksonHttpMessageConvertersConfiguration.MappingJackson2HttpMessageConverterConfiguration#mappingJackson2HttpMessageConverter matched:
      - @ConditionalOnMissingBean (types: org.springframework.http.converter.json.MappingJackson2HttpMessageConverter ignored: ?; SearchStrategy: all) did not find any beans (OnBeanCondition)

   JdbcClientAutoConfiguration matched:
      - @ConditionalOnSingleCandidate (types: org.springframework.jdbc.core.namedparam.NamedParameterJdbcTemplate; SearchStrategy: all) found a single bean 'namedParameterJdbcTemplate'; @ConditionalOnMissingBean (types: org.springframework.jdbc.core.simple.JdbcClient; SearchStrategy: all) did not find any beans (OnBeanCondition)

   JdbcTemplateAutoConfiguration matched:
      - @ConditionalOnClass found required classes 'javax.sql.DataSource', 'org.springframework.jdbc.core.JdbcTemplate' (OnClassCondition)
      - @ConditionalOnSingleCandidate (types: javax.sql.DataSource; SearchStrategy: all) found a single bean 'dataSource' (OnBeanCondition)

   JdbcTemplateConfiguration matched:
      - @ConditionalOnMissingBean (types: org.springframework.jdbc.core.JdbcOperations; SearchStrategy: all) did not find any beans (OnBeanCondition)

   JpaBaseConfiguration#entityManagerFactory matched:
      - @ConditionalOnMissingBean (types: org.springframework.orm.jpa.LocalContainerEntityManagerFactoryBean,jakarta.persistence.EntityManagerFactory; SearchStrategy: all) did not find any beans (OnBeanCondition)

   JpaBaseConfiguration#entityManagerFactoryBuilder matched:
      - @ConditionalOnMissingBean (types: org.springframework.boot.orm.jpa.EntityManagerFactoryBuilder; SearchStrategy: all) did not find any beans (OnBeanCondition)

   JpaBaseConfiguration#jpaVendorAdapter matched:
      - @ConditionalOnMissingBean (types: org.springframework.orm.jpa.JpaVendorAdapter; SearchStrategy: all) did not find any beans (OnBeanCondition)

   JpaBaseConfiguration#transactionManager matched:
      - @ConditionalOnMissingBean (types: org.springframework.transaction.TransactionManager; SearchStrategy: all) did not find any beans (OnBeanCondition)

   JpaBaseConfiguration.JpaWebConfiguration matched:
      - @ConditionalOnClass found required class 'org.springframework.web.servlet.config.annotation.WebMvcConfigurer' (OnClassCondition)
      - found 'session' scope (OnWebApplicationCondition)
      - @ConditionalOnBooleanProperty (spring.jpa.open-in-view=true) matched (OnPropertyCondition)
      - @ConditionalOnMissingBean (types: org.springframework.orm.jpa.support.OpenEntityManagerInViewInterceptor,org.springframework.orm.jpa.support.OpenEntityManagerInViewFilter; SearchStrategy: all) did not find any beans (OnBeanCondition)

   JpaBaseConfiguration.PersistenceManagedTypesConfiguration matched:
      - @ConditionalOnMissingBean (types: org.springframework.orm.jpa.LocalContainerEntityManagerFactoryBean,jakarta.persistence.EntityManagerFactory; SearchStrategy: all) did not find any beans (OnBeanCondition)

   JpaBaseConfiguration.PersistenceManagedTypesConfiguration#persistenceManagedTypes matched:
      - @ConditionalOnMissingBean (types: org.springframework.orm.jpa.persistenceunit.PersistenceManagedTypes; SearchStrategy: all) did not find any beans (OnBeanCondition)

   JpaRepositoriesAutoConfiguration matched:
      - @ConditionalOnClass found required class 'org.springframework.data.jpa.repository.JpaRepository' (OnClassCondition)
      - @ConditionalOnBooleanProperty (spring.data.jpa.repositories.enabled=true) matched (OnPropertyCondition)
      - @ConditionalOnBean (types: javax.sql.DataSource; SearchStrategy: all) found bean 'dataSource'; @ConditionalOnMissingBean (types: org.springframework.data.jpa.repository.support.JpaRepositoryFactoryBean,org.springframework.data.jpa.repository.config.JpaRepositoryConfigExtension; SearchStrategy: all) did not find any beans (OnBeanCondition)

   JtaAutoConfiguration matched:
      - @ConditionalOnClass found required class 'jakarta.transaction.Transaction' (OnClassCondition)
      - @ConditionalOnBooleanProperty (spring.jta.enabled=true) matched (OnPropertyCondition)

   LifecycleAutoConfiguration#defaultLifecycleProcessor matched:
      - @ConditionalOnMissingBean (names: lifecycleProcessor; SearchStrategy: current) did not find any beans (OnBeanCondition)

   MultipartAutoConfiguration matched:
      - @ConditionalOnClass found required classes 'jakarta.servlet.Servlet', 'org.springframework.web.multipart.support.StandardServletMultipartResolver', 'jakarta.servlet.MultipartConfigElement' (OnClassCondition)
      - found 'session' scope (OnWebApplicationCondition)
      - @ConditionalOnBooleanProperty (spring.servlet.multipart.enabled=true) matched (OnPropertyCondition)

   MultipartAutoConfiguration#multipartConfigElement matched:
      - @ConditionalOnMissingBean (types: jakarta.servlet.MultipartConfigElement; SearchStrategy: all) did not find any beans (OnBeanCondition)

   MultipartAutoConfiguration#multipartResolver matched:
      - @ConditionalOnMissingBean (types: org.springframework.web.multipart.MultipartResolver; SearchStrategy: all) did not find any beans (OnBeanCondition)

   NamedParameterJdbcTemplateConfiguration matched:
      - @ConditionalOnSingleCandidate (types: org.springframework.jdbc.core.JdbcTemplate; SearchStrategy: all) found a single bean 'jdbcTemplate'; @ConditionalOnMissingBean (types: org.springframework.jdbc.core.namedparam.NamedParameterJdbcOperations; SearchStrategy: all) did not find any beans (OnBeanCondition)

   NoOpCacheConfiguration matched:
      - Cache org.springframework.boot.autoconfigure.cache.NoOpCacheConfiguration automatic cache type (CacheCondition)

   PersistenceExceptionTranslationAutoConfiguration matched:
      - @ConditionalOnClass found required class 'org.springframework.dao.annotation.PersistenceExceptionTranslationPostProcessor' (OnClassCondition)

   PersistenceExceptionTranslationAutoConfiguration#persistenceExceptionTranslationPostProcessor matched:
      - @ConditionalOnBooleanProperty (spring.dao.exceptiontranslation.enabled=true) matched (OnPropertyCondition)
      - @ConditionalOnMissingBean (types: org.springframework.dao.annotation.PersistenceExceptionTranslationPostProcessor; SearchStrategy: all) did not find any beans (OnBeanCondition)

   PropertyPlaceholderAutoConfiguration#propertySourcesPlaceholderConfigurer matched:
      - @ConditionalOnMissingBean (types: org.springframework.context.support.PropertySourcesPlaceholderConfigurer; SearchStrategy: current) did not find any beans (OnBeanCondition)

   RestClientAutoConfiguration matched:
      - @ConditionalOnClass found required class 'org.springframework.web.client.RestClient' (OnClassCondition)
      - AnyNestedCondition 1 matched 1 did not; NestedCondition on NotReactiveWebApplicationOrVirtualThreadsExecutorEnabledCondition.VirtualThreadsExecutorEnabled found non-matching nested conditions @ConditionalOnThreading did not find VIRTUAL; NestedCondition on NotReactiveWebApplicationOrVirtualThreadsExecutorEnabledCondition.NotReactiveWebApplication NoneNestedConditions 0 matched 1 did not; NestedCondition on NotReactiveWebApplicationCondition.ReactiveWebApplication did not find reactive web application classes (NotReactiveWebApplicationOrVirtualThreadsExecutorEnabledCondition)

   RestClientAutoConfiguration#httpMessageConvertersRestClientCustomizer matched:
      - @ConditionalOnMissingBean (types: org.springframework.boot.autoconfigure.web.client.HttpMessageConvertersRestClientCustomizer; SearchStrategy: all) did not find any beans (OnBeanCondition)

   RestClientAutoConfiguration#restClientBuilder matched:
      - @ConditionalOnMissingBean (types: org.springframework.web.client.RestClient$Builder; SearchStrategy: all) did not find any beans (OnBeanCondition)

   RestClientAutoConfiguration#restClientBuilderConfigurer matched:
      - @ConditionalOnMissingBean (types: org.springframework.boot.autoconfigure.web.client.RestClientBuilderConfigurer; SearchStrategy: all) did not find any beans (OnBeanCondition)

   RestClientAutoConfiguration#restClientSsl matched:
      - @ConditionalOnBean (types: org.springframework.boot.ssl.SslBundles; SearchStrategy: all) found bean 'sslBundleRegistry'; @ConditionalOnMissingBean (types: org.springframework.boot.autoconfigure.web.client.RestClientSsl; SearchStrategy: all) did not find any beans (OnBeanCondition)

   RestTemplateAutoConfiguration matched:
      - @ConditionalOnClass found required class 'org.springframework.web.client.RestTemplate' (OnClassCondition)
      - NoneNestedConditions 0 matched 1 did not; NestedCondition on NotReactiveWebApplicationCondition.ReactiveWebApplication did not find reactive web application classes (NotReactiveWebApplicationCondition)

   RestTemplateAutoConfiguration#restTemplateBuilder matched:
      - @ConditionalOnMissingBean (types: org.springframework.boot.web.client.RestTemplateBuilder; SearchStrategy: all) did not find any beans (OnBeanCondition)

   ServletWebServerFactoryAutoConfiguration matched:
      - @ConditionalOnClass found required class 'jakarta.servlet.ServletRequest' (OnClassCondition)
      - found 'session' scope (OnWebApplicationCondition)

   ServletWebServerFactoryAutoConfiguration#tomcatServletWebServerFactoryCustomizer matched:
      - @ConditionalOnClass found required class 'org.apache.catalina.startup.Tomcat' (OnClassCondition)

   ServletWebServerFactoryConfiguration.EmbeddedTomcat matched:
      - @ConditionalOnClass found required classes 'jakarta.servlet.Servlet', 'org.apache.catalina.startup.Tomcat', 'org.apache.coyote.UpgradeProtocol' (OnClassCondition)
      - @ConditionalOnMissingBean (types: org.springframework.boot.web.servlet.server.ServletWebServerFactory; SearchStrategy: current) did not find any beans (OnBeanCondition)

   SimpleCacheConfiguration matched:
      - Cache org.springframework.boot.autoconfigure.cache.SimpleCacheConfiguration automatic cache type (CacheCondition)

   SpringDataWebAutoConfiguration matched:
      - @ConditionalOnClass found required classes 'org.springframework.data.web.PageableHandlerMethodArgumentResolver', 'org.springframework.web.servlet.config.annotation.WebMvcConfigurer' (OnClassCondition)
      - found 'session' scope (OnWebApplicationCondition)
      - @ConditionalOnMissingBean (types: org.springframework.data.web.PageableHandlerMethodArgumentResolver; SearchStrategy: all) did not find any beans (OnBeanCondition)

   SpringDataWebAutoConfiguration#pageableCustomizer matched:
      - @ConditionalOnMissingBean (types: org.springframework.data.web.config.PageableHandlerMethodArgumentResolverCustomizer; SearchStrategy: all) did not find any beans (OnBeanCondition)

   SpringDataWebAutoConfiguration#sortCustomizer matched:
      - @ConditionalOnMissingBean (types: org.springframework.data.web.config.SortHandlerMethodArgumentResolverCustomizer; SearchStrategy: all) did not find any beans (OnBeanCondition)

   SpringDataWebAutoConfiguration#springDataWebSettings matched:
      - @ConditionalOnMissingBean (types: org.springframework.data.web.config.SpringDataWebSettings; SearchStrategy: all) did not find any beans (OnBeanCondition)

   SqlInitializationAutoConfiguration matched:
      - @ConditionalOnBooleanProperty (spring.sql.init.enabled=true) matched (OnPropertyCondition)
      - NoneNestedConditions 0 matched 1 did not; NestedCondition on SqlInitializationAutoConfiguration.SqlInitializationModeCondition.ModeIsNever @ConditionalOnProperty (spring.sql.init.mode=never) did not find property 'spring.sql.init.mode' (SqlInitializationAutoConfiguration.SqlInitializationModeCondition)

   SslAutoConfiguration#sslBundleRegistry matched:
      - @ConditionalOnMissingBean (types: org.springframework.boot.ssl.SslBundleRegistry,org.springframework.boot.ssl.SslBundles; SearchStrategy: all) did not find any beans (OnBeanCondition)

   TaskExecutionAutoConfiguration matched:
      - @ConditionalOnClass found required class 'org.springframework.scheduling.concurrent.ThreadPoolTaskExecutor' (OnClassCondition)

   TaskExecutorConfigurations.AsyncConfigurerConfiguration matched:
      - @ConditionalOnMissingBean (types: org.springframework.scheduling.annotation.AsyncConfigurer; SearchStrategy: all) did not find any beans (OnBeanCondition)

   TaskExecutorConfigurations.AsyncConfigurerConfiguration#applicationTaskExecutorAsyncConfigurer matched:
      - @ConditionalOnMissingBean (types: org.springframework.scheduling.annotation.AsyncConfigurer; SearchStrategy: all) did not find any beans (OnBeanCondition)

   TaskExecutorConfigurations.SimpleAsyncTaskExecutorBuilderConfiguration#simpleAsyncTaskExecutorBuilder matched:
      - @ConditionalOnMissingBean (types: org.springframework.boot.task.SimpleAsyncTaskExecutorBuilder; SearchStrategy: all) did not find any beans (OnBeanCondition)
      - @ConditionalOnThreading found PLATFORM (OnThreadingCondition)

   TaskExecutorConfigurations.TaskExecutorConfiguration matched:
      - AnyNestedCondition 1 matched 1 did not; NestedCondition on TaskExecutorConfigurations.OnExecutorCondition.ModelCondition @ConditionalOnProperty (spring.task.execution.mode=force) did not find property 'spring.task.execution.mode'; NestedCondition on TaskExecutorConfigurations.OnExecutorCondition.ExecutorBeanCondition @ConditionalOnMissingBean (types: java.util.concurrent.Executor; SearchStrategy: all) did not find any beans (TaskExecutorConfigurations.OnExecutorCondition)

   TaskExecutorConfigurations.TaskExecutorConfiguration#applicationTaskExecutor matched:
      - @ConditionalOnThreading found PLATFORM (OnThreadingCondition)

   TaskExecutorConfigurations.ThreadPoolTaskExecutorBuilderConfiguration#threadPoolTaskExecutorBuilder matched:
      - @ConditionalOnMissingBean (types: org.springframework.boot.task.ThreadPoolTaskExecutorBuilder; SearchStrategy: all) did not find any beans (OnBeanCondition)

   TaskSchedulingAutoConfiguration matched:
      - @ConditionalOnClass found required class 'org.springframework.scheduling.concurrent.ThreadPoolTaskScheduler' (OnClassCondition)

   TaskSchedulingConfigurations.SimpleAsyncTaskSchedulerBuilderConfiguration#simpleAsyncTaskSchedulerBuilder matched:
      - @ConditionalOnMissingBean (types: org.springframework.boot.task.SimpleAsyncTaskSchedulerBuilder; SearchStrategy: all) did not find any beans (OnBeanCondition)
      - @ConditionalOnThreading found PLATFORM (OnThreadingCondition)

   TaskSchedulingConfigurations.ThreadPoolTaskSchedulerBuilderConfiguration#threadPoolTaskSchedulerBuilder matched:
      - @ConditionalOnMissingBean (types: org.springframework.boot.task.ThreadPoolTaskSchedulerBuilder; SearchStrategy: all) did not find any beans (OnBeanCondition)

   TransactionAutoConfiguration matched:
      - @ConditionalOnClass found required class 'org.springframework.transaction.PlatformTransactionManager' (OnClassCondition)

   TransactionAutoConfiguration.EnableTransactionManagementConfiguration matched:
      - @ConditionalOnBean (types: org.springframework.transaction.TransactionManager; SearchStrategy: all) found bean 'transactionManager'; @ConditionalOnMissingBean (types: org.springframework.transaction.annotation.AbstractTransactionManagementConfiguration; SearchStrategy: all) did not find any beans (OnBeanCondition)

   TransactionAutoConfiguration.EnableTransactionManagementConfiguration.CglibAutoProxyConfiguration matched:
      - @ConditionalOnBooleanProperty (spring.aop.proxy-target-class=true) matched (OnPropertyCondition)

   TransactionAutoConfiguration.TransactionTemplateConfiguration matched:
      - @ConditionalOnSingleCandidate (types: org.springframework.transaction.PlatformTransactionManager; SearchStrategy: all) found a single bean 'transactionManager' (OnBeanCondition)

   TransactionAutoConfiguration.TransactionTemplateConfiguration#transactionTemplate matched:
      - @ConditionalOnMissingBean (types: org.springframework.transaction.support.TransactionOperations; SearchStrategy: all) did not find any beans (OnBeanCondition)

   TransactionManagerCustomizationAutoConfiguration matched:
      - @ConditionalOnClass found required class 'org.springframework.transaction.PlatformTransactionManager' (OnClassCondition)

   TransactionManagerCustomizationAutoConfiguration#platformTransactionManagerCustomizers matched:
      - @ConditionalOnMissingBean (types: org.springframework.boot.autoconfigure.transaction.TransactionManagerCustomizers; SearchStrategy: all) did not find any beans (OnBeanCondition)

   ValidationAutoConfiguration matched:
      - @ConditionalOnClass found required class 'jakarta.validation.executable.ExecutableValidator' (OnClassCondition)
      - @ConditionalOnResource found location classpath:META-INF/services/jakarta.validation.spi.ValidationProvider (OnResourceCondition)

   ValidationAutoConfiguration#defaultValidator matched:
      - @ConditionalOnMissingBean (types: jakarta.validation.Validator; SearchStrategy: all) did not find any beans (OnBeanCondition)

   ValidationAutoConfiguration#methodValidationPostProcessor matched:
      - @ConditionalOnMissingBean (types: org.springframework.validation.beanvalidation.MethodValidationPostProcessor; SearchStrategy: current) did not find any beans (OnBeanCondition)

   WebMvcAutoConfiguration matched:
      - @ConditionalOnClass found required classes 'jakarta.servlet.Servlet', 'org.springframework.web.servlet.DispatcherServlet', 'org.springframework.web.servlet.config.annotation.WebMvcConfigurer' (OnClassCondition)
      - found 'session' scope (OnWebApplicationCondition)
      - @ConditionalOnMissingBean (types: org.springframework.web.servlet.config.annotation.WebMvcConfigurationSupport; SearchStrategy: all) did not find any beans (OnBeanCondition)

   WebMvcAutoConfiguration#formContentFilter matched:
      - @ConditionalOnBooleanProperty (spring.mvc.formcontent.filter.enabled=true) matched (OnPropertyCondition)
      - @ConditionalOnMissingBean (types: org.springframework.web.filter.FormContentFilter; SearchStrategy: all) did not find any beans (OnBeanCondition)

   WebMvcAutoConfiguration.EnableWebMvcConfiguration#flashMapManager matched:
      - @ConditionalOnMissingBean (names: flashMapManager; SearchStrategy: all) did not find any beans (OnBeanCondition)

   WebMvcAutoConfiguration.EnableWebMvcConfiguration#localeResolver matched:
      - @ConditionalOnMissingBean (names: localeResolver; SearchStrategy: all) did not find any beans (OnBeanCondition)

   WebMvcAutoConfiguration.EnableWebMvcConfiguration#themeResolver matched:
      - @ConditionalOnMissingBean (names: themeResolver; SearchStrategy: all) did not find any beans (OnBeanCondition)

   WebMvcAutoConfiguration.EnableWebMvcConfiguration#viewNameTranslator matched:
      - @ConditionalOnMissingBean (names: viewNameTranslator; SearchStrategy: all) did not find any beans (OnBeanCondition)

   WebMvcAutoConfiguration.WebMvcAutoConfigurationAdapter#defaultViewResolver matched:
      - @ConditionalOnMissingBean (types: org.springframework.web.servlet.view.InternalResourceViewResolver; SearchStrategy: all) did not find any beans (OnBeanCondition)

   WebMvcAutoConfiguration.WebMvcAutoConfigurationAdapter#requestContextFilter matched:
      - @ConditionalOnMissingBean (types: org.springframework.web.context.request.RequestContextListener,org.springframework.web.filter.RequestContextFilter; SearchStrategy: all) did not find any beans (OnBeanCondition)

   WebMvcAutoConfiguration.WebMvcAutoConfigurationAdapter#viewResolver matched:
      - @ConditionalOnBean (types: org.springframework.web.servlet.ViewResolver; SearchStrategy: all) found beans 'defaultViewResolver', 'beanNameViewResolver', 'mvcViewResolver'; @ConditionalOnMissingBean (names: viewResolver types: org.springframework.web.servlet.view.ContentNegotiatingViewResolver; SearchStrategy: all) did not find any beans (OnBeanCondition)

   WebSocketServletAutoConfiguration matched:
      - @ConditionalOnClass found required classes 'jakarta.servlet.Servlet', 'jakarta.websocket.server.ServerContainer' (OnClassCondition)
      - found 'session' scope (OnWebApplicationCondition)

   WebSocketServletAutoConfiguration.TomcatWebSocketConfiguration matched:
      - @ConditionalOnClass found required classes 'org.apache.catalina.startup.Tomcat', 'org.apache.tomcat.websocket.server.WsSci' (OnClassCondition)

   WebSocketServletAutoConfiguration.TomcatWebSocketConfiguration#websocketServletWebServerCustomizer matched:
      - @ConditionalOnMissingBean (names: websocketServletWebServerCustomizer; SearchStrategy: all) did not find any beans (OnBeanCondition)


Negative matches:
-----------------

   ActiveMQAutoConfiguration:
      Did not match:
         - @ConditionalOnClass did not find required class 'jakarta.jms.ConnectionFactory' (OnClassCondition)

   AopAutoConfiguration.AspectJAutoProxyingConfiguration.JdkDynamicAutoProxyConfiguration:
      Did not match:
         - @ConditionalOnBooleanProperty (spring.aop.proxy-target-class=false) did not find property 'spring.aop.proxy-target-class' (OnPropertyCondition)

   AopAutoConfiguration.ClassProxyingConfiguration:
      Did not match:
         - @ConditionalOnMissingClass found unwanted class 'org.aspectj.weaver.Advice' (OnClassCondition)

   ArtemisAutoConfiguration:
      Did not match:
         - @ConditionalOnClass did not find required class 'jakarta.jms.ConnectionFactory' (OnClassCondition)

   BatchAutoConfiguration:
      Did not match:
         - @ConditionalOnClass did not find required class 'org.springframework.batch.core.launch.JobLauncher' (OnClassCondition)

   Cache2kCacheConfiguration:
      Did not match:
         - @ConditionalOnClass did not find required class 'org.cache2k.Cache2kBuilder' (OnClassCondition)

   CacheAutoConfiguration:
      Did not match:
         - @ConditionalOnBean (types: org.springframework.cache.interceptor.CacheAspectSupport; SearchStrategy: all) did not find any beans of type org.springframework.cache.interceptor.CacheAspectSupport (OnBeanCondition)
      Matched:
         - @ConditionalOnClass found required class 'org.springframework.cache.CacheManager' (OnClassCondition)

   CacheAutoConfiguration.CacheManagerEntityManagerFactoryDependsOnPostProcessor:
      Did not match:
         - Ancestor org.springframework.boot.autoconfigure.cache.CacheAutoConfiguration did not match (ConditionEvaluationReport.AncestorsMatchedCondition)
      Matched:
         - @ConditionalOnClass found required class 'org.springframework.orm.jpa.LocalContainerEntityManagerFactoryBean' (OnClassCondition)

   CaffeineCacheConfiguration:
      Did not match:
         - @ConditionalOnClass did not find required class 'com.github.benmanes.caffeine.cache.Caffeine' (OnClassCondition)

   CassandraAutoConfiguration:
      Did not match:
         - @ConditionalOnClass did not find required class 'com.datastax.oss.driver.api.core.CqlSession' (OnClassCondition)

   CassandraDataAutoConfiguration:
      Did not match:
         - @ConditionalOnClass did not find required class 'com.datastax.oss.driver.api.core.CqlSession' (OnClassCondition)

   CassandraReactiveDataAutoConfiguration:
      Did not match:
         - @ConditionalOnClass did not find required class 'com.datastax.oss.driver.api.core.CqlSession' (OnClassCondition)

   CassandraReactiveRepositoriesAutoConfiguration:
      Did not match:
         - @ConditionalOnClass did not find required class 'org.springframework.data.cassandra.ReactiveSession' (OnClassCondition)

   CassandraRepositoriesAutoConfiguration:
      Did not match:
         - @ConditionalOnClass did not find required class 'com.datastax.oss.driver.api.core.CqlSession' (OnClassCondition)

   org.springframework.boot.autoconfigure.http.client.reactive.ClientHttpConnectorAutoConfiguration:
      Did not match:
         - @ConditionalOnClass did not find required class 'reactor.core.publisher.Mono' (OnClassCondition)

   org.springframework.boot.autoconfigure.web.reactive.function.client.ClientHttpConnectorAutoConfiguration:
      Did not match:
         - @ConditionalOnClass did not find required class 'org.springframework.web.reactive.function.client.WebClient' (OnClassCondition)

   CodecsAutoConfiguration:
      Did not match:
         - @ConditionalOnClass did not find required class 'org.springframework.web.reactive.function.client.WebClient' (OnClassCondition)

   CouchbaseAutoConfiguration:
      Did not match:
         - @ConditionalOnClass did not find required class 'com.couchbase.client.java.Cluster' (OnClassCondition)

   CouchbaseCacheConfiguration:
      Did not match:
         - @ConditionalOnClass did not find required class 'com.couchbase.client.java.Cluster' (OnClassCondition)

   CouchbaseDataAutoConfiguration:
      Did not match:
         - @ConditionalOnClass did not find required class 'com.couchbase.client.java.Bucket' (OnClassCondition)

   CouchbaseReactiveDataAutoConfiguration:
      Did not match:
         - @ConditionalOnClass did not find required class 'com.couchbase.client.java.Cluster' (OnClassCondition)

   CouchbaseReactiveRepositoriesAutoConfiguration:
      Did not match:
         - @ConditionalOnClass did not find required class 'com.couchbase.client.java.Cluster' (OnClassCondition)

   CouchbaseRepositoriesAutoConfiguration:
      Did not match:
         - @ConditionalOnClass did not find required class 'com.couchbase.client.java.Bucket' (OnClassCondition)

   DataSourceAutoConfiguration.EmbeddedDatabaseConfiguration:
      Did not match:
         - EmbeddedDataSource spring.datasource.url is set (DataSourceAutoConfiguration.EmbeddedDatabaseCondition)

   DataSourceCheckpointRestoreConfiguration:
      Did not match:
         - @ConditionalOnClass did not find required class 'org.crac.Resource' (OnClassCondition)

   DataSourceConfiguration.Dbcp2:
      Did not match:
         - @ConditionalOnClass did not find required class 'org.apache.commons.dbcp2.BasicDataSource' (OnClassCondition)

   DataSourceConfiguration.Generic:
      Did not match:
         - @ConditionalOnProperty (spring.datasource.type) did not find property 'spring.datasource.type' (OnPropertyCondition)

   DataSourceConfiguration.OracleUcp:
      Did not match:
         - @ConditionalOnClass did not find required classes 'oracle.ucp.jdbc.PoolDataSourceImpl', 'oracle.jdbc.OracleConnection' (OnClassCondition)

   DataSourceConfiguration.Tomcat:
      Did not match:
         - @ConditionalOnClass did not find required class 'org.apache.tomcat.jdbc.pool.DataSource' (OnClassCondition)

   DataSourceJmxConfiguration:
      Did not match:
         - @ConditionalOnBooleanProperty (spring.jmx.enabled=true) found different value in property 'spring.jmx.enabled' (OnPropertyCondition)

   DataSourcePoolMetadataProvidersConfiguration.CommonsDbcp2PoolDataSourceMetadataProviderConfiguration:
      Did not match:
         - @ConditionalOnClass did not find required class 'org.apache.commons.dbcp2.BasicDataSource' (OnClassCondition)

   DataSourcePoolMetadataProvidersConfiguration.OracleUcpPoolDataSourceMetadataProviderConfiguration:
      Did not match:
         - @ConditionalOnClass did not find required classes 'oracle.ucp.jdbc.PoolDataSource', 'oracle.jdbc.OracleConnection' (OnClassCondition)

   DataSourcePoolMetadataProvidersConfiguration.TomcatDataSourcePoolMetadataProviderConfiguration:
      Did not match:
         - @ConditionalOnClass did not find required class 'org.apache.tomcat.jdbc.pool.DataSource' (OnClassCondition)

   DataSourceTransactionManagerAutoConfiguration.JdbcTransactionManagerConfiguration#transactionManager:
      Did not match:
         - @ConditionalOnMissingBean (types: org.springframework.transaction.TransactionManager; SearchStrategy: all) found beans of type 'org.springframework.transaction.TransactionManager' transactionManager (OnBeanCondition)

   DispatcherServletAutoConfiguration.DispatcherServletConfiguration#multipartResolver:
      Did not match:
         - @ConditionalOnBean (types: org.springframework.web.multipart.MultipartResolver; SearchStrategy: all) did not find any beans of type org.springframework.web.multipart.MultipartResolver (OnBeanCondition)

   ElasticsearchClientAutoConfiguration:
      Did not match:
         - @ConditionalOnClass did not find required class 'co.elastic.clients.elasticsearch.ElasticsearchClient' (OnClassCondition)

   ElasticsearchDataAutoConfiguration:
      Did not match:
         - @ConditionalOnClass did not find required class 'org.springframework.data.elasticsearch.client.elc.ElasticsearchTemplate' (OnClassCondition)

   ElasticsearchRepositoriesAutoConfiguration:
      Did not match:
         - @ConditionalOnClass did not find required class 'org.springframework.data.elasticsearch.repository.ElasticsearchRepository' (OnClassCondition)

   ElasticsearchRestClientAutoConfiguration:
      Did not match:
         - @ConditionalOnClass did not find required class 'org.elasticsearch.client.RestClientBuilder' (OnClassCondition)

   EmbeddedLdapAutoConfiguration:
      Did not match:
         - @ConditionalOnClass did not find required class 'com.unboundid.ldap.listener.InMemoryDirectoryServer' (OnClassCondition)

   EmbeddedWebServerFactoryCustomizerAutoConfiguration:
      Did not match:
         - Application is deployed as a WAR file. (OnWarDeploymentCondition)
      Matched:
         - @ConditionalOnWebApplication (required) found 'session' scope (OnWebApplicationCondition)

   ErrorWebFluxAutoConfiguration:
      Did not match:
         - @ConditionalOnClass did not find required class 'org.springframework.web.reactive.config.WebFluxConfigurer' (OnClassCondition)

   FlywayAutoConfiguration:
      Did not match:
         - @ConditionalOnClass did not find required class 'org.flywaydb.core.Flyway' (OnClassCondition)

   FreeMarkerAutoConfiguration:
      Did not match:
         - @ConditionalOnClass did not find required class 'freemarker.template.Configuration' (OnClassCondition)

   GraphQlAutoConfiguration:
      Did not match:
         - @ConditionalOnClass did not find required class 'graphql.GraphQL' (OnClassCondition)

   GraphQlQueryByExampleAutoConfiguration:
      Did not match:
         - @ConditionalOnClass did not find required class 'graphql.GraphQL' (OnClassCondition)

   GraphQlQuerydslAutoConfiguration:
      Did not match:
         - @ConditionalOnClass did not find required class 'com.querydsl.core.Query' (OnClassCondition)

   GraphQlRSocketAutoConfiguration:
      Did not match:
         - @ConditionalOnClass did not find required class 'graphql.GraphQL' (OnClassCondition)

   GraphQlReactiveQueryByExampleAutoConfiguration:
      Did not match:
         - @ConditionalOnClass did not find required class 'graphql.GraphQL' (OnClassCondition)

   GraphQlReactiveQuerydslAutoConfiguration:
      Did not match:
         - @ConditionalOnClass did not find required class 'com.querydsl.core.Query' (OnClassCondition)

   GraphQlWebFluxAutoConfiguration:
      Did not match:
         - @ConditionalOnClass did not find required class 'graphql.GraphQL' (OnClassCondition)

   GraphQlWebFluxSecurityAutoConfiguration:
      Did not match:
         - @ConditionalOnClass did not find required class 'graphql.GraphQL' (OnClassCondition)

   GraphQlWebMvcAutoConfiguration:
      Did not match:
         - @ConditionalOnClass did not find required class 'graphql.GraphQL' (OnClassCondition)

   GraphQlWebMvcSecurityAutoConfiguration:
      Did not match:
         - @ConditionalOnClass did not find required class 'graphql.GraphQL' (OnClassCondition)

   GroovyTemplateAutoConfiguration:
      Did not match:
         - @ConditionalOnClass did not find required class 'groovy.text.markup.MarkupTemplateEngine' (OnClassCondition)

   GsonAutoConfiguration:
      Did not match:
         - @ConditionalOnClass did not find required class 'com.google.gson.Gson' (OnClassCondition)

   GsonHttpMessageConvertersConfiguration:
      Did not match:
         - @ConditionalOnClass did not find required class 'com.google.gson.Gson' (OnClassCondition)

   H2ConsoleAutoConfiguration:
      Did not match:
         - @ConditionalOnClass did not find required class 'org.h2.server.web.JakartaWebServlet' (OnClassCondition)

   HazelcastAutoConfiguration:
      Did not match:
         - @ConditionalOnClass did not find required class 'com.hazelcast.core.HazelcastInstance' (OnClassCondition)

   HazelcastCacheConfiguration:
      Did not match:
         - @ConditionalOnClass did not find required class 'com.hazelcast.core.HazelcastInstance' (OnClassCondition)

   HazelcastJpaDependencyAutoConfiguration:
      Did not match:
         - @ConditionalOnClass did not find required class 'com.hazelcast.core.HazelcastInstance' (OnClassCondition)

   HttpHandlerAutoConfiguration:
      Did not match:
         - @ConditionalOnClass did not find required class 'org.springframework.web.reactive.DispatcherHandler' (OnClassCondition)

   HypermediaAutoConfiguration:
      Did not match:
         - @ConditionalOnClass did not find required class 'org.springframework.hateoas.EntityModel' (OnClassCondition)

   InfinispanCacheConfiguration:
      Did not match:
         - @ConditionalOnClass did not find required class 'org.infinispan.spring.embedded.provider.SpringEmbeddedCacheManager' (OnClassCondition)

   IntegrationAutoConfiguration:
      Did not match:
         - @ConditionalOnClass did not find required class 'org.springframework.integration.config.EnableIntegration' (OnClassCondition)

   JCacheCacheConfiguration:
      Did not match:
         - @ConditionalOnClass did not find required class 'javax.cache.Caching' (OnClassCondition)

   JacksonHttpMessageConvertersConfiguration.MappingJackson2XmlHttpMessageConverterConfiguration:
      Did not match:
         - @ConditionalOnClass did not find required class 'com.fasterxml.jackson.dataformat.xml.XmlMapper' (OnClassCondition)

   JdbcRepositoriesAutoConfiguration:
      Did not match:
         - @ConditionalOnClass did not find required class 'org.springframework.data.jdbc.repository.config.AbstractJdbcConfiguration' (OnClassCondition)

   JerseyAutoConfiguration:
      Did not match:
         - @ConditionalOnClass did not find required class 'org.glassfish.jersey.server.spring.SpringComponentProvider' (OnClassCondition)

   JmsAutoConfiguration:
      Did not match:
         - @ConditionalOnClass did not find required class 'jakarta.jms.Message' (OnClassCondition)

   JmxAutoConfiguration:
      Did not match:
         - @ConditionalOnBooleanProperty (spring.jmx.enabled=true) found different value in property 'spring.jmx.enabled' (OnPropertyCondition)
      Matched:
         - @ConditionalOnClass found required class 'org.springframework.jmx.export.MBeanExporter' (OnClassCondition)

   JndiConnectionFactoryAutoConfiguration:
      Did not match:
         - @ConditionalOnClass did not find required class 'org.springframework.jms.core.JmsTemplate' (OnClassCondition)

   JndiDataSourceAutoConfiguration:
      Did not match:
         - @ConditionalOnProperty (spring.datasource.jndi-name) did not find property 'spring.datasource.jndi-name' (OnPropertyCondition)
      Matched:
         - @ConditionalOnClass found required classes 'javax.sql.DataSource', 'org.springframework.jdbc.datasource.embedded.EmbeddedDatabaseType' (OnClassCondition)

   JndiJtaConfiguration:
      Did not match:
         - @ConditionalOnJndi JNDI environment is not available (OnJndiCondition)
      Matched:
         - @ConditionalOnClass found required class 'org.springframework.transaction.jta.JtaTransactionManager' (OnClassCondition)

   JooqAutoConfiguration:
      Did not match:
         - @ConditionalOnClass did not find required class 'org.jooq.DSLContext' (OnClassCondition)

   JpaRepositoriesAutoConfiguration#entityManagerFactoryBootstrapExecutorCustomizer:
      Did not match:
         - AnyNestedCondition 0 matched 2 did not; NestedCondition on JpaRepositoriesAutoConfiguration.BootstrapExecutorCondition.LazyBootstrapMode @ConditionalOnProperty (spring.data.jpa.repositories.bootstrap-mode=lazy) did not find property 'spring.data.jpa.repositories.bootstrap-mode'; NestedCondition on JpaRepositoriesAutoConfiguration.BootstrapExecutorCondition.DeferredBootstrapMode @ConditionalOnProperty (spring.data.jpa.repositories.bootstrap-mode=deferred) did not find property 'spring.data.jpa.repositories.bootstrap-mode' (JpaRepositoriesAutoConfiguration.BootstrapExecutorCondition)

   JsonbAutoConfiguration:
      Did not match:
         - @ConditionalOnClass did not find required class 'jakarta.json.bind.Jsonb' (OnClassCondition)

   JsonbHttpMessageConvertersConfiguration:
      Did not match:
         - @ConditionalOnClass did not find required class 'jakarta.json.bind.Jsonb' (OnClassCondition)

   KafkaAutoConfiguration:
      Did not match:
         - @ConditionalOnClass did not find required class 'org.springframework.kafka.core.KafkaTemplate' (OnClassCondition)

   LdapAutoConfiguration:
      Did not match:
         - @ConditionalOnClass did not find required class 'org.springframework.ldap.core.ContextSource' (OnClassCondition)

   LdapRepositoriesAutoConfiguration:
      Did not match:
         - @ConditionalOnClass did not find required class 'org.springframework.data.ldap.repository.LdapRepository' (OnClassCondition)

   LiquibaseAutoConfiguration:
      Did not match:
         - @ConditionalOnClass did not find required class 'liquibase.change.DatabaseChange' (OnClassCondition)

   MailSenderAutoConfiguration:
      Did not match:
         - @ConditionalOnClass did not find required class 'jakarta.mail.internet.MimeMessage' (OnClassCondition)

   MailSenderValidatorAutoConfiguration:
      Did not match:
         - @ConditionalOnSingleCandidate did not find required type 'org.springframework.mail.javamail.JavaMailSenderImpl' (OnBeanCondition)

   MessageSourceAutoConfiguration:
      Did not match:
         - ResourceBundle did not find bundle with basename messages (MessageSourceAutoConfiguration.ResourceBundleCondition)

   MongoAutoConfiguration:
      Did not match:
         - @ConditionalOnClass did not find required class 'com.mongodb.client.MongoClient' (OnClassCondition)

   MongoDataAutoConfiguration:
      Did not match:
         - @ConditionalOnClass did not find required class 'com.mongodb.client.MongoClient' (OnClassCondition)

   MongoReactiveAutoConfiguration:
      Did not match:
         - @ConditionalOnClass did not find required class 'com.mongodb.reactivestreams.client.MongoClient' (OnClassCondition)

   MongoReactiveDataAutoConfiguration:
      Did not match:
         - @ConditionalOnClass did not find required class 'com.mongodb.reactivestreams.client.MongoClient' (OnClassCondition)

   MongoReactiveRepositoriesAutoConfiguration:
      Did not match:
         - @ConditionalOnClass did not find required class 'com.mongodb.reactivestreams.client.MongoClient' (OnClassCondition)

   MongoRepositoriesAutoConfiguration:
      Did not match:
         - @ConditionalOnClass did not find required class 'com.mongodb.client.MongoClient' (OnClassCondition)

   MustacheAutoConfiguration:
      Did not match:
         - @ConditionalOnClass did not find required class 'com.samskivert.mustache.Mustache' (OnClassCondition)

   Neo4jAutoConfiguration:
      Did not match:
         - @ConditionalOnClass did not find required class 'org.neo4j.driver.Driver' (OnClassCondition)

   Neo4jDataAutoConfiguration:
      Did not match:
         - @ConditionalOnClass did not find required class 'org.neo4j.driver.Driver' (OnClassCondition)

   Neo4jReactiveDataAutoConfiguration:
      Did not match:
         - @ConditionalOnClass did not find required class 'org.neo4j.driver.Driver' (OnClassCondition)

   Neo4jReactiveRepositoriesAutoConfiguration:
      Did not match:
         - @ConditionalOnClass did not find required class 'org.neo4j.driver.Driver' (OnClassCondition)

   Neo4jRepositoriesAutoConfiguration:
      Did not match:
         - @ConditionalOnClass did not find required class 'org.neo4j.driver.Driver' (OnClassCondition)

   NettyAutoConfiguration:
      Did not match:
         - @ConditionalOnClass did not find required class 'io.netty.util.NettyRuntime' (OnClassCondition)

   OAuth2AuthorizationServerAutoConfiguration:
      Did not match:
         - @ConditionalOnClass did not find required class 'org.springframework.security.oauth2.server.authorization.OAuth2Authorization' (OnClassCondition)

   OAuth2AuthorizationServerJwtAutoConfiguration:
      Did not match:
         - @ConditionalOnClass did not find required class 'com.nimbusds.jose.jwk.source.JWKSource' (OnClassCondition)

   OAuth2ClientAutoConfiguration:
      Did not match:
         - @ConditionalOnClass did not find required class 'org.springframework.security.oauth2.client.registration.ClientRegistration' (OnClassCondition)

   OAuth2ClientWebSecurityAutoConfiguration:
      Did not match:
         - @ConditionalOnClass did not find required class 'org.springframework.security.config.annotation.web.configuration.EnableWebSecurity' (OnClassCondition)

   OAuth2ResourceServerAutoConfiguration:
      Did not match:
         - @ConditionalOnClass did not find required class 'org.springframework.security.oauth2.server.resource.authentication.BearerTokenAuthenticationToken' (OnClassCondition)

   ProjectInfoAutoConfiguration#buildProperties:
      Did not match:
         - @ConditionalOnResource did not find resource '${spring.info.build.location:classpath:META-INF/build-info.properties}' (OnResourceCondition)

   ProjectInfoAutoConfiguration#gitProperties:
      Did not match:
         - GitResource did not find git info at classpath:git.properties (ProjectInfoAutoConfiguration.GitResourceAvailableCondition)

   PulsarAutoConfiguration:
      Did not match:
         - @ConditionalOnClass did not find required class 'org.apache.pulsar.client.api.PulsarClient' (OnClassCondition)

   PulsarReactiveAutoConfiguration:
      Did not match:
         - @ConditionalOnClass did not find required class 'org.apache.pulsar.client.api.PulsarClient' (OnClassCondition)

   QuartzAutoConfiguration:
      Did not match:
         - @ConditionalOnClass did not find required class 'org.quartz.Scheduler' (OnClassCondition)

   R2dbcAutoConfiguration:
      Did not match:
         - @ConditionalOnClass did not find required class 'io.r2dbc.spi.ConnectionFactory' (OnClassCondition)

   R2dbcDataAutoConfiguration:
      Did not match:
         - @ConditionalOnClass did not find required class 'org.springframework.data.r2dbc.core.R2dbcEntityTemplate' (OnClassCondition)

   R2dbcInitializationConfiguration:
      Did not match:
         - @ConditionalOnClass did not find required classes 'io.r2dbc.spi.ConnectionFactory', 'org.springframework.r2dbc.connection.init.DatabasePopulator' (OnClassCondition)

   R2dbcProxyAutoConfiguration:
      Did not match:
         - @ConditionalOnClass did not find required class 'io.r2dbc.proxy.ProxyConnectionFactory' (OnClassCondition)

   R2dbcRepositoriesAutoConfiguration:
      Did not match:
         - @ConditionalOnClass did not find required class 'io.r2dbc.spi.ConnectionFactory' (OnClassCondition)

   R2dbcTransactionManagerAutoConfiguration:
      Did not match:
         - @ConditionalOnClass did not find required class 'org.springframework.r2dbc.connection.R2dbcTransactionManager' (OnClassCondition)

   RSocketGraphQlClientAutoConfiguration:
      Did not match:
         - @ConditionalOnClass did not find required class 'graphql.GraphQL' (OnClassCondition)

   RSocketMessagingAutoConfiguration:
      Did not match:
         - @ConditionalOnClass did not find required class 'io.rsocket.RSocket' (OnClassCondition)

   RSocketRequesterAutoConfiguration:
      Did not match:
         - @ConditionalOnClass did not find required class 'io.rsocket.RSocket' (OnClassCondition)

   RSocketSecurityAutoConfiguration:
      Did not match:
         - @ConditionalOnClass did not find required class 'org.springframework.security.rsocket.core.SecuritySocketAcceptorInterceptor' (OnClassCondition)

   RSocketServerAutoConfiguration:
      Did not match:
         - @ConditionalOnClass did not find required class 'io.rsocket.core.RSocketServer' (OnClassCondition)

   RSocketStrategiesAutoConfiguration:
      Did not match:
         - @ConditionalOnClass did not find required class 'io.netty.buffer.PooledByteBufAllocator' (OnClassCondition)

   RabbitAutoConfiguration:
      Did not match:
         - @ConditionalOnClass did not find required class 'com.rabbitmq.client.Channel' (OnClassCondition)

   ReactiveElasticsearchClientAutoConfiguration:
      Did not match:
         - @ConditionalOnClass did not find required class 'co.elastic.clients.transport.ElasticsearchTransport' (OnClassCondition)

   ReactiveElasticsearchRepositoriesAutoConfiguration:
      Did not match:
         - @ConditionalOnClass did not find required class 'reactor.core.publisher.Mono' (OnClassCondition)

   ReactiveMultipartAutoConfiguration:
      Did not match:
         - @ConditionalOnClass did not find required class 'org.springframework.web.reactive.config.WebFluxConfigurer' (OnClassCondition)

   ReactiveOAuth2ClientAutoConfiguration:
      Did not match:
         - @ConditionalOnClass did not find required class 'reactor.core.publisher.Flux' (OnClassCondition)

   ReactiveOAuth2ClientWebSecurityAutoConfiguration:
      Did not match:
         - @ConditionalOnClass did not find required class 'reactor.core.publisher.Flux' (OnClassCondition)

   ReactiveOAuth2ResourceServerAutoConfiguration:
      Did not match:
         - @ConditionalOnClass did not find required class 'org.springframework.security.config.annotation.web.reactive.EnableWebFluxSecurity' (OnClassCondition)

   ReactiveSecurityAutoConfiguration:
      Did not match:
         - @ConditionalOnClass did not find required class 'reactor.core.publisher.Flux' (OnClassCondition)

   ReactiveUserDetailsServiceAutoConfiguration:
      Did not match:
         - @ConditionalOnClass did not find required class 'org.springframework.security.authentication.ReactiveAuthenticationManager' (OnClassCondition)

   ReactiveWebServerFactoryAutoConfiguration:
      Did not match:
         - @ConditionalOnWebApplication did not find reactive web application classes (OnWebApplicationCondition)

   ReactorAutoConfiguration:
      Did not match:
         - @ConditionalOnClass did not find required class 'reactor.core.publisher.Hooks' (OnClassCondition)

   RedisAutoConfiguration:
      Did not match:
         - @ConditionalOnClass did not find required class 'org.springframework.data.redis.core.RedisOperations' (OnClassCondition)

   RedisCacheConfiguration:
      Did not match:
         - @ConditionalOnClass did not find required class 'org.springframework.data.redis.connection.RedisConnectionFactory' (OnClassCondition)

   RedisReactiveAutoConfiguration:
      Did not match:
         - @ConditionalOnClass did not find required class 'reactor.core.publisher.Flux' (OnClassCondition)

   RedisRepositoriesAutoConfiguration:
      Did not match:
         - @ConditionalOnClass did not find required class 'org.springframework.data.redis.repository.configuration.EnableRedisRepositories' (OnClassCondition)

   RepositoryRestMvcAutoConfiguration:
      Did not match:
         - @ConditionalOnClass did not find required class 'org.springframework.data.rest.webmvc.config.RepositoryRestMvcConfiguration' (OnClassCondition)

   Saml2RelyingPartyAutoConfiguration:
      Did not match:
         - @ConditionalOnClass did not find required class 'org.springframework.security.saml2.provider.service.registration.RelyingPartyRegistrationRepository' (OnClassCondition)

   SecurityAutoConfiguration:
      Did not match:
         - @ConditionalOnClass did not find required class 'org.springframework.security.authentication.DefaultAuthenticationEventPublisher' (OnClassCondition)

   SecurityFilterAutoConfiguration:
      Did not match:
         - @ConditionalOnClass did not find required class 'org.springframework.security.config.http.SessionCreationPolicy' (OnClassCondition)

   SendGridAutoConfiguration:
      Did not match:
         - @ConditionalOnClass did not find required class 'com.sendgrid.SendGrid' (OnClassCondition)

   ServletWebServerFactoryAutoConfiguration.ForwardedHeaderFilterConfiguration:
      Did not match:
         - @ConditionalOnProperty (server.forward-headers-strategy=framework) did not find property 'server.forward-headers-strategy' (OnPropertyCondition)

   ServletWebServerFactoryConfiguration.EmbeddedJetty:
      Did not match:
         - @ConditionalOnClass did not find required classes 'org.eclipse.jetty.server.Server', 'org.eclipse.jetty.util.Loader', 'org.eclipse.jetty.ee10.webapp.WebAppContext' (OnClassCondition)

   ServletWebServerFactoryConfiguration.EmbeddedUndertow:
      Did not match:
         - @ConditionalOnClass did not find required classes 'io.undertow.Undertow', 'org.xnio.SslClientAuthMode' (OnClassCondition)

   SessionAutoConfiguration:
      Did not match:
         - @ConditionalOnClass did not find required class 'org.springframework.session.Session' (OnClassCondition)

   SpringApplicationAdminJmxAutoConfiguration:
      Did not match:
         - @ConditionalOnBooleanProperty (spring.application.admin.enabled=true) did not find property 'spring.application.admin.enabled' (OnPropertyCondition)

   TaskExecutorConfigurations.SimpleAsyncTaskExecutorBuilderConfiguration#simpleAsyncTaskExecutorBuilderVirtualThreads:
      Did not match:
         - @ConditionalOnMissingBean (types: org.springframework.boot.task.SimpleAsyncTaskExecutorBuilder; SearchStrategy: all) found beans of type 'org.springframework.boot.task.SimpleAsyncTaskExecutorBuilder' simpleAsyncTaskExecutorBuilder (OnBeanCondition)

   TaskExecutorConfigurations.TaskExecutorConfiguration#applicationTaskExecutorVirtualThreads:
      Did not match:
         - @ConditionalOnThreading did not find VIRTUAL (OnThreadingCondition)

   TaskSchedulingAutoConfiguration#scheduledBeanLazyInitializationExcludeFilter:
      Did not match:
         - @ConditionalOnBean (names: org.springframework.context.annotation.internalScheduledAnnotationProcessor; SearchStrategy: all) did not find any beans named org.springframework.context.annotation.internalScheduledAnnotationProcessor (OnBeanCondition)

   TaskSchedulingConfigurations.SimpleAsyncTaskSchedulerBuilderConfiguration#simpleAsyncTaskSchedulerBuilderVirtualThreads:
      Did not match:
         - @ConditionalOnMissingBean (types: org.springframework.boot.task.SimpleAsyncTaskSchedulerBuilder; SearchStrategy: all) found beans of type 'org.springframework.boot.task.SimpleAsyncTaskSchedulerBuilder' simpleAsyncTaskSchedulerBuilder (OnBeanCondition)

   TaskSchedulingConfigurations.TaskSchedulerConfiguration:
      Did not match:
         - @ConditionalOnBean (names: org.springframework.context.annotation.internalScheduledAnnotationProcessor; SearchStrategy: all) did not find any beans named org.springframework.context.annotation.internalScheduledAnnotationProcessor (OnBeanCondition)

   ThymeleafAutoConfiguration:
      Did not match:
         - @ConditionalOnClass did not find required class 'org.thymeleaf.spring6.SpringTemplateEngine' (OnClassCondition)

   TransactionAutoConfiguration#transactionalOperator:
      Did not match:
         - @ConditionalOnSingleCandidate (types: org.springframework.transaction.ReactiveTransactionManager; SearchStrategy: all) did not find any beans (OnBeanCondition)

   TransactionAutoConfiguration.AspectJTransactionManagementConfiguration:
      Did not match:
         - @ConditionalOnBean (types: org.springframework.transaction.aspectj.AbstractTransactionAspect; SearchStrategy: all) did not find any beans of type org.springframework.transaction.aspectj.AbstractTransactionAspect (OnBeanCondition)

   TransactionAutoConfiguration.EnableTransactionManagementConfiguration.JdkDynamicAutoProxyConfiguration:
      Did not match:
         - @ConditionalOnBooleanProperty (spring.aop.proxy-target-class=false) did not find property 'spring.aop.proxy-target-class' (OnPropertyCondition)

   UserDetailsServiceAutoConfiguration:
      Did not match:
         - @ConditionalOnClass did not find required class 'org.springframework.security.authentication.AuthenticationManager' (OnClassCondition)

   WebClientAutoConfiguration:
      Did not match:
         - @ConditionalOnClass did not find required class 'org.springframework.web.reactive.function.client.WebClient' (OnClassCondition)

   WebFluxAutoConfiguration:
      Did not match:
         - @ConditionalOnClass did not find required class 'org.springframework.web.reactive.config.WebFluxConfigurer' (OnClassCondition)

   WebMvcAutoConfiguration#hiddenHttpMethodFilter:
      Did not match:
         - @ConditionalOnBooleanProperty (spring.mvc.hiddenmethod.filter.enabled=true) did not find property 'spring.mvc.hiddenmethod.filter.enabled' (OnPropertyCondition)

   WebMvcAutoConfiguration.ProblemDetailsErrorHandlingConfiguration:
      Did not match:
         - @ConditionalOnBooleanProperty (spring.mvc.problemdetails.enabled=true) did not find property 'spring.mvc.problemdetails.enabled' (OnPropertyCondition)

   WebMvcAutoConfiguration.ResourceChainCustomizerConfiguration:
      Did not match:
         - @ConditionalOnEnabledResourceChain did not find class org.webjars.WebJarVersionLocator (OnEnabledResourceChainCondition)

   WebMvcAutoConfiguration.WebMvcAutoConfigurationAdapter#beanNameViewResolver:
      Did not match:
         - @ConditionalOnMissingBean (types: org.springframework.web.servlet.view.BeanNameViewResolver; SearchStrategy: all) found beans of type 'org.springframework.web.servlet.view.BeanNameViewResolver' beanNameViewResolver (OnBeanCondition)

   WebServiceTemplateAutoConfiguration:
      Did not match:
         - @ConditionalOnClass did not find required class 'org.springframework.oxm.Marshaller' (OnClassCondition)

   WebServicesAutoConfiguration:
      Did not match:
         - @ConditionalOnClass did not find required class 'org.springframework.ws.transport.http.MessageDispatcherServlet' (OnClassCondition)

   WebSessionIdResolverAutoConfiguration:
      Did not match:
         - @ConditionalOnClass did not find required class 'reactor.core.publisher.Mono' (OnClassCondition)

   WebSocketMessagingAutoConfiguration:
      Did not match:
         - @ConditionalOnClass did not find required class 'org.springframework.web.socket.config.annotation.WebSocketMessageBrokerConfigurer' (OnClassCondition)

   WebSocketReactiveAutoConfiguration:
      Did not match:
         - @ConditionalOnWebApplication did not find reactive web application classes (OnWebApplicationCondition)

   WebSocketServletAutoConfiguration.JettyWebSocketConfiguration:
      Did not match:
         - @ConditionalOnClass did not find required class 'org.eclipse.jetty.ee10.websocket.jakarta.server.config.JakartaWebSocketServletContainerInitializer' (OnClassCondition)

   WebSocketServletAutoConfiguration.UndertowWebSocketConfiguration:
      Did not match:
         - @ConditionalOnClass did not find required class 'io.undertow.websockets.jsr.Bootstrap' (OnClassCondition)

   XADataSourceAutoConfiguration:
      Did not match:
         - @ConditionalOnBean (types: org.springframework.boot.jdbc.XADataSourceWrapper; SearchStrategy: all) did not find any beans of type org.springframework.boot.jdbc.XADataSourceWrapper (OnBeanCondition)
      Matched:
         - @ConditionalOnClass found required classes 'javax.sql.DataSource', 'jakarta.transaction.TransactionManager', 'org.springframework.jdbc.datasource.embedded.EmbeddedDatabaseType' (OnClassCondition)


Exclusions:
-----------

    None


Unconditional classes:
----------------------

    org.springframework.boot.autoconfigure.context.ConfigurationPropertiesAutoConfiguration

    org.springframework.boot.autoconfigure.ssl.SslAutoConfiguration

    org.springframework.boot.autoconfigure.context.LifecycleAutoConfiguration

    org.springframework.boot.autoconfigure.context.PropertyPlaceholderAutoConfiguration

    org.springframework.boot.autoconfigure.availability.ApplicationAvailabilityAutoConfiguration

    org.springframework.boot.autoconfigure.info.ProjectInfoAutoConfiguration



2025-08-23T21:03:53.942+06:30  INFO 22317 --- [student-platform] [           main] s.s.StudentPlatformApplicationTests      : Started StudentPlatformApplicationTests in 2.895 seconds (process running for 3.357)
2025-08-23T21:03:53.943+06:30 DEBUG 22317 --- [student-platform] [           main] o.s.b.a.ApplicationAvailabilityBean      : Application availability state LivenessState changed to CORRECT
2025-08-23T21:03:53.947+06:30 DEBUG 22317 --- [student-platform] [           main] o.s.orm.jpa.JpaTransactionManager        : Creating new transaction with name [org.springframework.data.jpa.repository.support.SimpleJpaRepository.count]: PROPAGATION_REQUIRED,ISOLATION_DEFAULT,readOnly
2025-08-23T21:03:53.947+06:30 DEBUG 22317 --- [student-platform] [           main] o.s.orm.jpa.JpaTransactionManager        : Opened new EntityManager [SessionImpl(352926996<open>)] for JPA transaction
2025-08-23T21:03:53.949+06:30 DEBUG 22317 --- [student-platform] [           main] o.s.jdbc.datasource.DataSourceUtils      : Setting JDBC Connection [HikariProxyConnection@148262967 wrapping com.mysql.cj.jdbc.ConnectionImpl@7c226095] read-only
2025-08-23T21:03:53.950+06:30 DEBUG 22317 --- [student-platform] [           main] o.s.orm.jpa.JpaTransactionManager        : Exposing JPA transaction as JDBC [org.springframework.orm.jpa.vendor.HibernateJpaDialect$HibernateConnectionHandle@692ff367]
Hibernate: select count(*) from students s1_0
2025-08-23T21:03:53.985+06:30 DEBUG 22317 --- [student-platform] [           main] o.s.orm.jpa.JpaTransactionManager        : Initiating transaction commit
2025-08-23T21:03:53.986+06:30 DEBUG 22317 --- [student-platform] [           main] o.s.orm.jpa.JpaTransactionManager        : Committing JPA transaction on EntityManager [SessionImpl(352926996<open>)]
2025-08-23T21:03:53.987+06:30 DEBUG 22317 --- [student-platform] [           main] o.s.jdbc.datasource.DataSourceUtils      : Resetting read-only flag of JDBC Connection [HikariProxyConnection@148262967 wrapping com.mysql.cj.jdbc.ConnectionImpl@7c226095]
2025-08-23T21:03:53.988+06:30 DEBUG 22317 --- [student-platform] [           main] o.s.orm.jpa.JpaTransactionManager        : Closing JPA EntityManager [SessionImpl(352926996<open>)] after transaction
Database already has data, skipping initialization
2025-08-23T21:03:53.988+06:30 DEBUG 22317 --- [student-platform] [           main] o.s.b.a.ApplicationAvailabilityBean      : Application availability state ReadinessState changed to ACCEPTING_TRAFFIC
2025-08-23T21:03:53.989+06:30 DEBUG 22317 --- [student-platform] [           main] org.springframework.test.context.cache   : Spring test ApplicationContext cache statistics: [DefaultContextCache@4694dfd size = 1, maxSize = 32, parentContextCount = 0, hitCount = 0, missCount = 1, failureCount = 0]
2025-08-23T21:03:53.989+06:30 DEBUG 22317 --- [student-platform] [           main] o.s.t.c.w.ServletTestExecutionListener   : Setting up MockHttpServletRequest, MockHttpServletResponse, ServletWebRequest, and RequestContextHolder for test class studentplatform.student_platform.StudentPlatformApplicationTests
2025-08-23T21:03:53.993+06:30 DEBUG 22317 --- [student-platform] [           main] DependencyInjectionTestExecutionListener : Performing dependency injection for test class studentplatform.student_platform.StudentPlatformApplicationTests
2025-08-23T21:03:53.993+06:30 DEBUG 22317 --- [student-platform] [           main] org.springframework.test.context.cache   : Spring test ApplicationContext cache statistics: [DefaultContextCache@4694dfd size = 1, maxSize = 32, parentContextCount = 0, hitCount = 1, missCount = 1, failureCount = 0]
2025-08-23T21:03:53.994+06:30 DEBUG 22317 --- [student-platform] [           main] org.springframework.test.context.cache   : Spring test ApplicationContext cache statistics: [DefaultContextCache@4694dfd size = 1, maxSize = 32, parentContextCount = 0, hitCount = 2, missCount = 1, failureCount = 0]
2025-08-23T21:03:53.996+06:30 DEBUG 22317 --- [student-platform] [           main] sContextBeforeModesTestExecutionListener : Before test method: class [StudentPlatformApplicationTests], method [testDatabaseConnection], class annotated with @DirtiesContext [false] with mode [null], method annotated with @DirtiesContext [false] with mode [null]
2025-08-23T21:03:53.997+06:30 DEBUG 22317 --- [student-platform] [           main] org.springframework.test.context.cache   : Spring test ApplicationContext cache statistics: [DefaultContextCache@4694dfd size = 1, maxSize = 32, parentContextCount = 0, hitCount = 3, missCount = 1, failureCount = 0]
2025-08-23T21:03:53.997+06:30 DEBUG 22317 --- [student-platform] [           main] org.springframework.test.context.cache   : Spring test ApplicationContext cache statistics: [DefaultContextCache@4694dfd size = 1, maxSize = 32, parentContextCount = 0, hitCount = 4, missCount = 1, failureCount = 0]
2025-08-23T21:03:54.293+06:30 DEBUG 22317 --- [student-platform] [           main] org.springframework.test.context.cache   : Spring test ApplicationContext cache statistics: [DefaultContextCache@4694dfd size = 1, maxSize = 32, parentContextCount = 0, hitCount = 5, missCount = 1, failureCount = 0]
2025-08-23T21:03:54.295+06:30 DEBUG 22317 --- [student-platform] [           main] org.springframework.test.context.cache   : Spring test ApplicationContext cache statistics: [DefaultContextCache@4694dfd size = 1, maxSize = 32, parentContextCount = 0, hitCount = 6, missCount = 1, failureCount = 0]
2025-08-23T21:03:54.298+06:30 DEBUG 22317 --- [student-platform] [           main] o.s.jdbc.core.JdbcTemplate               : Executing SQL query [SELECT 1]
2025-08-23T21:03:54.298+06:30 DEBUG 22317 --- [student-platform] [           main] o.s.jdbc.datasource.DataSourceUtils      : Fetching JDBC Connection from DataSource
2025-08-23T21:03:54.303+06:30 DEBUG 22317 --- [student-platform] [           main] org.springframework.test.context.cache   : Spring test ApplicationContext cache statistics: [DefaultContextCache@4694dfd size = 1, maxSize = 32, parentContextCount = 0, hitCount = 7, missCount = 1, failureCount = 0]
2025-08-23T21:03:54.303+06:30 DEBUG 22317 --- [student-platform] [           main] org.springframework.test.context.cache   : Spring test ApplicationContext cache statistics: [DefaultContextCache@4694dfd size = 1, maxSize = 32, parentContextCount = 0, hitCount = 8, missCount = 1, failureCount = 0]
2025-08-23T21:03:54.304+06:30 DEBUG 22317 --- [student-platform] [           main] org.springframework.test.context.cache   : Spring test ApplicationContext cache statistics: [DefaultContextCache@4694dfd size = 1, maxSize = 32, parentContextCount = 0, hitCount = 9, missCount = 1, failureCount = 0]
2025-08-23T21:03:54.304+06:30 DEBUG 22317 --- [student-platform] [           main] org.springframework.test.context.cache   : Spring test ApplicationContext cache statistics: [DefaultContextCache@4694dfd size = 1, maxSize = 32, parentContextCount = 0, hitCount = 10, missCount = 1, failureCount = 0]
2025-08-23T21:03:54.304+06:30 DEBUG 22317 --- [student-platform] [           main] org.springframework.test.context.cache   : Spring test ApplicationContext cache statistics: [DefaultContextCache@4694dfd size = 1, maxSize = 32, parentContextCount = 0, hitCount = 11, missCount = 1, failureCount = 0]
2025-08-23T21:03:54.305+06:30 DEBUG 22317 --- [student-platform] [           main] org.springframework.test.context.cache   : Spring test ApplicationContext cache statistics: [DefaultContextCache@4694dfd size = 1, maxSize = 32, parentContextCount = 0, hitCount = 12, missCount = 1, failureCount = 0]
2025-08-23T21:03:54.306+06:30 DEBUG 22317 --- [student-platform] [           main] org.springframework.test.context.cache   : Spring test ApplicationContext cache statistics: [DefaultContextCache@4694dfd size = 1, maxSize = 32, parentContextCount = 0, hitCount = 13, missCount = 1, failureCount = 0]
2025-08-23T21:03:54.306+06:30 DEBUG 22317 --- [student-platform] [           main] .c.s.DirtiesContextTestExecutionListener : After test method: class [StudentPlatformApplicationTests], method [testDatabaseConnection], class annotated with @DirtiesContext [false] with mode [null], method annotated with @DirtiesContext [false] with mode [null]
2025-08-23T21:03:54.306+06:30 DEBUG 22317 --- [student-platform] [           main] o.s.t.c.w.ServletTestExecutionListener   : Resetting RequestContextHolder for test class studentplatform.student_platform.StudentPlatformApplicationTests
]]></system-out>
    <system-err><![CDATA[Mockito is currently self-attaching to enable the inline-mock-maker. This will no longer work in future releases of the JDK. Please add Mockito as an agent to your build as described in Mockito's documentation: https://javadoc.io/doc/org.mockito/mockito-core/latest/org.mockito/org/mockito/Mockito.html#0.3
WARNING: A Java agent has been loaded dynamically (/Users/heinhtetzaw/.m2/repository/net/bytebuddy/byte-buddy-agent/1.17.6/byte-buddy-agent-1.17.6.jar)
WARNING: If a serviceability tool is in use, please run with -XX:+EnableDynamicAgentLoading to hide this warning
WARNING: If a serviceability tool is not in use, please run with -Djdk.instrument.traceUsage for more information
WARNING: Dynamic loading of agents will be disallowed by default in a future release
]]></system-err>
  </testcase>
  <testcase name="contextLoads" classname="studentplatform.student_platform.StudentPlatformApplicationTests" time="0.003">
    <system-out><![CDATA[2025-08-23T21:03:54.309+06:30 DEBUG 22317 --- [student-platform] [           main] org.springframework.test.context.cache   : Spring test ApplicationContext cache statistics: [DefaultContextCache@4694dfd size = 1, maxSize = 32, parentContextCount = 0, hitCount = 14, missCount = 1, failureCount = 0]
2025-08-23T21:03:54.309+06:30 DEBUG 22317 --- [student-platform] [           main] o.s.t.c.w.ServletTestExecutionListener   : Setting up MockHttpServletRequest, MockHttpServletResponse, ServletWebRequest, and RequestContextHolder for test class studentplatform.student_platform.StudentPlatformApplicationTests
2025-08-23T21:03:54.309+06:30 DEBUG 22317 --- [student-platform] [           main] DependencyInjectionTestExecutionListener : Performing dependency injection for test class studentplatform.student_platform.StudentPlatformApplicationTests
2025-08-23T21:03:54.310+06:30 DEBUG 22317 --- [student-platform] [           main] org.springframework.test.context.cache   : Spring test ApplicationContext cache statistics: [DefaultContextCache@4694dfd size = 1, maxSize = 32, parentContextCount = 0, hitCount = 15, missCount = 1, failureCount = 0]
2025-08-23T21:03:54.310+06:30 DEBUG 22317 --- [student-platform] [           main] org.springframework.test.context.cache   : Spring test ApplicationContext cache statistics: [DefaultContextCache@4694dfd size = 1, maxSize = 32, parentContextCount = 0, hitCount = 16, missCount = 1, failureCount = 0]
2025-08-23T21:03:54.310+06:30 DEBUG 22317 --- [student-platform] [           main] sContextBeforeModesTestExecutionListener : Before test method: class [StudentPlatformApplicationTests], method [contextLoads], class annotated with @DirtiesContext [false] with mode [null], method annotated with @DirtiesContext [false] with mode [null]
2025-08-23T21:03:54.310+06:30 DEBUG 22317 --- [student-platform] [           main] org.springframework.test.context.cache   : Spring test ApplicationContext cache statistics: [DefaultContextCache@4694dfd size = 1, maxSize = 32, parentContextCount = 0, hitCount = 17, missCount = 1, failureCount = 0]
2025-08-23T21:03:54.311+06:30 DEBUG 22317 --- [student-platform] [           main] org.springframework.test.context.cache   : Spring test ApplicationContext cache statistics: [DefaultContextCache@4694dfd size = 1, maxSize = 32, parentContextCount = 0, hitCount = 18, missCount = 1, failureCount = 0]
2025-08-23T21:03:54.311+06:30 DEBUG 22317 --- [student-platform] [           main] org.springframework.test.context.cache   : Spring test ApplicationContext cache statistics: [DefaultContextCache@4694dfd size = 1, maxSize = 32, parentContextCount = 0, hitCount = 19, missCount = 1, failureCount = 0]
2025-08-23T21:03:54.312+06:30 DEBUG 22317 --- [student-platform] [           main] org.springframework.test.context.cache   : Spring test ApplicationContext cache statistics: [DefaultContextCache@4694dfd size = 1, maxSize = 32, parentContextCount = 0, hitCount = 20, missCount = 1, failureCount = 0]
2025-08-23T21:03:54.312+06:30 DEBUG 22317 --- [student-platform] [           main] org.springframework.test.context.cache   : Spring test ApplicationContext cache statistics: [DefaultContextCache@4694dfd size = 1, maxSize = 32, parentContextCount = 0, hitCount = 21, missCount = 1, failureCount = 0]
2025-08-23T21:03:54.312+06:30 DEBUG 22317 --- [student-platform] [           main] org.springframework.test.context.cache   : Spring test ApplicationContext cache statistics: [DefaultContextCache@4694dfd size = 1, maxSize = 32, parentContextCount = 0, hitCount = 22, missCount = 1, failureCount = 0]
2025-08-23T21:03:54.312+06:30 DEBUG 22317 --- [student-platform] [           main] org.springframework.test.context.cache   : Spring test ApplicationContext cache statistics: [DefaultContextCache@4694dfd size = 1, maxSize = 32, parentContextCount = 0, hitCount = 23, missCount = 1, failureCount = 0]
2025-08-23T21:03:54.312+06:30 DEBUG 22317 --- [student-platform] [           main] org.springframework.test.context.cache   : Spring test ApplicationContext cache statistics: [DefaultContextCache@4694dfd size = 1, maxSize = 32, parentContextCount = 0, hitCount = 24, missCount = 1, failureCount = 0]
2025-08-23T21:03:54.312+06:30 DEBUG 22317 --- [student-platform] [           main] org.springframework.test.context.cache   : Spring test ApplicationContext cache statistics: [DefaultContextCache@4694dfd size = 1, maxSize = 32, parentContextCount = 0, hitCount = 25, missCount = 1, failureCount = 0]
2025-08-23T21:03:54.312+06:30 DEBUG 22317 --- [student-platform] [           main] org.springframework.test.context.cache   : Spring test ApplicationContext cache statistics: [DefaultContextCache@4694dfd size = 1, maxSize = 32, parentContextCount = 0, hitCount = 26, missCount = 1, failureCount = 0]
2025-08-23T21:03:54.313+06:30 DEBUG 22317 --- [student-platform] [           main] org.springframework.test.context.cache   : Spring test ApplicationContext cache statistics: [DefaultContextCache@4694dfd size = 1, maxSize = 32, parentContextCount = 0, hitCount = 27, missCount = 1, failureCount = 0]
2025-08-23T21:03:54.313+06:30 DEBUG 22317 --- [student-platform] [           main] .c.s.DirtiesContextTestExecutionListener : After test method: class [StudentPlatformApplicationTests], method [contextLoads], class annotated with @DirtiesContext [false] with mode [null], method annotated with @DirtiesContext [false] with mode [null]
2025-08-23T21:03:54.313+06:30 DEBUG 22317 --- [student-platform] [           main] o.s.t.c.w.ServletTestExecutionListener   : Resetting RequestContextHolder for test class studentplatform.student_platform.StudentPlatformApplicationTests
]]></system-out>
  </testcase>
</testsuite>